{"/Users/book/Desktop/projects/Andela/BookAMeal/server/tests/integration/auth/index.spec.js":{"path":"/Users/book/Desktop/projects/Andela/BookAMeal/server/tests/integration/auth/index.spec.js","statementMap":{"0":{"start":{"line":10,"column":0},"end":{"line":42,"column":3}},"1":{"start":{"line":11,"column":2},"end":{"line":25,"column":5}},"2":{"start":{"line":12,"column":4},"end":{"line":17,"column":7}},"3":{"start":{"line":13,"column":6},"end":{"line":13,"column":81}},"4":{"start":{"line":14,"column":6},"end":{"line":14,"column":77}},"5":{"start":{"line":15,"column":6},"end":{"line":15,"column":43}},"6":{"start":{"line":16,"column":6},"end":{"line":16,"column":38}},"7":{"start":{"line":19,"column":4},"end":{"line":24,"column":7}},"8":{"start":{"line":20,"column":6},"end":{"line":20,"column":135}},"9":{"start":{"line":21,"column":6},"end":{"line":21,"column":75}},"10":{"start":{"line":22,"column":6},"end":{"line":22,"column":43}},"11":{"start":{"line":23,"column":6},"end":{"line":23,"column":62}},"12":{"start":{"line":27,"column":2},"end":{"line":41,"column":5}},"13":{"start":{"line":28,"column":4},"end":{"line":33,"column":7}},"14":{"start":{"line":29,"column":6},"end":{"line":29,"column":67}},"15":{"start":{"line":30,"column":6},"end":{"line":30,"column":76}},"16":{"start":{"line":31,"column":6},"end":{"line":31,"column":43}},"17":{"start":{"line":32,"column":6},"end":{"line":32,"column":38}},"18":{"start":{"line":35,"column":4},"end":{"line":40,"column":7}},"19":{"start":{"line":36,"column":6},"end":{"line":36,"column":79}},"20":{"start":{"line":37,"column":6},"end":{"line":37,"column":74}},"21":{"start":{"line":38,"column":6},"end":{"line":38,"column":43}},"22":{"start":{"line":39,"column":6},"end":{"line":39,"column":37}}},"fnMap":{"0":{"name":"(anonymous_0)","decl":{"start":{"line":10,"column":40},"end":{"line":10,"column":41}},"loc":{"start":{"line":10,"column":46},"end":{"line":42,"column":1}},"line":10},"1":{"name":"(anonymous_1)","decl":{"start":{"line":11,"column":28},"end":{"line":11,"column":29}},"loc":{"start":{"line":11,"column":34},"end":{"line":25,"column":3}},"line":11},"2":{"name":"(anonymous_2)","decl":{"start":{"line":12,"column":35},"end":{"line":12,"column":36}},"loc":{"start":{"line":12,"column":47},"end":{"line":17,"column":5}},"line":12},"3":{"name":"(anonymous_3)","decl":{"start":{"line":19,"column":70},"end":{"line":19,"column":71}},"loc":{"start":{"line":19,"column":82},"end":{"line":24,"column":5}},"line":19},"4":{"name":"(anonymous_4)","decl":{"start":{"line":27,"column":34},"end":{"line":27,"column":35}},"loc":{"start":{"line":27,"column":40},"end":{"line":41,"column":3}},"line":27},"5":{"name":"(anonymous_5)","decl":{"start":{"line":28,"column":59},"end":{"line":28,"column":60}},"loc":{"start":{"line":28,"column":71},"end":{"line":33,"column":5}},"line":28},"6":{"name":"(anonymous_6)","decl":{"start":{"line":35,"column":73},"end":{"line":35,"column":74}},"loc":{"start":{"line":35,"column":85},"end":{"line":40,"column":5}},"line":35}},"branchMap":{},"s":{"0":1,"1":1,"2":1,"3":1,"4":1,"5":1,"6":1,"7":1,"8":1,"9":1,"10":1,"11":1,"12":1,"13":1,"14":1,"15":1,"16":1,"17":1,"18":1,"19":1,"20":1,"21":1,"22":1},"f":{"0":1,"1":1,"2":1,"3":1,"4":1,"5":1,"6":1},"b":{},"_coverageSchema":"332fd63041d2c1bcb487cc26dd0d5f7d97098a6c","hash":"99f2da8a6aa67437b043dfa733f2dbe800b8b952","contentHash":"7f12a1a7ed7937d04671c319ea127456_11.7.1"},"/Users/book/Desktop/projects/Andela/BookAMeal/server/index.js":{"path":"/Users/book/Desktop/projects/Andela/BookAMeal/server/index.js","statementMap":{"0":{"start":{"line":9,"column":0},"end":{"line":9,"column":16}},"1":{"start":{"line":11,"column":13},"end":{"line":11,"column":37}},"2":{"start":{"line":12,"column":12},"end":{"line":12,"column":21}},"3":{"start":{"line":14,"column":0},"end":{"line":14,"column":30}},"4":{"start":{"line":21,"column":0},"end":{"line":35,"column":5}},"5":{"start":{"line":27,"column":25},"end":{"line":27,"column":67}},"6":{"start":{"line":29,"column":4},"end":{"line":34,"column":5}},"7":{"start":{"line":31,"column":6},"end":{"line":31,"column":63}},"8":{"start":{"line":33,"column":6},"end":{"line":33,"column":69}}},"fnMap":{"0":{"name":"(anonymous_0)","decl":{"start":{"line":27,"column":13},"end":{"line":27,"column":14}},"loc":{"start":{"line":27,"column":25},"end":{"line":27,"column":67}},"line":27},"1":{"name":"(anonymous_1)","decl":{"start":{"line":28,"column":16},"end":{"line":28,"column":17}},"loc":{"start":{"line":28,"column":22},"end":{"line":35,"column":3}},"line":28}},"branchMap":{"0":{"loc":{"start":{"line":11,"column":13},"end":{"line":11,"column":37}},"type":"binary-expr","locations":[{"start":{"line":11,"column":13},"end":{"line":11,"column":29}},{"start":{"line":11,"column":33},"end":{"line":11,"column":37}}],"line":11},"1":{"loc":{"start":{"line":29,"column":4},"end":{"line":34,"column":5}},"type":"if","locations":[{"start":{"line":29,"column":4},"end":{"line":34,"column":5}},{"start":{"line":29,"column":4},"end":{"line":34,"column":5}}],"line":29}},"s":{"0":1,"1":1,"2":1,"3":1,"4":1,"5":0,"6":1,"7":0,"8":1},"f":{"0":0,"1":1},"b":{"0":[1,1],"1":[0,1]},"_coverageSchema":"332fd63041d2c1bcb487cc26dd0d5f7d97098a6c","hash":"b999e9b443f3bf65a2c291be0e6c226b95738465","contentHash":"c861baee19b6bb06479899ba25f3931a_11.7.1"},"/Users/book/Desktop/projects/Andela/BookAMeal/server/api.js":{"path":"/Users/book/Desktop/projects/Andela/BookAMeal/server/api.js","statementMap":{"0":{"start":{"line":11,"column":12},"end":{"line":11,"column":20}},"1":{"start":{"line":13,"column":0},"end":{"line":20,"column":26}},"2":{"start":{"line":14,"column":35},"end":{"line":14,"column":57}},"3":{"start":{"line":23,"column":0},"end":{"line":23,"column":84}},"4":{"start":{"line":23,"column":22},"end":{"line":23,"column":82}}},"fnMap":{"0":{"name":"(anonymous_0)","decl":{"start":{"line":14,"column":21},"end":{"line":14,"column":22}},"loc":{"start":{"line":14,"column":35},"end":{"line":14,"column":57}},"line":14},"1":{"name":"(anonymous_1)","decl":{"start":{"line":23,"column":8},"end":{"line":23,"column":9}},"loc":{"start":{"line":23,"column":22},"end":{"line":23,"column":82}},"line":23}},"branchMap":{},"s":{"0":1,"1":1,"2":0,"3":1,"4":0},"f":{"0":0,"1":0},"b":{},"_coverageSchema":"332fd63041d2c1bcb487cc26dd0d5f7d97098a6c","hash":"a3ba201f686d5397741a2a2d6763f514893e49f4","contentHash":"74dff8cb2c59845bbab23e989a232d43_11.7.1"},"/Users/book/Desktop/projects/Andela/BookAMeal/server/routes/auth.js":{"path":"/Users/book/Desktop/projects/Andela/BookAMeal/server/routes/auth.js","statementMap":{"0":{"start":{"line":7,"column":15},"end":{"line":7,"column":23}},"1":{"start":{"line":9,"column":0},"end":{"line":9,"column":133}},"2":{"start":{"line":11,"column":0},"end":{"line":11,"column":108}}},"fnMap":{},"branchMap":{},"s":{"0":1,"1":1,"2":1},"f":{},"b":{},"_coverageSchema":"332fd63041d2c1bcb487cc26dd0d5f7d97098a6c","hash":"319e003c66ab726b8c17e730f94e2be1e9bb02a4","contentHash":"47dc03f703563ab8be1b992e6f130fa1_11.7.1"},"/Users/book/Desktop/projects/Andela/BookAMeal/server/middlewares/auth/index.js":{"path":"/Users/book/Desktop/projects/Andela/BookAMeal/server/middlewares/auth/index.js","statementMap":{"0":{"start":{"line":4,"column":23},"end":{"line":4,"column":43}},"1":{"start":{"line":5,"column":0},"end":{"line":5,"column":36}}},"fnMap":{},"branchMap":{},"s":{"0":1,"1":1},"f":{},"b":{},"_coverageSchema":"332fd63041d2c1bcb487cc26dd0d5f7d97098a6c","hash":"6ab2fd43486650d6b89027457657ab2665ff3143","contentHash":"29555f1ba64380322f1774d80a607db9_11.7.1"},"/Users/book/Desktop/projects/Andela/BookAMeal/server/middlewares/base-middleware.js":{"path":"/Users/book/Desktop/projects/Andela/BookAMeal/server/middlewares/base-middleware.js","statementMap":{"0":{"start":{"line":6,"column":17},"end":{"line":6,"column":23}},"1":{"start":{"line":20,"column":17},"end":{"line":20,"column":38}},"2":{"start":{"line":21,"column":4},"end":{"line":32,"column":5}},"3":{"start":{"line":22,"column":6},"end":{"line":30,"column":7}},"4":{"start":{"line":23,"column":8},"end":{"line":25,"column":9}},"5":{"start":{"line":24,"column":10},"end":{"line":24,"column":23}},"6":{"start":{"line":25,"column":10},"end":{"line":25,"column":22}},"7":{"start":{"line":27,"column":8},"end":{"line":27,"column":65}},"8":{"start":{"line":28,"column":8},"end":{"line":28,"column":25}},"9":{"start":{"line":29,"column":8},"end":{"line":29,"column":18}},"10":{"start":{"line":31,"column":6},"end":{"line":31,"column":20}},"11":{"start":{"line":33,"column":4},"end":{"line":33,"column":61}},"12":{"start":{"line":34,"column":4},"end":{"line":34,"column":21}},"13":{"start":{"line":35,"column":4},"end":{"line":35,"column":21}},"14":{"start":{"line":40,"column":4},"end":{"line":47,"column":127}},"15":{"start":{"line":42,"column":8},"end":{"line":42,"column":56}},"16":{"start":{"line":43,"column":8},"end":{"line":43,"column":45}},"17":{"start":{"line":44,"column":8},"end":{"line":44,"column":57}},"18":{"start":{"line":45,"column":8},"end":{"line":45,"column":22}},"19":{"start":{"line":47,"column":19},"end":{"line":47,"column":124}},"20":{"start":{"line":51,"column":4},"end":{"line":57,"column":5}},"21":{"start":{"line":52,"column":6},"end":{"line":52,"column":89}},"22":{"start":{"line":53,"column":6},"end":{"line":55,"column":7}},"23":{"start":{"line":54,"column":8},"end":{"line":54,"column":25}},"24":{"start":{"line":56,"column":6},"end":{"line":56,"column":19}},"25":{"start":{"line":58,"column":4},"end":{"line":60,"column":5}},"26":{"start":{"line":59,"column":6},"end":{"line":59,"column":20}},"27":{"start":{"line":61,"column":4},"end":{"line":61,"column":16}},"28":{"start":{"line":65,"column":19},"end":{"line":65,"column":26}},"29":{"start":{"line":66,"column":4},"end":{"line":68,"column":5}},"30":{"start":{"line":67,"column":6},"end":{"line":67,"column":67}},"31":{"start":{"line":69,"column":4},"end":{"line":69,"column":75}},"32":{"start":{"line":70,"column":4},"end":{"line":72,"column":5}},"33":{"start":{"line":71,"column":6},"end":{"line":71,"column":80}},"34":{"start":{"line":73,"column":4},"end":{"line":73,"column":16}},"35":{"start":{"line":78,"column":4},"end":{"line":82,"column":5}},"36":{"start":{"line":79,"column":6},"end":{"line":79,"column":62}},"37":{"start":{"line":80,"column":6},"end":{"line":80,"column":23}},"38":{"start":{"line":81,"column":6},"end":{"line":81,"column":23}},"39":{"start":{"line":83,"column":4},"end":{"line":83,"column":18}},"40":{"start":{"line":87,"column":4},"end":{"line":87,"column":38}},"41":{"start":{"line":88,"column":4},"end":{"line":88,"column":45}},"42":{"start":{"line":88,"column":29},"end":{"line":88,"column":43}},"43":{"start":{"line":89,"column":4},"end":{"line":95,"column":5}},"44":{"start":{"line":90,"column":6},"end":{"line":92,"column":7}},"45":{"start":{"line":91,"column":8},"end":{"line":91,"column":20}},"46":{"start":{"line":92,"column":8},"end":{"line":92,"column":21}},"47":{"start":{"line":94,"column":6},"end":{"line":94,"column":111}},"48":{"start":{"line":96,"column":4},"end":{"line":96,"column":11}},"49":{"start":{"line":101,"column":20},"end":{"line":101,"column":40}},"50":{"start":{"line":102,"column":4},"end":{"line":104,"column":5}},"51":{"start":{"line":103,"column":6},"end":{"line":103,"column":20}},"52":{"start":{"line":105,"column":4},"end":{"line":105,"column":51}},"53":{"start":{"line":106,"column":4},"end":{"line":106,"column":21}},"54":{"start":{"line":107,"column":4},"end":{"line":107,"column":21}},"55":{"start":{"line":112,"column":4},"end":{"line":117,"column":5}},"56":{"start":{"line":113,"column":6},"end":{"line":113,"column":75}},"57":{"start":{"line":114,"column":6},"end":{"line":114,"column":23}},"58":{"start":{"line":115,"column":6},"end":{"line":115,"column":16}},"59":{"start":{"line":116,"column":6},"end":{"line":116,"column":13}},"60":{"start":{"line":118,"column":22},"end":{"line":118,"column":26}},"61":{"start":{"line":119,"column":4},"end":{"line":128,"column":5}},"62":{"start":{"line":120,"column":6},"end":{"line":122,"column":7}},"63":{"start":{"line":121,"column":8},"end":{"line":121,"column":21}},"64":{"start":{"line":123,"column":6},"end":{"line":123,"column":18}},"65":{"start":{"line":125,"column":6},"end":{"line":125,"column":53}},"66":{"start":{"line":126,"column":6},"end":{"line":126,"column":23}},"67":{"start":{"line":127,"column":6},"end":{"line":127,"column":23}},"68":{"start":{"line":129,"column":4},"end":{"line":129,"column":18}},"69":{"start":{"line":134,"column":4},"end":{"line":136,"column":5}},"70":{"start":{"line":135,"column":6},"end":{"line":135,"column":20}},"71":{"start":{"line":137,"column":4},"end":{"line":137,"column":69}},"72":{"start":{"line":138,"column":4},"end":{"line":138,"column":21}},"73":{"start":{"line":139,"column":4},"end":{"line":139,"column":21}},"74":{"start":{"line":144,"column":4},"end":{"line":148,"column":5}},"75":{"start":{"line":145,"column":6},"end":{"line":145,"column":57}},"76":{"start":{"line":146,"column":6},"end":{"line":146,"column":23}},"77":{"start":{"line":147,"column":6},"end":{"line":147,"column":16}},"78":{"start":{"line":149,"column":20},"end":{"line":149,"column":40}},"79":{"start":{"line":150,"column":21},"end":{"line":150,"column":41}},"80":{"start":{"line":152,"column":4},"end":{"line":158,"column":5}},"81":{"start":{"line":153,"column":6},"end":{"line":153,"column":42}},"82":{"start":{"line":154,"column":6},"end":{"line":154,"column":20}},"83":{"start":{"line":155,"column":11},"end":{"line":158,"column":5}},"84":{"start":{"line":156,"column":6},"end":{"line":156,"column":42}},"85":{"start":{"line":157,"column":6},"end":{"line":157,"column":20}},"86":{"start":{"line":159,"column":4},"end":{"line":159,"column":70}},"87":{"start":{"line":160,"column":4},"end":{"line":160,"column":21}},"88":{"start":{"line":161,"column":4},"end":{"line":161,"column":21}},"89":{"start":{"line":165,"column":4},"end":{"line":169,"column":5}},"90":{"start":{"line":166,"column":6},"end":{"line":166,"column":66}},"91":{"start":{"line":167,"column":6},"end":{"line":167,"column":23}},"92":{"start":{"line":168,"column":6},"end":{"line":168,"column":23}},"93":{"start":{"line":170,"column":4},"end":{"line":170,"column":11}},"94":{"start":{"line":179,"column":4},"end":{"line":182,"column":5}},"95":{"start":{"line":180,"column":6},"end":{"line":180,"column":26}},"96":{"start":{"line":181,"column":6},"end":{"line":181,"column":20}},"97":{"start":{"line":183,"column":4},"end":{"line":183,"column":18}},"98":{"start":{"line":188,"column":4},"end":{"line":190,"column":5}},"99":{"start":{"line":189,"column":6},"end":{"line":189,"column":68}},"100":{"start":{"line":191,"column":4},"end":{"line":191,"column":23}},"101":{"start":{"line":194,"column":39},"end":{"line":194,"column":111}},"102":{"start":{"line":198,"column":19},"end":{"line":198,"column":45}},"103":{"start":{"line":199,"column":4},"end":{"line":201,"column":5}},"104":{"start":{"line":200,"column":6},"end":{"line":200,"column":20}},"105":{"start":{"line":202,"column":4},"end":{"line":202,"column":60}},"106":{"start":{"line":203,"column":4},"end":{"line":203,"column":21}},"107":{"start":{"line":204,"column":4},"end":{"line":204,"column":21}},"108":{"start":{"line":207,"column":19},"end":{"line":207,"column":44}},"109":{"start":{"line":208,"column":4},"end":{"line":210,"column":5}},"110":{"start":{"line":209,"column":6},"end":{"line":209,"column":20}},"111":{"start":{"line":211,"column":4},"end":{"line":211,"column":60}},"112":{"start":{"line":212,"column":4},"end":{"line":212,"column":21}},"113":{"start":{"line":213,"column":4},"end":{"line":213,"column":21}},"114":{"start":{"line":217,"column":23},"end":{"line":217,"column":43}}},"fnMap":{"0":{"name":"(anonymous_0)","decl":{"start":{"line":19,"column":2},"end":{"line":19,"column":3}},"loc":{"start":{"line":19,"column":43},"end":{"line":36,"column":3}},"line":19},"1":{"name":"(anonymous_1)","decl":{"start":{"line":22,"column":38},"end":{"line":22,"column":39}},"loc":{"start":{"line":22,"column":54},"end":{"line":26,"column":7}},"line":22},"2":{"name":"(anonymous_2)","decl":{"start":{"line":39,"column":19},"end":{"line":39,"column":20}},"loc":{"start":{"line":39,"column":39},"end":{"line":48,"column":3}},"line":39},"3":{"name":"(anonymous_3)","decl":{"start":{"line":41,"column":12},"end":{"line":41,"column":13}},"loc":{"start":{"line":41,"column":31},"end":{"line":46,"column":7}},"line":41},"4":{"name":"(anonymous_4)","decl":{"start":{"line":47,"column":13},"end":{"line":47,"column":14}},"loc":{"start":{"line":47,"column":19},"end":{"line":47,"column":124}},"line":47},"5":{"name":"(anonymous_5)","decl":{"start":{"line":50,"column":25},"end":{"line":50,"column":26}},"loc":{"start":{"line":50,"column":45},"end":{"line":61,"column":18}},"line":50},"6":{"name":"(anonymous_6)","decl":{"start":{"line":64,"column":19},"end":{"line":64,"column":20}},"loc":{"start":{"line":64,"column":38},"end":{"line":74,"column":3}},"line":64},"7":{"name":"(anonymous_7)","decl":{"start":{"line":77,"column":30},"end":{"line":77,"column":31}},"loc":{"start":{"line":77,"column":50},"end":{"line":84,"column":3}},"line":77},"8":{"name":"(anonymous_8)","decl":{"start":{"line":86,"column":25},"end":{"line":86,"column":26}},"loc":{"start":{"line":86,"column":45},"end":{"line":97,"column":3}},"line":86},"9":{"name":"(anonymous_9)","decl":{"start":{"line":89,"column":19},"end":{"line":89,"column":20}},"loc":{"start":{"line":89,"column":29},"end":{"line":93,"column":5}},"line":89},"10":{"name":"(anonymous_10)","decl":{"start":{"line":100,"column":24},"end":{"line":100,"column":25}},"loc":{"start":{"line":100,"column":44},"end":{"line":108,"column":3}},"line":100},"11":{"name":"(anonymous_11)","decl":{"start":{"line":111,"column":18},"end":{"line":111,"column":19}},"loc":{"start":{"line":111,"column":38},"end":{"line":130,"column":3}},"line":111},"12":{"name":"(anonymous_12)","decl":{"start":{"line":119,"column":34},"end":{"line":119,"column":35}},"loc":{"start":{"line":119,"column":43},"end":{"line":124,"column":5}},"line":119},"13":{"name":"(anonymous_13)","decl":{"start":{"line":133,"column":25},"end":{"line":133,"column":26}},"loc":{"start":{"line":133,"column":45},"end":{"line":140,"column":3}},"line":133},"14":{"name":"(anonymous_14)","decl":{"start":{"line":143,"column":19},"end":{"line":143,"column":20}},"loc":{"start":{"line":143,"column":39},"end":{"line":162,"column":3}},"line":143},"15":{"name":"(anonymous_15)","decl":{"start":{"line":164,"column":23},"end":{"line":164,"column":24}},"loc":{"start":{"line":164,"column":43},"end":{"line":171,"column":3}},"line":164},"16":{"name":"(anonymous_16)","decl":{"start":{"line":178,"column":30},"end":{"line":178,"column":31}},"loc":{"start":{"line":178,"column":50},"end":{"line":184,"column":3}},"line":178},"17":{"name":"(anonymous_17)","decl":{"start":{"line":187,"column":13},"end":{"line":187,"column":14}},"loc":{"start":{"line":187,"column":24},"end":{"line":192,"column":3}},"line":187},"18":{"name":"(anonymous_18)","decl":{"start":{"line":194,"column":23},"end":{"line":194,"column":24}},"loc":{"start":{"line":194,"column":39},"end":{"line":194,"column":111}},"line":194},"19":{"name":"(anonymous_19)","decl":{"start":{"line":197,"column":24},"end":{"line":197,"column":25}},"loc":{"start":{"line":197,"column":44},"end":{"line":205,"column":3}},"line":197},"20":{"name":"(anonymous_20)","decl":{"start":{"line":206,"column":26},"end":{"line":206,"column":27}},"loc":{"start":{"line":206,"column":46},"end":{"line":214,"column":3}},"line":206},"21":{"name":"(anonymous_21)","decl":{"start":{"line":217,"column":16},"end":{"line":217,"column":17}},"loc":{"start":{"line":217,"column":23},"end":{"line":217,"column":43}},"line":217}},"branchMap":{"0":{"loc":{"start":{"line":21,"column":4},"end":{"line":32,"column":5}},"type":"if","locations":[{"start":{"line":21,"column":4},"end":{"line":32,"column":5}},{"start":{"line":21,"column":4},"end":{"line":32,"column":5}}],"line":21},"1":{"loc":{"start":{"line":22,"column":6},"end":{"line":30,"column":7}},"type":"if","locations":[{"start":{"line":22,"column":6},"end":{"line":30,"column":7}},{"start":{"line":22,"column":6},"end":{"line":30,"column":7}}],"line":22},"2":{"loc":{"start":{"line":23,"column":8},"end":{"line":25,"column":9}},"type":"if","locations":[{"start":{"line":23,"column":8},"end":{"line":25,"column":9}},{"start":{"line":23,"column":8},"end":{"line":25,"column":9}}],"line":23},"3":{"loc":{"start":{"line":44,"column":22},"end":{"line":44,"column":56}},"type":"cond-expr","locations":[{"start":{"line":44,"column":37},"end":{"line":44,"column":49}},{"start":{"line":44,"column":52},"end":{"line":44,"column":56}}],"line":44},"4":{"loc":{"start":{"line":51,"column":4},"end":{"line":57,"column":5}},"type":"if","locations":[{"start":{"line":51,"column":4},"end":{"line":57,"column":5}},{"start":{"line":51,"column":4},"end":{"line":57,"column":5}}],"line":51},"5":{"loc":{"start":{"line":53,"column":6},"end":{"line":55,"column":7}},"type":"if","locations":[{"start":{"line":53,"column":6},"end":{"line":55,"column":7}},{"start":{"line":53,"column":6},"end":{"line":55,"column":7}}],"line":53},"6":{"loc":{"start":{"line":58,"column":4},"end":{"line":60,"column":5}},"type":"if","locations":[{"start":{"line":58,"column":4},"end":{"line":60,"column":5}},{"start":{"line":58,"column":4},"end":{"line":60,"column":5}}],"line":58},"7":{"loc":{"start":{"line":66,"column":4},"end":{"line":68,"column":5}},"type":"if","locations":[{"start":{"line":66,"column":4},"end":{"line":68,"column":5}},{"start":{"line":66,"column":4},"end":{"line":68,"column":5}}],"line":66},"8":{"loc":{"start":{"line":70,"column":4},"end":{"line":72,"column":5}},"type":"if","locations":[{"start":{"line":70,"column":4},"end":{"line":72,"column":5}},{"start":{"line":70,"column":4},"end":{"line":72,"column":5}}],"line":70},"9":{"loc":{"start":{"line":78,"column":4},"end":{"line":82,"column":5}},"type":"if","locations":[{"start":{"line":78,"column":4},"end":{"line":82,"column":5}},{"start":{"line":78,"column":4},"end":{"line":82,"column":5}}],"line":78},"10":{"loc":{"start":{"line":78,"column":8},"end":{"line":78,"column":50}},"type":"binary-expr","locations":[{"start":{"line":78,"column":8},"end":{"line":78,"column":20}},{"start":{"line":78,"column":24},"end":{"line":78,"column":50}}],"line":78},"11":{"loc":{"start":{"line":88,"column":4},"end":{"line":88,"column":45}},"type":"if","locations":[{"start":{"line":88,"column":4},"end":{"line":88,"column":45}},{"start":{"line":88,"column":4},"end":{"line":88,"column":45}}],"line":88},"12":{"loc":{"start":{"line":89,"column":4},"end":{"line":95,"column":5}},"type":"if","locations":[{"start":{"line":89,"column":4},"end":{"line":95,"column":5}},{"start":{"line":89,"column":4},"end":{"line":95,"column":5}}],"line":89},"13":{"loc":{"start":{"line":90,"column":6},"end":{"line":92,"column":7}},"type":"if","locations":[{"start":{"line":90,"column":6},"end":{"line":92,"column":7}},{"start":{"line":90,"column":6},"end":{"line":92,"column":7}}],"line":90},"14":{"loc":{"start":{"line":102,"column":4},"end":{"line":104,"column":5}},"type":"if","locations":[{"start":{"line":102,"column":4},"end":{"line":104,"column":5}},{"start":{"line":102,"column":4},"end":{"line":104,"column":5}}],"line":102},"15":{"loc":{"start":{"line":112,"column":4},"end":{"line":117,"column":5}},"type":"if","locations":[{"start":{"line":112,"column":4},"end":{"line":117,"column":5}},{"start":{"line":112,"column":4},"end":{"line":117,"column":5}}],"line":112},"16":{"loc":{"start":{"line":119,"column":4},"end":{"line":128,"column":5}},"type":"if","locations":[{"start":{"line":119,"column":4},"end":{"line":128,"column":5}},{"start":{"line":119,"column":4},"end":{"line":128,"column":5}}],"line":119},"17":{"loc":{"start":{"line":120,"column":6},"end":{"line":122,"column":7}},"type":"if","locations":[{"start":{"line":120,"column":6},"end":{"line":122,"column":7}},{"start":{"line":120,"column":6},"end":{"line":122,"column":7}}],"line":120},"18":{"loc":{"start":{"line":120,"column":10},"end":{"line":120,"column":88}},"type":"binary-expr","locations":[{"start":{"line":120,"column":10},"end":{"line":120,"column":29}},{"start":{"line":120,"column":33},"end":{"line":120,"column":88}}],"line":120},"19":{"loc":{"start":{"line":134,"column":4},"end":{"line":136,"column":5}},"type":"if","locations":[{"start":{"line":134,"column":4},"end":{"line":136,"column":5}},{"start":{"line":134,"column":4},"end":{"line":136,"column":5}}],"line":134},"20":{"loc":{"start":{"line":134,"column":8},"end":{"line":134,"column":89}},"type":"binary-expr","locations":[{"start":{"line":134,"column":8},"end":{"line":134,"column":22}},{"start":{"line":134,"column":26},"end":{"line":134,"column":62}},{"start":{"line":134,"column":66},"end":{"line":134,"column":89}}],"line":134},"21":{"loc":{"start":{"line":144,"column":4},"end":{"line":148,"column":5}},"type":"if","locations":[{"start":{"line":144,"column":4},"end":{"line":148,"column":5}},{"start":{"line":144,"column":4},"end":{"line":148,"column":5}}],"line":144},"22":{"loc":{"start":{"line":144,"column":8},"end":{"line":144,"column":88}},"type":"binary-expr","locations":[{"start":{"line":144,"column":8},"end":{"line":144,"column":29}},{"start":{"line":144,"column":33},"end":{"line":144,"column":58}},{"start":{"line":144,"column":62},"end":{"line":144,"column":88}}],"line":144},"23":{"loc":{"start":{"line":152,"column":4},"end":{"line":158,"column":5}},"type":"if","locations":[{"start":{"line":152,"column":4},"end":{"line":158,"column":5}},{"start":{"line":152,"column":4},"end":{"line":158,"column":5}}],"line":152},"24":{"loc":{"start":{"line":152,"column":8},"end":{"line":152,"column":71}},"type":"binary-expr","locations":[{"start":{"line":152,"column":8},"end":{"line":152,"column":27}},{"start":{"line":152,"column":31},"end":{"line":152,"column":71}}],"line":152},"25":{"loc":{"start":{"line":155,"column":11},"end":{"line":158,"column":5}},"type":"if","locations":[{"start":{"line":155,"column":11},"end":{"line":158,"column":5}},{"start":{"line":155,"column":11},"end":{"line":158,"column":5}}],"line":155},"26":{"loc":{"start":{"line":155,"column":15},"end":{"line":155,"column":94}},"type":"binary-expr","locations":[{"start":{"line":155,"column":15},"end":{"line":155,"column":34}},{"start":{"line":155,"column":38},"end":{"line":155,"column":53}},{"start":{"line":155,"column":57},"end":{"line":155,"column":94}}],"line":155},"27":{"loc":{"start":{"line":165,"column":4},"end":{"line":169,"column":5}},"type":"if","locations":[{"start":{"line":165,"column":4},"end":{"line":169,"column":5}},{"start":{"line":165,"column":4},"end":{"line":169,"column":5}}],"line":165},"28":{"loc":{"start":{"line":179,"column":4},"end":{"line":182,"column":5}},"type":"if","locations":[{"start":{"line":179,"column":4},"end":{"line":182,"column":5}},{"start":{"line":179,"column":4},"end":{"line":182,"column":5}}],"line":179},"29":{"loc":{"start":{"line":179,"column":8},"end":{"line":179,"column":76}},"type":"binary-expr","locations":[{"start":{"line":179,"column":8},"end":{"line":179,"column":17}},{"start":{"line":179,"column":21},"end":{"line":179,"column":39}},{"start":{"line":179,"column":43},"end":{"line":179,"column":76}}],"line":179},"30":{"loc":{"start":{"line":188,"column":4},"end":{"line":190,"column":5}},"type":"if","locations":[{"start":{"line":188,"column":4},"end":{"line":190,"column":5}},{"start":{"line":188,"column":4},"end":{"line":190,"column":5}}],"line":188},"31":{"loc":{"start":{"line":199,"column":4},"end":{"line":201,"column":5}},"type":"if","locations":[{"start":{"line":199,"column":4},"end":{"line":201,"column":5}},{"start":{"line":199,"column":4},"end":{"line":201,"column":5}}],"line":199},"32":{"loc":{"start":{"line":208,"column":4},"end":{"line":210,"column":5}},"type":"if","locations":[{"start":{"line":208,"column":4},"end":{"line":210,"column":5}},{"start":{"line":208,"column":4},"end":{"line":210,"column":5}}],"line":208}},"s":{"0":1,"1":13,"2":13,"3":13,"4":14,"5":1,"6":13,"7":0,"8":0,"9":0,"10":13,"11":0,"12":0,"13":0,"14":13,"15":13,"16":13,"17":13,"18":13,"19":0,"20":7,"21":0,"22":0,"23":0,"24":0,"25":7,"26":5,"27":2,"28":13,"29":13,"30":0,"31":13,"32":13,"33":0,"34":13,"35":15,"36":0,"37":0,"38":0,"39":15,"40":9,"41":9,"42":0,"43":9,"44":9,"45":9,"46":0,"47":0,"48":9,"49":4,"50":4,"51":4,"52":0,"53":0,"54":0,"55":6,"56":0,"57":0,"58":0,"59":0,"60":6,"61":6,"62":7,"63":1,"64":6,"65":0,"66":0,"67":0,"68":6,"69":4,"70":2,"71":2,"72":2,"73":2,"74":2,"75":0,"76":0,"77":0,"78":2,"79":2,"80":2,"81":0,"82":0,"83":2,"84":0,"85":0,"86":2,"87":2,"88":2,"89":1,"90":0,"91":0,"92":0,"93":1,"94":4,"95":1,"96":1,"97":3,"98":2,"99":0,"100":2,"101":0,"102":3,"103":3,"104":2,"105":1,"106":1,"107":1,"108":0,"109":0,"110":0,"111":0,"112":0,"113":0,"114":1},"f":{"0":13,"1":14,"2":13,"3":13,"4":0,"5":7,"6":13,"7":15,"8":9,"9":9,"10":4,"11":6,"12":7,"13":4,"14":2,"15":1,"16":4,"17":2,"18":0,"19":3,"20":0,"21":1},"b":{"0":[13,0],"1":[0,13],"2":[1,13],"3":[13,0],"4":[0,7],"5":[0,0],"6":[5,2],"7":[0,13],"8":[0,13],"9":[0,15],"10":[15,15],"11":[0,9],"12":[0,9],"13":[9,0],"14":[4,0],"15":[0,6],"16":[0,6],"17":[1,6],"18":[7,6],"19":[2,2],"20":[4,3,3],"21":[0,2],"22":[2,2,2],"23":[0,2],"24":[2,2],"25":[0,2],"26":[2,2,2],"27":[0,1],"28":[1,3],"29":[4,4,2],"30":[0,2],"31":[2,1],"32":[0,0]},"_coverageSchema":"332fd63041d2c1bcb487cc26dd0d5f7d97098a6c","hash":"66ff3a46292351da038fd960422dc28970d169de","contentHash":"97557967bfc7128c6575f519f65a99f9_11.7.1"},"/Users/book/Desktop/projects/Andela/BookAMeal/server/helpers/encrypt/index.js":{"path":"/Users/book/Desktop/projects/Andela/BookAMeal/server/helpers/encrypt/index.js","statementMap":{"0":{"start":{"line":6,"column":0},"end":{"line":6,"column":16}},"1":{"start":{"line":12,"column":15},"end":{"line":12,"column":16}},"2":{"start":{"line":13,"column":4},"end":{"line":13,"column":38}},"3":{"start":{"line":13,"column":26},"end":{"line":13,"column":38}},"4":{"start":{"line":14,"column":4},"end":{"line":18,"column":5}},"5":{"start":{"line":15,"column":19},"end":{"line":15,"column":36}},"6":{"start":{"line":16,"column":6},"end":{"line":16,"column":41}},"7":{"start":{"line":17,"column":6},"end":{"line":17,"column":25}},"8":{"start":{"line":19,"column":4},"end":{"line":19,"column":16}},"9":{"start":{"line":23,"column":4},"end":{"line":23,"column":36}},"10":{"start":{"line":27,"column":4},"end":{"line":27,"column":49}},"11":{"start":{"line":31,"column":4},"end":{"line":31,"column":62}},"12":{"start":{"line":32,"column":4},"end":{"line":32,"column":17}},"13":{"start":{"line":36,"column":20},"end":{"line":36,"column":71}},"14":{"start":{"line":37,"column":4},"end":{"line":37,"column":19}}},"fnMap":{"0":{"name":"(anonymous_0)","decl":{"start":{"line":11,"column":2},"end":{"line":11,"column":3}},"loc":{"start":{"line":11,"column":22},"end":{"line":20,"column":3}},"line":11},"1":{"name":"(anonymous_1)","decl":{"start":{"line":22,"column":24},"end":{"line":22,"column":25}},"loc":{"start":{"line":22,"column":33},"end":{"line":24,"column":3}},"line":22},"2":{"name":"(anonymous_2)","decl":{"start":{"line":26,"column":25},"end":{"line":26,"column":26}},"loc":{"start":{"line":26,"column":48},"end":{"line":28,"column":3}},"line":26},"3":{"name":"(anonymous_3)","decl":{"start":{"line":30,"column":22},"end":{"line":30,"column":23}},"loc":{"start":{"line":30,"column":41},"end":{"line":33,"column":3}},"line":30},"4":{"name":"(anonymous_4)","decl":{"start":{"line":35,"column":23},"end":{"line":35,"column":24}},"loc":{"start":{"line":35,"column":42},"end":{"line":38,"column":3}},"line":35}},"branchMap":{"0":{"loc":{"start":{"line":13,"column":4},"end":{"line":13,"column":38}},"type":"if","locations":[{"start":{"line":13,"column":4},"end":{"line":13,"column":38}},{"start":{"line":13,"column":4},"end":{"line":13,"column":38}}],"line":13}},"s":{"0":1,"1":7,"2":7,"3":0,"4":7,"5":71,"6":71,"7":71,"8":7,"9":8,"10":2,"11":16,"12":16,"13":18,"14":18},"f":{"0":7,"1":8,"2":2,"3":16,"4":18},"b":{"0":[0,7]},"_coverageSchema":"332fd63041d2c1bcb487cc26dd0d5f7d97098a6c","hash":"9162e51d67083c1f53fc6ebd26369b72bdf81718","contentHash":"e92c44705be256d4191e09eed34d3789_11.7.1"},"/Users/book/Desktop/projects/Andela/BookAMeal/server/services/auth/errors/validation.js":{"path":"/Users/book/Desktop/projects/Andela/BookAMeal/server/services/auth/errors/validation.js","statementMap":{"0":{"start":{"line":3,"column":4},"end":{"line":3,"column":12}},"1":{"start":{"line":4,"column":4},"end":{"line":4,"column":25}},"2":{"start":{"line":5,"column":4},"end":{"line":5,"column":27}}},"fnMap":{"0":{"name":"(anonymous_0)","decl":{"start":{"line":2,"column":2},"end":{"line":2,"column":3}},"loc":{"start":{"line":2,"column":31},"end":{"line":6,"column":3}},"line":2}},"branchMap":{},"s":{"0":17,"1":17,"2":17},"f":{"0":17},"b":{},"_coverageSchema":"332fd63041d2c1bcb487cc26dd0d5f7d97098a6c","hash":"4ab49c681b50feaa76d3f7a361e0ce74f424addc","contentHash":"b48b91bd1cf2aa99db39524e127fd465_11.7.1"},"/Users/book/Desktop/projects/Andela/BookAMeal/server/models/v2/relationship.js":{"path":"/Users/book/Desktop/projects/Andela/BookAMeal/server/models/v2/relationship.js","statementMap":{"0":{"start":{"line":8,"column":23},"end":{"line":8,"column":71}},"1":{"start":{"line":10,"column":0},"end":{"line":10,"column":24}},"2":{"start":{"line":11,"column":0},"end":{"line":11,"column":21}},"3":{"start":{"line":14,"column":0},"end":{"line":14,"column":22}},"4":{"start":{"line":15,"column":0},"end":{"line":15,"column":24}},"5":{"start":{"line":18,"column":0},"end":{"line":18,"column":22}},"6":{"start":{"line":19,"column":0},"end":{"line":19,"column":24}},"7":{"start":{"line":22,"column":0},"end":{"line":22,"column":21}},"8":{"start":{"line":23,"column":0},"end":{"line":23,"column":19}},"9":{"start":{"line":26,"column":0},"end":{"line":26,"column":20}},"10":{"start":{"line":27,"column":0},"end":{"line":27,"column":22}},"11":{"start":{"line":30,"column":0},"end":{"line":30,"column":51}},"12":{"start":{"line":31,"column":0},"end":{"line":31,"column":51}},"13":{"start":{"line":34,"column":15},"end":{"line":34,"column":64}}},"fnMap":{},"branchMap":{},"s":{"0":1,"1":1,"2":1,"3":1,"4":1,"5":1,"6":1,"7":1,"8":1,"9":1,"10":1,"11":1,"12":1,"13":1},"f":{},"b":{},"_coverageSchema":"332fd63041d2c1bcb487cc26dd0d5f7d97098a6c","hash":"c3b2ee413efa8f7ddce54bdfa133698093877e20","contentHash":"cb16041eb644bdfe1a5a2b7064da40fc_11.7.1"},"/Users/book/Desktop/projects/Andela/BookAMeal/server/models/v2/kitchen.js":{"path":"/Users/book/Desktop/projects/Andela/BookAMeal/server/models/v2/kitchen.js","statementMap":{"0":{"start":{"line":7,"column":16},"end":{"line":40,"column":2}},"1":{"start":{"line":13,"column":8},"end":{"line":15,"column":9}},"2":{"start":{"line":14,"column":10},"end":{"line":14,"column":49}},"3":{"start":{"line":43,"column":0},"end":{"line":47,"column":2}},"4":{"start":{"line":44,"column":16},"end":{"line":44,"column":45}},"5":{"start":{"line":45,"column":15},"end":{"line":45,"column":76}},"6":{"start":{"line":46,"column":2},"end":{"line":46,"column":14}}},"fnMap":{"0":{"name":"(anonymous_0)","decl":{"start":{"line":43,"column":36},"end":{"line":43,"column":37}},"loc":{"start":{"line":43,"column":54},"end":{"line":47,"column":1}},"line":43}},"branchMap":{"0":{"loc":{"start":{"line":13,"column":8},"end":{"line":15,"column":9}},"type":"if","locations":[{"start":{"line":13,"column":8},"end":{"line":15,"column":9}},{"start":{"line":13,"column":8},"end":{"line":15,"column":9}}],"line":13}},"s":{"0":1,"1":9,"2":1,"3":1,"4":2,"5":2,"6":2},"f":{"0":2},"b":{"0":[1,8]},"_coverageSchema":"332fd63041d2c1bcb487cc26dd0d5f7d97098a6c","hash":"8fe358a38c31392e4f613249148d7cd00a300f28","contentHash":"451d3e54db51e30b87e33afa0dbe6cd3_11.7.1"},"/Users/book/Desktop/projects/Andela/BookAMeal/server/models/v2/index.js":{"path":"/Users/book/Desktop/projects/Andela/BookAMeal/server/models/v2/index.js","statementMap":{"0":{"start":{"line":4,"column":11},"end":{"line":4,"column":24}},"1":{"start":{"line":5,"column":13},"end":{"line":5,"column":28}},"2":{"start":{"line":6,"column":18},"end":{"line":6,"column":38}},"3":{"start":{"line":9,"column":17},"end":{"line":9,"column":47}},"4":{"start":{"line":10,"column":12},"end":{"line":10,"column":49}},"5":{"start":{"line":11,"column":11},"end":{"line":11,"column":13}},"6":{"start":{"line":12,"column":0},"end":{"line":12,"column":16}},"7":{"start":{"line":13,"column":15},"end":{"line":13,"column":30}},"8":{"start":{"line":15,"column":0},"end":{"line":19,"column":1}},"9":{"start":{"line":16,"column":2},"end":{"line":16,"column":66}},"10":{"start":{"line":18,"column":2},"end":{"line":18,"column":100}},"11":{"start":{"line":22,"column":0},"end":{"line":28,"column":10}},"12":{"start":{"line":25,"column":4},"end":{"line":25,"column":51}},"13":{"start":{"line":27,"column":20},"end":{"line":27,"column":37}},"14":{"start":{"line":31,"column":0},"end":{"line":31,"column":25}},"15":{"start":{"line":32,"column":0},"end":{"line":32,"column":25}},"16":{"start":{"line":33,"column":0},"end":{"line":33,"column":20}}},"fnMap":{"0":{"name":"(anonymous_0)","decl":{"start":{"line":24,"column":8},"end":{"line":24,"column":9}},"loc":{"start":{"line":24,"column":14},"end":{"line":26,"column":3}},"line":24},"1":{"name":"(anonymous_1)","decl":{"start":{"line":27,"column":9},"end":{"line":27,"column":10}},"loc":{"start":{"line":27,"column":18},"end":{"line":27,"column":39}},"line":27}},"branchMap":{"0":{"loc":{"start":{"line":10,"column":12},"end":{"line":10,"column":49}},"type":"binary-expr","locations":[{"start":{"line":10,"column":12},"end":{"line":10,"column":32}},{"start":{"line":10,"column":36},"end":{"line":10,"column":49}}],"line":10},"1":{"loc":{"start":{"line":15,"column":0},"end":{"line":19,"column":1}},"type":"if","locations":[{"start":{"line":15,"column":0},"end":{"line":19,"column":1}},{"start":{"line":15,"column":0},"end":{"line":19,"column":1}}],"line":15}},"s":{"0":1,"1":1,"2":1,"3":1,"4":1,"5":1,"6":1,"7":1,"8":1,"9":0,"10":1,"11":1,"12":1,"13":0,"14":1,"15":1,"16":1},"f":{"0":1,"1":0},"b":{"0":[1,0],"1":[0,1]},"_coverageSchema":"332fd63041d2c1bcb487cc26dd0d5f7d97098a6c","hash":"7a2a2eb2738e08baba26a01dfda8b78c4032e154","contentHash":"9b77377bca782cfcc6829bb72657b562_11.7.1"},"/Users/book/Desktop/projects/Andela/BookAMeal/server/models/v2/menu.js":{"path":"/Users/book/Desktop/projects/Andela/BookAMeal/server/models/v2/menu.js","statementMap":{"0":{"start":{"line":4,"column":13},"end":{"line":30,"column":2}}},"fnMap":{},"branchMap":{},"s":{"0":1},"f":{},"b":{},"_coverageSchema":"332fd63041d2c1bcb487cc26dd0d5f7d97098a6c","hash":"d9007ef62bd730c32c8cee38f88adbe85ffaf33e","contentHash":"fe3bcbdd7bcee0f754fb00c17618058f_11.7.1"},"/Users/book/Desktop/projects/Andela/BookAMeal/server/models/v2/meal.js":{"path":"/Users/book/Desktop/projects/Andela/BookAMeal/server/models/v2/meal.js","statementMap":{"0":{"start":{"line":4,"column":13},"end":{"line":30,"column":2}}},"fnMap":{},"branchMap":{},"s":{"0":1},"f":{},"b":{},"_coverageSchema":"332fd63041d2c1bcb487cc26dd0d5f7d97098a6c","hash":"2c45fe867f36192eeedac4560c4a766743790d30","contentHash":"5cb33d9b0a5e11ade934dd8322f7a8d1_11.7.1"},"/Users/book/Desktop/projects/Andela/BookAMeal/server/models/v2/user.js":{"path":"/Users/book/Desktop/projects/Andela/BookAMeal/server/models/v2/user.js","statementMap":{"0":{"start":{"line":5,"column":17},"end":{"line":9,"column":1}},"1":{"start":{"line":6,"column":2},"end":{"line":8,"column":3}},"2":{"start":{"line":7,"column":4},"end":{"line":7,"column":47}},"3":{"start":{"line":11,"column":13},"end":{"line":72,"column":2}},"4":{"start":{"line":69,"column":6},"end":{"line":69,"column":74}}},"fnMap":{"0":{"name":"(anonymous_0)","decl":{"start":{"line":5,"column":17},"end":{"line":5,"column":18}},"loc":{"start":{"line":5,"column":28},"end":{"line":9,"column":1}},"line":5},"1":{"name":"(anonymous_1)","decl":{"start":{"line":68,"column":18},"end":{"line":68,"column":19}},"loc":{"start":{"line":68,"column":32},"end":{"line":70,"column":5}},"line":68}},"branchMap":{"0":{"loc":{"start":{"line":6,"column":2},"end":{"line":8,"column":3}},"type":"if","locations":[{"start":{"line":6,"column":2},"end":{"line":8,"column":3}},{"start":{"line":6,"column":2},"end":{"line":8,"column":3}}],"line":6}},"s":{"0":1,"1":15,"2":0,"3":1,"4":8},"f":{"0":15,"1":8},"b":{"0":[0,15]},"_coverageSchema":"332fd63041d2c1bcb487cc26dd0d5f7d97098a6c","hash":"78d8672a0647e0ebfa888c4680655bdc35085113","contentHash":"016d310dd87b0ee8e685de95b225cf49_11.7.1"},"/Users/book/Desktop/projects/Andela/BookAMeal/server/models/v2/order.js":{"path":"/Users/book/Desktop/projects/Andela/BookAMeal/server/models/v2/order.js","statementMap":{"0":{"start":{"line":4,"column":14},"end":{"line":18,"column":2}}},"fnMap":{},"branchMap":{},"s":{"0":1},"f":{},"b":{},"_coverageSchema":"332fd63041d2c1bcb487cc26dd0d5f7d97098a6c","hash":"dc6c1c3b2e6e264e010ce1a4fb62723652cffbae","contentHash":"86f28d900e953a8cf9fc83551ef3aa1c_11.7.1"},"/Users/book/Desktop/projects/Andela/BookAMeal/server/models/v2/meal-order-join.js":{"path":"/Users/book/Desktop/projects/Andela/BookAMeal/server/models/v2/meal-order-join.js","statementMap":{"0":{"start":{"line":4,"column":19},"end":{"line":17,"column":2}}},"fnMap":{},"branchMap":{},"s":{"0":1},"f":{},"b":{},"_coverageSchema":"332fd63041d2c1bcb487cc26dd0d5f7d97098a6c","hash":"f20993bee9aeb48a640a9effc868ff4292b3f024","contentHash":"ed56150d11b0344a5bebb3f07730a74c_11.7.1"},"/Users/book/Desktop/projects/Andela/BookAMeal/server/models/v1/user.js":{"path":"/Users/book/Desktop/projects/Andela/BookAMeal/server/models/v1/user.js","statementMap":{"0":{"start":{"line":8,"column":23},"end":{"line":8,"column":61}},"1":{"start":{"line":9,"column":17},"end":{"line":9,"column":42}},"2":{"start":{"line":10,"column":19},"end":{"line":10,"column":63}},"3":{"start":{"line":10,"column":39},"end":{"line":10,"column":62}},"4":{"start":{"line":11,"column":4},"end":{"line":11,"column":18}},"5":{"start":{"line":15,"column":13},"end":{"line":33,"column":1}},"6":{"start":{"line":36,"column":0},"end":{"line":38,"column":3}},"7":{"start":{"line":37,"column":2},"end":{"line":37,"column":26}},"8":{"start":{"line":40,"column":0},"end":{"line":40,"column":49}}},"fnMap":{"0":{"name":"(anonymous_0)","decl":{"start":{"line":7,"column":2},"end":{"line":7,"column":3}},"loc":{"start":{"line":7,"column":18},"end":{"line":12,"column":3}},"line":7},"1":{"name":"(anonymous_1)","decl":{"start":{"line":10,"column":31},"end":{"line":10,"column":32}},"loc":{"start":{"line":10,"column":39},"end":{"line":10,"column":62}},"line":10},"2":{"name":"(anonymous_2)","decl":{"start":{"line":36,"column":29},"end":{"line":36,"column":30}},"loc":{"start":{"line":36,"column":45},"end":{"line":38,"column":1}},"line":36}},"branchMap":{},"s":{"0":0,"1":0,"2":0,"3":0,"4":0,"5":1,"6":1,"7":10,"8":1},"f":{"0":0,"1":0,"2":10},"b":{},"_coverageSchema":"332fd63041d2c1bcb487cc26dd0d5f7d97098a6c","hash":"cd15783a4acd3df3ff0887f476e48af9730846c9","contentHash":"e42d645ff262ef9ac2e55410ab43d5b2_11.7.1"},"/Users/book/Desktop/projects/Andela/BookAMeal/server/databases/handler.js":{"path":"/Users/book/Desktop/projects/Andela/BookAMeal/server/databases/handler.js","statementMap":{"0":{"start":{"line":10,"column":4},"end":{"line":12,"column":5}},"1":{"start":{"line":11,"column":6},"end":{"line":11,"column":67}},"2":{"start":{"line":13,"column":4},"end":{"line":13,"column":32}},"3":{"start":{"line":14,"column":4},"end":{"line":14,"column":19}},"4":{"start":{"line":15,"column":4},"end":{"line":15,"column":29}},"5":{"start":{"line":24,"column":4},"end":{"line":24,"column":64}},"6":{"start":{"line":25,"column":17},"end":{"line":25,"column":37}},"7":{"start":{"line":26,"column":24},"end":{"line":26,"column":68}},"8":{"start":{"line":26,"column":47},"end":{"line":26,"column":67}},"9":{"start":{"line":27,"column":25},"end":{"line":32,"column":6}},"10":{"start":{"line":28,"column":6},"end":{"line":30,"column":7}},"11":{"start":{"line":29,"column":8},"end":{"line":29,"column":17}},"12":{"start":{"line":31,"column":6},"end":{"line":31,"column":15}},"13":{"start":{"line":33,"column":23},"end":{"line":33,"column":41}},"14":{"start":{"line":34,"column":4},"end":{"line":36,"column":5}},"15":{"start":{"line":35,"column":6},"end":{"line":35,"column":119}},"16":{"start":{"line":37,"column":4},"end":{"line":37,"column":22}},"17":{"start":{"line":38,"column":4},"end":{"line":38,"column":41}},"18":{"start":{"line":43,"column":4},"end":{"line":45,"column":5}},"19":{"start":{"line":44,"column":6},"end":{"line":44,"column":84}},"20":{"start":{"line":46,"column":4},"end":{"line":46,"column":25}},"21":{"start":{"line":53,"column":17},"end":{"line":53,"column":37}},"22":{"start":{"line":54,"column":19},"end":{"line":58,"column":6}},"23":{"start":{"line":55,"column":18},"end":{"line":55,"column":30}},"24":{"start":{"line":56,"column":6},"end":{"line":56,"column":35}},"25":{"start":{"line":57,"column":6},"end":{"line":57,"column":17}},"26":{"start":{"line":59,"column":4},"end":{"line":59,"column":57}},"27":{"start":{"line":60,"column":17},"end":{"line":60,"column":19}},"28":{"start":{"line":61,"column":18},"end":{"line":61,"column":170}},"29":{"start":{"line":61,"column":40},"end":{"line":61,"column":169}},"30":{"start":{"line":62,"column":4},"end":{"line":64,"column":7}},"31":{"start":{"line":63,"column":6},"end":{"line":63,"column":68}},"32":{"start":{"line":65,"column":4},"end":{"line":65,"column":21}},"33":{"start":{"line":66,"column":4},"end":{"line":66,"column":21}},"34":{"start":{"line":72,"column":17},"end":{"line":72,"column":37}},"35":{"start":{"line":73,"column":19},"end":{"line":80,"column":6}},"36":{"start":{"line":74,"column":6},"end":{"line":78,"column":7}},"37":{"start":{"line":75,"column":20},"end":{"line":75,"column":32}},"38":{"start":{"line":76,"column":8},"end":{"line":76,"column":37}},"39":{"start":{"line":77,"column":8},"end":{"line":77,"column":19}},"40":{"start":{"line":79,"column":6},"end":{"line":79,"column":18}},"41":{"start":{"line":81,"column":16},"end":{"line":81,"column":18}},"42":{"start":{"line":82,"column":4},"end":{"line":84,"column":7}},"43":{"start":{"line":82,"column":26},"end":{"line":82,"column":30}},"44":{"start":{"line":83,"column":6},"end":{"line":83,"column":70}},"45":{"start":{"line":85,"column":4},"end":{"line":85,"column":15}},"46":{"start":{"line":92,"column":4},"end":{"line":104,"column":5}},"47":{"start":{"line":93,"column":6},"end":{"line":93,"column":69}},"48":{"start":{"line":94,"column":11},"end":{"line":104,"column":5}},"49":{"start":{"line":95,"column":6},"end":{"line":95,"column":18}},"50":{"start":{"line":96,"column":11},"end":{"line":104,"column":5}},"51":{"start":{"line":97,"column":6},"end":{"line":97,"column":18}},"52":{"start":{"line":98,"column":11},"end":{"line":104,"column":5}},"53":{"start":{"line":99,"column":6},"end":{"line":99,"column":99}},"54":{"start":{"line":100,"column":11},"end":{"line":104,"column":5}},"55":{"start":{"line":101,"column":6},"end":{"line":101,"column":81}},"56":{"start":{"line":103,"column":6},"end":{"line":103,"column":18}},"57":{"start":{"line":111,"column":17},"end":{"line":111,"column":41}},"58":{"start":{"line":112,"column":4},"end":{"line":114,"column":5}},"59":{"start":{"line":113,"column":6},"end":{"line":113,"column":52}},"60":{"start":{"line":115,"column":4},"end":{"line":115,"column":16}},"61":{"start":{"line":122,"column":4},"end":{"line":136,"column":5}},"62":{"start":{"line":123,"column":27},"end":{"line":123,"column":58}},"63":{"start":{"line":124,"column":6},"end":{"line":126,"column":7}},"64":{"start":{"line":125,"column":8},"end":{"line":125,"column":54}},"65":{"start":{"line":129,"column":6},"end":{"line":129,"column":39}},"66":{"start":{"line":130,"column":17},"end":{"line":130,"column":77}},"67":{"start":{"line":131,"column":24},"end":{"line":131,"column":43}},"68":{"start":{"line":132,"column":6},"end":{"line":132,"column":58}},"69":{"start":{"line":133,"column":6},"end":{"line":133,"column":32}},"70":{"start":{"line":135,"column":6},"end":{"line":135,"column":16}},"71":{"start":{"line":143,"column":17},"end":{"line":143,"column":39}},"72":{"start":{"line":144,"column":21},"end":{"line":144,"column":23}},"73":{"start":{"line":146,"column":4},"end":{"line":160,"column":7}},"74":{"start":{"line":147,"column":6},"end":{"line":159,"column":7}},"75":{"start":{"line":148,"column":8},"end":{"line":148,"column":34}},"76":{"start":{"line":149,"column":13},"end":{"line":159,"column":7}},"77":{"start":{"line":150,"column":8},"end":{"line":150,"column":45}},"78":{"start":{"line":151,"column":13},"end":{"line":159,"column":7}},"79":{"start":{"line":152,"column":8},"end":{"line":152,"column":45}},"80":{"start":{"line":153,"column":13},"end":{"line":159,"column":7}},"81":{"start":{"line":154,"column":8},"end":{"line":154,"column":45}},"82":{"start":{"line":155,"column":13},"end":{"line":159,"column":7}},"83":{"start":{"line":156,"column":8},"end":{"line":156,"column":45}},"84":{"start":{"line":157,"column":13},"end":{"line":159,"column":7}},"85":{"start":{"line":158,"column":8},"end":{"line":158,"column":63}},"86":{"start":{"line":162,"column":4},"end":{"line":164,"column":5}},"87":{"start":{"line":163,"column":6},"end":{"line":163,"column":32}},"88":{"start":{"line":165,"column":4},"end":{"line":165,"column":39}},"89":{"start":{"line":178,"column":4},"end":{"line":193,"column":5}},"90":{"start":{"line":180,"column":6},"end":{"line":180,"column":38}},"91":{"start":{"line":181,"column":6},"end":{"line":181,"column":100}},"92":{"start":{"line":181,"column":35},"end":{"line":181,"column":95}},"93":{"start":{"line":182,"column":6},"end":{"line":191,"column":7}},"94":{"start":{"line":184,"column":29},"end":{"line":184,"column":62}},"95":{"start":{"line":185,"column":8},"end":{"line":187,"column":11}},"96":{"start":{"line":186,"column":10},"end":{"line":186,"column":48}},"97":{"start":{"line":189,"column":8},"end":{"line":189,"column":43}},"98":{"start":{"line":190,"column":8},"end":{"line":190,"column":22}},"99":{"start":{"line":192,"column":6},"end":{"line":192,"column":18}},"100":{"start":{"line":194,"column":4},"end":{"line":194,"column":88}},"101":{"start":{"line":206,"column":21},"end":{"line":206,"column":23}},"102":{"start":{"line":207,"column":4},"end":{"line":219,"column":5}},"103":{"start":{"line":208,"column":6},"end":{"line":208,"column":38}},"104":{"start":{"line":209,"column":6},"end":{"line":209,"column":100}},"105":{"start":{"line":209,"column":35},"end":{"line":209,"column":95}},"106":{"start":{"line":210,"column":6},"end":{"line":217,"column":7}},"107":{"start":{"line":211,"column":8},"end":{"line":211,"column":64}},"108":{"start":{"line":211,"column":41},"end":{"line":211,"column":62}},"109":{"start":{"line":212,"column":8},"end":{"line":214,"column":11}},"110":{"start":{"line":213,"column":10},"end":{"line":213,"column":40}},"111":{"start":{"line":215,"column":8},"end":{"line":215,"column":29}},"112":{"start":{"line":216,"column":8},"end":{"line":216,"column":20}},"113":{"start":{"line":218,"column":6},"end":{"line":218,"column":57}},"114":{"start":{"line":220,"column":4},"end":{"line":220,"column":44}},"115":{"start":{"line":229,"column":4},"end":{"line":239,"column":5}},"116":{"start":{"line":230,"column":19},"end":{"line":230,"column":43}},"117":{"start":{"line":231,"column":20},"end":{"line":231,"column":104}},"118":{"start":{"line":231,"column":40},"end":{"line":231,"column":100}},"119":{"start":{"line":232,"column":6},"end":{"line":237,"column":7}},"120":{"start":{"line":233,"column":8},"end":{"line":235,"column":9}},"121":{"start":{"line":234,"column":10},"end":{"line":234,"column":43}},"122":{"start":{"line":236,"column":8},"end":{"line":236,"column":21}},"123":{"start":{"line":238,"column":6},"end":{"line":238,"column":18}},"124":{"start":{"line":240,"column":4},"end":{"line":240,"column":51}},"125":{"start":{"line":250,"column":4},"end":{"line":254,"column":5}},"126":{"start":{"line":251,"column":6},"end":{"line":253,"column":9}},"127":{"start":{"line":252,"column":8},"end":{"line":252,"column":54}},"128":{"start":{"line":255,"column":4},"end":{"line":255,"column":16}},"129":{"start":{"line":260,"column":4},"end":{"line":265,"column":7}},"130":{"start":{"line":261,"column":6},"end":{"line":264,"column":7}},"131":{"start":{"line":262,"column":8},"end":{"line":262,"column":83}},"132":{"start":{"line":263,"column":8},"end":{"line":263,"column":53}},"133":{"start":{"line":268,"column":4},"end":{"line":278,"column":7}},"134":{"start":{"line":269,"column":6},"end":{"line":277,"column":7}},"135":{"start":{"line":270,"column":8},"end":{"line":270,"column":91}},"136":{"start":{"line":274,"column":8},"end":{"line":276,"column":11}},"137":{"start":{"line":275,"column":10},"end":{"line":275,"column":52}},"138":{"start":{"line":280,"column":4},"end":{"line":280,"column":16}},"139":{"start":{"line":283,"column":27},"end":{"line":283,"column":75}}},"fnMap":{"0":{"name":"(anonymous_0)","decl":{"start":{"line":9,"column":2},"end":{"line":9,"column":3}},"loc":{"start":{"line":9,"column":39},"end":{"line":16,"column":3}},"line":9},"1":{"name":"(anonymous_1)","decl":{"start":{"line":23,"column":2},"end":{"line":23,"column":3}},"loc":{"start":{"line":23,"column":22},"end":{"line":39,"column":3}},"line":23},"2":{"name":"(anonymous_2)","decl":{"start":{"line":26,"column":39},"end":{"line":26,"column":40}},"loc":{"start":{"line":26,"column":47},"end":{"line":26,"column":67}},"line":26},"3":{"name":"(anonymous_3)","decl":{"start":{"line":27,"column":34},"end":{"line":27,"column":35}},"loc":{"start":{"line":27,"column":45},"end":{"line":32,"column":5}},"line":27},"4":{"name":"(anonymous_4)","decl":{"start":{"line":41,"column":2},"end":{"line":41,"column":3}},"loc":{"start":{"line":41,"column":20},"end":{"line":47,"column":3}},"line":41},"5":{"name":"(anonymous_5)","decl":{"start":{"line":52,"column":2},"end":{"line":52,"column":3}},"loc":{"start":{"line":52,"column":22},"end":{"line":67,"column":3}},"line":52},"6":{"name":"(anonymous_6)","decl":{"start":{"line":54,"column":42},"end":{"line":54,"column":43}},"loc":{"start":{"line":54,"column":59},"end":{"line":58,"column":5}},"line":54},"7":{"name":"(anonymous_7)","decl":{"start":{"line":61,"column":32},"end":{"line":61,"column":33}},"loc":{"start":{"line":61,"column":40},"end":{"line":61,"column":169}},"line":61},"8":{"name":"(anonymous_8)","decl":{"start":{"line":62,"column":18},"end":{"line":62,"column":19}},"loc":{"start":{"line":62,"column":28},"end":{"line":64,"column":5}},"line":62},"9":{"name":"(anonymous_9)","decl":{"start":{"line":71,"column":2},"end":{"line":71,"column":3}},"loc":{"start":{"line":71,"column":30},"end":{"line":86,"column":3}},"line":71},"10":{"name":"(anonymous_10)","decl":{"start":{"line":73,"column":42},"end":{"line":73,"column":43}},"loc":{"start":{"line":73,"column":59},"end":{"line":80,"column":5}},"line":73},"11":{"name":"(anonymous_11)","decl":{"start":{"line":82,"column":18},"end":{"line":82,"column":19}},"loc":{"start":{"line":82,"column":26},"end":{"line":82,"column":30}},"line":82},"12":{"name":"(anonymous_12)","decl":{"start":{"line":82,"column":40},"end":{"line":82,"column":41}},"loc":{"start":{"line":82,"column":50},"end":{"line":84,"column":5}},"line":82},"13":{"name":"(anonymous_13)","decl":{"start":{"line":91,"column":2},"end":{"line":91,"column":3}},"loc":{"start":{"line":91,"column":23},"end":{"line":105,"column":3}},"line":91},"14":{"name":"(anonymous_14)","decl":{"start":{"line":110,"column":2},"end":{"line":110,"column":3}},"loc":{"start":{"line":110,"column":19},"end":{"line":116,"column":3}},"line":110},"15":{"name":"(anonymous_15)","decl":{"start":{"line":121,"column":2},"end":{"line":121,"column":3}},"loc":{"start":{"line":121,"column":22},"end":{"line":137,"column":3}},"line":121},"16":{"name":"(anonymous_16)","decl":{"start":{"line":142,"column":2},"end":{"line":142,"column":3}},"loc":{"start":{"line":142,"column":29},"end":{"line":166,"column":3}},"line":142},"17":{"name":"(anonymous_17)","decl":{"start":{"line":146,"column":17},"end":{"line":146,"column":18}},"loc":{"start":{"line":146,"column":26},"end":{"line":160,"column":5}},"line":146},"18":{"name":"(anonymous_18)","decl":{"start":{"line":175,"column":2},"end":{"line":175,"column":3}},"loc":{"start":{"line":175,"column":41},"end":{"line":195,"column":3}},"line":175},"19":{"name":"(anonymous_19)","decl":{"start":{"line":181,"column":27},"end":{"line":181,"column":28}},"loc":{"start":{"line":181,"column":35},"end":{"line":181,"column":95}},"line":181},"20":{"name":"(anonymous_20)","decl":{"start":{"line":185,"column":38},"end":{"line":185,"column":39}},"loc":{"start":{"line":185,"column":47},"end":{"line":187,"column":9}},"line":185},"21":{"name":"(anonymous_21)","decl":{"start":{"line":202,"column":2},"end":{"line":202,"column":3}},"loc":{"start":{"line":202,"column":26},"end":{"line":221,"column":3}},"line":202},"22":{"name":"(anonymous_22)","decl":{"start":{"line":209,"column":27},"end":{"line":209,"column":28}},"loc":{"start":{"line":209,"column":35},"end":{"line":209,"column":95}},"line":209},"23":{"name":"(anonymous_23)","decl":{"start":{"line":211,"column":33},"end":{"line":211,"column":34}},"loc":{"start":{"line":211,"column":41},"end":{"line":211,"column":62}},"line":211},"24":{"name":"(anonymous_24)","decl":{"start":{"line":212,"column":27},"end":{"line":212,"column":28}},"loc":{"start":{"line":212,"column":37},"end":{"line":214,"column":9}},"line":212},"25":{"name":"(anonymous_25)","decl":{"start":{"line":228,"column":2},"end":{"line":228,"column":3}},"loc":{"start":{"line":228,"column":27},"end":{"line":241,"column":3}},"line":228},"26":{"name":"(anonymous_26)","decl":{"start":{"line":231,"column":32},"end":{"line":231,"column":33}},"loc":{"start":{"line":231,"column":40},"end":{"line":231,"column":100}},"line":231},"27":{"name":"(anonymous_27)","decl":{"start":{"line":249,"column":2},"end":{"line":249,"column":3}},"loc":{"start":{"line":249,"column":28},"end":{"line":256,"column":3}},"line":249},"28":{"name":"(anonymous_28)","decl":{"start":{"line":251,"column":34},"end":{"line":251,"column":35}},"loc":{"start":{"line":251,"column":44},"end":{"line":253,"column":7}},"line":251},"29":{"name":"(anonymous_29)","decl":{"start":{"line":258,"column":2},"end":{"line":258,"column":3}},"loc":{"start":{"line":258,"column":22},"end":{"line":281,"column":3}},"line":258},"30":{"name":"(anonymous_30)","decl":{"start":{"line":260,"column":35},"end":{"line":260,"column":36}},"loc":{"start":{"line":260,"column":44},"end":{"line":265,"column":5}},"line":260},"31":{"name":"(anonymous_31)","decl":{"start":{"line":268,"column":43},"end":{"line":268,"column":44}},"loc":{"start":{"line":268,"column":52},"end":{"line":278,"column":5}},"line":268},"32":{"name":"(anonymous_32)","decl":{"start":{"line":274,"column":31},"end":{"line":274,"column":32}},"loc":{"start":{"line":274,"column":48},"end":{"line":276,"column":9}},"line":274},"33":{"name":"(anonymous_33)","decl":{"start":{"line":283,"column":19},"end":{"line":283,"column":20}},"loc":{"start":{"line":283,"column":27},"end":{"line":283,"column":75}},"line":283}},"branchMap":{"0":{"loc":{"start":{"line":9,"column":24},"end":{"line":9,"column":37}},"type":"default-arg","locations":[{"start":{"line":9,"column":35},"end":{"line":9,"column":37}}],"line":9},"1":{"loc":{"start":{"line":10,"column":4},"end":{"line":12,"column":5}},"type":"if","locations":[{"start":{"line":10,"column":4},"end":{"line":12,"column":5}},{"start":{"line":10,"column":4},"end":{"line":12,"column":5}}],"line":10},"2":{"loc":{"start":{"line":28,"column":6},"end":{"line":30,"column":7}},"type":"if","locations":[{"start":{"line":28,"column":6},"end":{"line":30,"column":7}},{"start":{"line":28,"column":6},"end":{"line":30,"column":7}}],"line":28},"3":{"loc":{"start":{"line":28,"column":10},"end":{"line":28,"column":112}},"type":"binary-expr","locations":[{"start":{"line":28,"column":10},"end":{"line":28,"column":53}},{"start":{"line":28,"column":57},"end":{"line":28,"column":112}}],"line":28},"4":{"loc":{"start":{"line":34,"column":4},"end":{"line":36,"column":5}},"type":"if","locations":[{"start":{"line":34,"column":4},"end":{"line":36,"column":5}},{"start":{"line":34,"column":4},"end":{"line":36,"column":5}}],"line":34},"5":{"loc":{"start":{"line":43,"column":4},"end":{"line":45,"column":5}},"type":"if","locations":[{"start":{"line":43,"column":4},"end":{"line":45,"column":5}},{"start":{"line":43,"column":4},"end":{"line":45,"column":5}}],"line":43},"6":{"loc":{"start":{"line":43,"column":8},"end":{"line":43,"column":66}},"type":"binary-expr","locations":[{"start":{"line":43,"column":8},"end":{"line":43,"column":12}},{"start":{"line":43,"column":16},"end":{"line":43,"column":41}},{"start":{"line":43,"column":45},"end":{"line":43,"column":53}},{"start":{"line":43,"column":57},"end":{"line":43,"column":66}}],"line":43},"7":{"loc":{"start":{"line":61,"column":40},"end":{"line":61,"column":169}},"type":"binary-expr","locations":[{"start":{"line":61,"column":40},"end":{"line":61,"column":84}},{"start":{"line":61,"column":88},"end":{"line":61,"column":115}},{"start":{"line":61,"column":119},"end":{"line":61,"column":169}}],"line":61},"8":{"loc":{"start":{"line":74,"column":6},"end":{"line":78,"column":7}},"type":"if","locations":[{"start":{"line":74,"column":6},"end":{"line":78,"column":7}},{"start":{"line":74,"column":6},"end":{"line":78,"column":7}}],"line":74},"9":{"loc":{"start":{"line":74,"column":10},"end":{"line":74,"column":66}},"type":"binary-expr","locations":[{"start":{"line":74,"column":10},"end":{"line":74,"column":43}},{"start":{"line":74,"column":47},"end":{"line":74,"column":66}}],"line":74},"10":{"loc":{"start":{"line":92,"column":4},"end":{"line":104,"column":5}},"type":"if","locations":[{"start":{"line":92,"column":4},"end":{"line":104,"column":5}},{"start":{"line":92,"column":4},"end":{"line":104,"column":5}}],"line":92},"11":{"loc":{"start":{"line":94,"column":11},"end":{"line":104,"column":5}},"type":"if","locations":[{"start":{"line":94,"column":11},"end":{"line":104,"column":5}},{"start":{"line":94,"column":11},"end":{"line":104,"column":5}}],"line":94},"12":{"loc":{"start":{"line":94,"column":15},"end":{"line":94,"column":95}},"type":"binary-expr","locations":[{"start":{"line":94,"column":15},"end":{"line":94,"column":45}},{"start":{"line":94,"column":49},"end":{"line":94,"column":95}}],"line":94},"13":{"loc":{"start":{"line":96,"column":11},"end":{"line":104,"column":5}},"type":"if","locations":[{"start":{"line":96,"column":11},"end":{"line":104,"column":5}},{"start":{"line":96,"column":11},"end":{"line":104,"column":5}}],"line":96},"14":{"loc":{"start":{"line":96,"column":15},"end":{"line":96,"column":99}},"type":"binary-expr","locations":[{"start":{"line":96,"column":15},"end":{"line":96,"column":49}},{"start":{"line":96,"column":53},"end":{"line":96,"column":99}}],"line":96},"15":{"loc":{"start":{"line":98,"column":11},"end":{"line":104,"column":5}},"type":"if","locations":[{"start":{"line":98,"column":11},"end":{"line":104,"column":5}},{"start":{"line":98,"column":11},"end":{"line":104,"column":5}}],"line":98},"16":{"loc":{"start":{"line":100,"column":11},"end":{"line":104,"column":5}},"type":"if","locations":[{"start":{"line":100,"column":11},"end":{"line":104,"column":5}},{"start":{"line":100,"column":11},"end":{"line":104,"column":5}}],"line":100},"17":{"loc":{"start":{"line":112,"column":4},"end":{"line":114,"column":5}},"type":"if","locations":[{"start":{"line":112,"column":4},"end":{"line":114,"column":5}},{"start":{"line":112,"column":4},"end":{"line":114,"column":5}}],"line":112},"18":{"loc":{"start":{"line":112,"column":8},"end":{"line":112,"column":43}},"type":"binary-expr","locations":[{"start":{"line":112,"column":8},"end":{"line":112,"column":16}},{"start":{"line":112,"column":20},"end":{"line":112,"column":43}}],"line":112},"19":{"loc":{"start":{"line":124,"column":6},"end":{"line":126,"column":7}},"type":"if","locations":[{"start":{"line":124,"column":6},"end":{"line":126,"column":7}},{"start":{"line":124,"column":6},"end":{"line":126,"column":7}}],"line":124},"20":{"loc":{"start":{"line":130,"column":17},"end":{"line":130,"column":77}},"type":"cond-expr","locations":[{"start":{"line":130,"column":40},"end":{"line":130,"column":72}},{"start":{"line":130,"column":76},"end":{"line":130,"column":77}}],"line":130},"21":{"loc":{"start":{"line":147,"column":6},"end":{"line":159,"column":7}},"type":"if","locations":[{"start":{"line":147,"column":6},"end":{"line":159,"column":7}},{"start":{"line":147,"column":6},"end":{"line":159,"column":7}}],"line":147},"22":{"loc":{"start":{"line":149,"column":13},"end":{"line":159,"column":7}},"type":"if","locations":[{"start":{"line":149,"column":13},"end":{"line":159,"column":7}},{"start":{"line":149,"column":13},"end":{"line":159,"column":7}}],"line":149},"23":{"loc":{"start":{"line":149,"column":17},"end":{"line":149,"column":87}},"type":"binary-expr","locations":[{"start":{"line":149,"column":17},"end":{"line":149,"column":32}},{"start":{"line":149,"column":36},"end":{"line":149,"column":87}}],"line":149},"24":{"loc":{"start":{"line":151,"column":13},"end":{"line":159,"column":7}},"type":"if","locations":[{"start":{"line":151,"column":13},"end":{"line":159,"column":7}},{"start":{"line":151,"column":13},"end":{"line":159,"column":7}}],"line":151},"25":{"loc":{"start":{"line":151,"column":17},"end":{"line":151,"column":193}},"type":"binary-expr","locations":[{"start":{"line":151,"column":17},"end":{"line":151,"column":32}},{"start":{"line":151,"column":38},"end":{"line":151,"column":101}},{"start":{"line":151,"column":107},"end":{"line":151,"column":145}},{"start":{"line":151,"column":149},"end":{"line":151,"column":191}}],"line":151},"26":{"loc":{"start":{"line":153,"column":13},"end":{"line":159,"column":7}},"type":"if","locations":[{"start":{"line":153,"column":13},"end":{"line":159,"column":7}},{"start":{"line":153,"column":13},"end":{"line":159,"column":7}}],"line":153},"27":{"loc":{"start":{"line":153,"column":17},"end":{"line":153,"column":104}},"type":"binary-expr","locations":[{"start":{"line":153,"column":17},"end":{"line":153,"column":32}},{"start":{"line":153,"column":36},"end":{"line":153,"column":63}},{"start":{"line":153,"column":67},"end":{"line":153,"column":104}}],"line":153},"28":{"loc":{"start":{"line":155,"column":13},"end":{"line":159,"column":7}},"type":"if","locations":[{"start":{"line":155,"column":13},"end":{"line":159,"column":7}},{"start":{"line":155,"column":13},"end":{"line":159,"column":7}}],"line":155},"29":{"loc":{"start":{"line":155,"column":17},"end":{"line":155,"column":97}},"type":"binary-expr","locations":[{"start":{"line":155,"column":17},"end":{"line":155,"column":32}},{"start":{"line":155,"column":36},"end":{"line":155,"column":55}},{"start":{"line":155,"column":59},"end":{"line":155,"column":97}}],"line":155},"30":{"loc":{"start":{"line":157,"column":13},"end":{"line":159,"column":7}},"type":"if","locations":[{"start":{"line":157,"column":13},"end":{"line":159,"column":7}},{"start":{"line":157,"column":13},"end":{"line":159,"column":7}}],"line":157},"31":{"loc":{"start":{"line":157,"column":17},"end":{"line":157,"column":115}},"type":"binary-expr","locations":[{"start":{"line":157,"column":17},"end":{"line":157,"column":32}},{"start":{"line":157,"column":36},"end":{"line":157,"column":87}},{"start":{"line":157,"column":91},"end":{"line":157,"column":115}}],"line":157},"32":{"loc":{"start":{"line":162,"column":4},"end":{"line":164,"column":5}},"type":"if","locations":[{"start":{"line":162,"column":4},"end":{"line":164,"column":5}},{"start":{"line":162,"column":4},"end":{"line":164,"column":5}}],"line":162},"33":{"loc":{"start":{"line":162,"column":8},"end":{"line":162,"column":43}},"type":"binary-expr","locations":[{"start":{"line":162,"column":8},"end":{"line":162,"column":21}},{"start":{"line":162,"column":25},"end":{"line":162,"column":43}}],"line":162},"34":{"loc":{"start":{"line":178,"column":4},"end":{"line":193,"column":5}},"type":"if","locations":[{"start":{"line":178,"column":4},"end":{"line":193,"column":5}},{"start":{"line":178,"column":4},"end":{"line":193,"column":5}}],"line":178},"35":{"loc":{"start":{"line":178,"column":8},"end":{"line":178,"column":64}},"type":"binary-expr","locations":[{"start":{"line":178,"column":8},"end":{"line":178,"column":33}},{"start":{"line":178,"column":37},"end":{"line":178,"column":64}}],"line":178},"36":{"loc":{"start":{"line":182,"column":6},"end":{"line":191,"column":7}},"type":"if","locations":[{"start":{"line":182,"column":6},"end":{"line":191,"column":7}},{"start":{"line":182,"column":6},"end":{"line":191,"column":7}}],"line":182},"37":{"loc":{"start":{"line":207,"column":4},"end":{"line":219,"column":5}},"type":"if","locations":[{"start":{"line":207,"column":4},"end":{"line":219,"column":5}},{"start":{"line":207,"column":4},"end":{"line":219,"column":5}}],"line":207},"38":{"loc":{"start":{"line":210,"column":6},"end":{"line":217,"column":7}},"type":"if","locations":[{"start":{"line":210,"column":6},"end":{"line":217,"column":7}},{"start":{"line":210,"column":6},"end":{"line":217,"column":7}}],"line":210},"39":{"loc":{"start":{"line":229,"column":4},"end":{"line":239,"column":5}},"type":"if","locations":[{"start":{"line":229,"column":4},"end":{"line":239,"column":5}},{"start":{"line":229,"column":4},"end":{"line":239,"column":5}}],"line":229},"40":{"loc":{"start":{"line":232,"column":6},"end":{"line":237,"column":7}},"type":"if","locations":[{"start":{"line":232,"column":6},"end":{"line":237,"column":7}},{"start":{"line":232,"column":6},"end":{"line":237,"column":7}}],"line":232},"41":{"loc":{"start":{"line":233,"column":8},"end":{"line":235,"column":9}},"type":"if","locations":[{"start":{"line":233,"column":8},"end":{"line":235,"column":9}},{"start":{"line":233,"column":8},"end":{"line":235,"column":9}}],"line":233},"42":{"loc":{"start":{"line":233,"column":12},"end":{"line":233,"column":47}},"type":"binary-expr","locations":[{"start":{"line":233,"column":12},"end":{"line":233,"column":20}},{"start":{"line":233,"column":24},"end":{"line":233,"column":47}}],"line":233},"43":{"loc":{"start":{"line":249,"column":10},"end":{"line":249,"column":26}},"type":"default-arg","locations":[{"start":{"line":249,"column":17},"end":{"line":249,"column":26}}],"line":249},"44":{"loc":{"start":{"line":250,"column":4},"end":{"line":254,"column":5}},"type":"if","locations":[{"start":{"line":250,"column":4},"end":{"line":254,"column":5}},{"start":{"line":250,"column":4},"end":{"line":254,"column":5}}],"line":250},"45":{"loc":{"start":{"line":250,"column":8},"end":{"line":250,"column":86}},"type":"binary-expr","locations":[{"start":{"line":250,"column":8},"end":{"line":250,"column":41}},{"start":{"line":250,"column":45},"end":{"line":250,"column":86}}],"line":250},"46":{"loc":{"start":{"line":261,"column":6},"end":{"line":264,"column":7}},"type":"if","locations":[{"start":{"line":261,"column":6},"end":{"line":264,"column":7}},{"start":{"line":261,"column":6},"end":{"line":264,"column":7}}],"line":261},"47":{"loc":{"start":{"line":269,"column":6},"end":{"line":277,"column":7}},"type":"if","locations":[{"start":{"line":269,"column":6},"end":{"line":277,"column":7}},{"start":{"line":269,"column":6},"end":{"line":277,"column":7}}],"line":269},"48":{"loc":{"start":{"line":269,"column":10},"end":{"line":269,"column":64}},"type":"binary-expr","locations":[{"start":{"line":269,"column":10},"end":{"line":269,"column":24}},{"start":{"line":269,"column":28},"end":{"line":269,"column":64}}],"line":269}},"s":{"0":15,"1":0,"2":15,"3":15,"4":15,"5":15,"6":15,"7":15,"8":90,"9":15,"10":60,"11":60,"12":0,"13":15,"14":15,"15":0,"16":15,"17":15,"18":6,"19":0,"20":6,"21":16,"22":16,"23":65,"24":65,"25":65,"26":16,"27":16,"28":16,"29":65,"30":16,"31":9,"32":16,"33":16,"34":16,"35":16,"36":65,"37":8,"38":8,"39":8,"40":57,"41":16,"42":16,"43":65,"44":8,"45":16,"46":38,"47":1,"48":37,"49":31,"50":6,"51":3,"52":3,"53":1,"54":2,"55":1,"56":1,"57":6,"58":6,"59":1,"60":5,"61":70,"62":70,"63":69,"64":0,"65":69,"66":69,"67":69,"68":69,"69":69,"70":1,"71":84,"72":84,"73":84,"74":466,"75":0,"76":466,"77":186,"78":280,"79":98,"80":182,"81":0,"82":182,"83":0,"84":182,"85":1,"86":83,"87":5,"88":83,"89":7,"90":7,"91":7,"92":70,"93":7,"94":7,"95":7,"96":7,"97":7,"98":7,"99":0,"100":0,"101":5,"102":5,"103":5,"104":5,"105":59,"106":5,"107":5,"108":59,"109":5,"110":54,"111":5,"112":5,"113":0,"114":0,"115":26,"116":23,"117":23,"118":221,"119":23,"120":18,"121":1,"122":17,"123":5,"124":0,"125":2,"126":2,"127":11,"128":2,"129":13,"130":13,"131":13,"132":13,"133":13,"134":23,"135":12,"136":12,"137":35,"138":13,"139":69},"f":{"0":15,"1":15,"2":90,"3":60,"4":6,"5":16,"6":65,"7":65,"8":9,"9":16,"10":65,"11":65,"12":8,"13":38,"14":6,"15":70,"16":84,"17":466,"18":7,"19":70,"20":7,"21":5,"22":59,"23":59,"24":54,"25":26,"26":221,"27":2,"28":11,"29":13,"30":13,"31":23,"32":35,"33":69},"b":{"0":[9],"1":[0,15],"2":[60,0],"3":[60,15],"4":[0,15],"5":[0,6],"6":[6,6,6,6],"7":[65,18,10],"8":[8,57],"9":[65,8],"10":[1,37],"11":[31,6],"12":[37,31],"13":[3,3],"14":[6,3],"15":[1,2],"16":[1,1],"17":[1,5],"18":[6,1],"19":[0,69],"20":[60,9],"21":[0,466],"22":[186,280],"23":[466,285],"24":[98,182],"25":[280,99,56,56],"26":[0,182],"27":[182,1,0],"28":[0,182],"29":[182,1,0],"30":[1,181],"31":[182,1,1],"32":[5,78],"33":[83,5],"34":[7,0],"35":[7,7],"36":[7,0],"37":[5,0],"38":[5,0],"39":[23,0],"40":[18,5],"41":[1,17],"42":[18,1],"43":[1],"44":[2,0],"45":[2,0],"46":[13,0],"47":[12,11],"48":[23,12]},"_coverageSchema":"332fd63041d2c1bcb487cc26dd0d5f7d97098a6c","hash":"ad6efd37ba6d9bb272a0ee8c8067fac5fb7262c8","contentHash":"fbf047a5c347604fbefd03d04646de4b_11.7.1"},"/Users/book/Desktop/projects/Andela/BookAMeal/server/databases/data/users.js":{"path":"/Users/book/Desktop/projects/Andela/BookAMeal/server/databases/data/users.js","statementMap":{"0":{"start":{"line":1,"column":14},"end":{"line":83,"column":1}}},"fnMap":{},"branchMap":{},"s":{"0":1},"f":{},"b":{},"_coverageSchema":"332fd63041d2c1bcb487cc26dd0d5f7d97098a6c","hash":"00fff3e90d0f317715bdc0da1f99087b9a7cd65e","contentHash":"90174abfcef095f50627aa67a2f0bc02_11.7.1"},"/Users/book/Desktop/projects/Andela/BookAMeal/server/controllers/auth/index.js":{"path":"/Users/book/Desktop/projects/Andela/BookAMeal/server/controllers/auth/index.js","statementMap":{"0":{"start":{"line":10,"column":4},"end":{"line":13,"column":13}},"1":{"start":{"line":11,"column":6},"end":{"line":11,"column":47}},"2":{"start":{"line":12,"column":6},"end":{"line":12,"column":38}},"3":{"start":{"line":17,"column":4},"end":{"line":20,"column":13}},"4":{"start":{"line":18,"column":6},"end":{"line":18,"column":55}},"5":{"start":{"line":19,"column":6},"end":{"line":19,"column":36}},"6":{"start":{"line":24,"column":23},"end":{"line":24,"column":48}}},"fnMap":{"0":{"name":"(anonymous_0)","decl":{"start":{"line":9,"column":11},"end":{"line":9,"column":12}},"loc":{"start":{"line":9,"column":31},"end":{"line":14,"column":3}},"line":9},"1":{"name":"(anonymous_1)","decl":{"start":{"line":10,"column":24},"end":{"line":10,"column":25}},"loc":{"start":{"line":10,"column":36},"end":{"line":13,"column":5}},"line":10},"2":{"name":"(anonymous_2)","decl":{"start":{"line":16,"column":17},"end":{"line":16,"column":18}},"loc":{"start":{"line":16,"column":37},"end":{"line":21,"column":3}},"line":16},"3":{"name":"(anonymous_3)","decl":{"start":{"line":17,"column":24},"end":{"line":17,"column":25}},"loc":{"start":{"line":17,"column":36},"end":{"line":20,"column":5}},"line":17}},"branchMap":{},"s":{"0":2,"1":2,"2":1,"3":2,"4":2,"5":1,"6":1},"f":{"0":2,"1":2,"2":2,"3":2},"b":{},"_coverageSchema":"332fd63041d2c1bcb487cc26dd0d5f7d97098a6c","hash":"c8ef8332b68756146c9d1e2788178d33f8353eef","contentHash":"a6830c83e9c6d623758e9269ccd71041_11.7.1"},"/Users/book/Desktop/projects/Andela/BookAMeal/server/controllers/base-controller.js":{"path":"/Users/book/Desktop/projects/Andela/BookAMeal/server/controllers/base-controller.js","statementMap":{"0":{"start":{"line":8,"column":4},"end":{"line":12,"column":5}},"1":{"start":{"line":9,"column":6},"end":{"line":9,"column":26}},"2":{"start":{"line":11,"column":6},"end":{"line":11,"column":14}},"3":{"start":{"line":16,"column":4},"end":{"line":16,"column":35}},"4":{"start":{"line":20,"column":4},"end":{"line":20,"column":35}},"5":{"start":{"line":24,"column":4},"end":{"line":24,"column":38}},"6":{"start":{"line":28,"column":4},"end":{"line":28,"column":38}}},"fnMap":{"0":{"name":"(anonymous_0)","decl":{"start":{"line":7,"column":2},"end":{"line":7,"column":3}},"loc":{"start":{"line":7,"column":35},"end":{"line":13,"column":3}},"line":7},"1":{"name":"(anonymous_1)","decl":{"start":{"line":15,"column":2},"end":{"line":15,"column":3}},"loc":{"start":{"line":15,"column":29},"end":{"line":17,"column":3}},"line":15},"2":{"name":"(anonymous_2)","decl":{"start":{"line":19,"column":2},"end":{"line":19,"column":3}},"loc":{"start":{"line":19,"column":27},"end":{"line":21,"column":3}},"line":19},"3":{"name":"(anonymous_3)","decl":{"start":{"line":23,"column":2},"end":{"line":23,"column":3}},"loc":{"start":{"line":23,"column":29},"end":{"line":25,"column":3}},"line":23},"4":{"name":"(anonymous_4)","decl":{"start":{"line":27,"column":2},"end":{"line":27,"column":3}},"loc":{"start":{"line":27,"column":32},"end":{"line":29,"column":3}},"line":27}},"branchMap":{},"s":{"0":27,"1":27,"2":2,"3":10,"4":11,"5":1,"6":3},"f":{"0":27,"1":10,"2":11,"3":1,"4":3},"b":{},"_coverageSchema":"332fd63041d2c1bcb487cc26dd0d5f7d97098a6c","hash":"fb0a5f2d2c20e9cdb2cce0774234eea731d30c6b","contentHash":"feff279ae615167c0de29f879d43fa7d_11.7.1"},"/Users/book/Desktop/projects/Andela/BookAMeal/server/services/auth/auth.js":{"path":"/Users/book/Desktop/projects/Andela/BookAMeal/server/services/auth/auth.js","statementMap":{"0":{"start":{"line":8,"column":17},"end":{"line":8,"column":23}},"1":{"start":{"line":14,"column":4},"end":{"line":14,"column":12}},"2":{"start":{"line":15,"column":4},"end":{"line":18,"column":5}},"3":{"start":{"line":16,"column":6},"end":{"line":16,"column":25}},"4":{"start":{"line":17,"column":6},"end":{"line":17,"column":29}},"5":{"start":{"line":22,"column":4},"end":{"line":58,"column":5}},"6":{"start":{"line":23,"column":23},"end":{"line":23,"column":25}},"7":{"start":{"line":24,"column":6},"end":{"line":29,"column":9}},"8":{"start":{"line":25,"column":8},"end":{"line":27,"column":9}},"9":{"start":{"line":26,"column":10},"end":{"line":26,"column":17}},"10":{"start":{"line":28,"column":8},"end":{"line":28,"column":72}},"11":{"start":{"line":30,"column":6},"end":{"line":49,"column":7}},"12":{"start":{"line":31,"column":8},"end":{"line":43,"column":11}},"13":{"start":{"line":32,"column":10},"end":{"line":41,"column":11}},"14":{"start":{"line":33,"column":12},"end":{"line":33,"column":48}},"15":{"start":{"line":34,"column":12},"end":{"line":34,"column":19}},"16":{"start":{"line":35,"column":17},"end":{"line":41,"column":11}},"17":{"start":{"line":36,"column":12},"end":{"line":39,"column":13}},"18":{"start":{"line":37,"column":14},"end":{"line":37,"column":38}},"19":{"start":{"line":38,"column":14},"end":{"line":38,"column":21}},"20":{"start":{"line":40,"column":12},"end":{"line":40,"column":38}},"21":{"start":{"line":42,"column":10},"end":{"line":42,"column":36}},"22":{"start":{"line":45,"column":8},"end":{"line":45,"column":51}},"23":{"start":{"line":46,"column":8},"end":{"line":46,"column":59}},"24":{"start":{"line":47,"column":22},"end":{"line":47,"column":63}},"25":{"start":{"line":48,"column":8},"end":{"line":48,"column":54}},"26":{"start":{"line":51,"column":6},"end":{"line":56,"column":7}},"27":{"start":{"line":52,"column":8},"end":{"line":54,"column":9}},"28":{"start":{"line":53,"column":10},"end":{"line":53,"column":81}},"29":{"start":{"line":55,"column":8},"end":{"line":55,"column":5
[...]
"23":1,"24":1},"f":{"0":1,"1":1,"2":1,"3":1,"4":1,"5":1,"6":1,"7":1},"b":{},"_coverageSchema":"332fd63041d2c1bcb487cc26dd0d5f7d97098a6c","hash":"57835177a157ae2edbbdbb30513919c0eabcd0c7","contentHash":"7e81178ea88fac7cb48296d6334d3f80_11.7.1"},"/Users/book/Desktop/projects/Andela/BookAMeal/server/tests/unit/models/user.spec.js":{"path":"/Users/book/Desktop/projects/Andela/BookAMeal/server/tests/unit/models/user.spec.js","statementMap":{"0":{"start":{"line":5,"column":26},"end":{"line":5,"column":32}},"1":{"start":{"line":12,"column":0},"end":{"line":83,"column":3}},"2":{"start":{"line":14,"column":2},"end":{"line":17,"column":5}},"3":{"start":{"line":16,"column":4},"end":{"line":16,"column":44}},"4":{"start":{"line":19,"column":2},"end":{"line":63,"column":5}},"5":{"start":{"line":21,"column":4},"end":{"line":26,"column":7}},"6":{"start":{"line":22,"column":6},"end":{"line":22,"column":44}},"7":{"start":{"line":24,"column":6},"end":{"line":24,"column":37}},"8":{"start":{"line":25,"column":6},"end":{"line":25,"column":40}},"9":{"start":{"line":28,"column":4},"end":{"line":34,"column":7}},"10":{"start":{"line":29,"column":6},"end":{"line":33,"column":7}},"11":{"start":{"line":30,"column":8},"end":{"line":30,"column":46}},"12":{"start":{"line":32,"column":8},"end":{"line":32,"column":27}},"13":{"start":{"line":36,"column":4},"end":{"line":62,"column":7}},"14":{"start":{"line":37,"column":6},"end":{"line":43,"column":9}},"15":{"start":{"line":38,"column":8},"end":{"line":38,"column":151}},"16":{"start":{"line":39,"column":8},"end":{"line":39,"column":38}},"17":{"start":{"line":42,"column":8},"end":{"line":42,"column":20}},"18":{"start":{"line":45,"column":6},"end":{"line":52,"column":9}},"19":{"start":{"line":46,"column":8},"end":{"line":51,"column":9}},"20":{"start":{"line":47,"column":10},"end":{"line":47,"column":99}},"21":{"start":{"line":48,"column":10},"end":{"line":48,"column":40}},"22":{"start":{"line":50,"column":10},"end":{"line":50,"column":29}},"23":{"start":{"line":54,"column":6},"end":{"line":61,"column":9}},"24":{"start":{"line":55,"column":8},"end":{"line":60,"column":9}},"25":{"start":{"line":56,"column":10},"end":{"line":56,"column":101}},"26":{"start":{"line":57,"column":10},"end":{"line":57,"column":40}},"27":{"start":{"line":59,"column":10},"end":{"line":59,"column":29}},"28":{"start":{"line":65,"column":2},"end":{"line":82,"column":5}},"29":{"start":{"line":66,"column":4},"end":{"line":75,"column":7}},"30":{"start":{"line":69,"column":6},"end":{"line":69,"column":42}},"31":{"start":{"line":70,"column":6},"end":{"line":74,"column":9}},"32":{"start":{"line":77,"column":4},"end":{"line":81,"column":7}},"33":{"start":{"line":78,"column":6},"end":{"line":78,"column":96}},"34":{"start":{"line":79,"column":6},"end":{"line":79,"column":46}},"35":{"start":{"line":80,"column":6},"end":{"line":80,"column":78}}},"fnMap":{"0":{"name":"(anonymous_0)","decl":{"start":{"line":12,"column":32},"end":{"line":12,"column":33}},"loc":{"start":{"line":12,"column":38},"end":{"line":83,"column":1}},"line":12},"1":{"name":"(anonymous_1)","decl":{"start":{"line":14,"column":9},"end":{"line":14,"column":10}},"loc":{"start":{"line":14,"column":21},"end":{"line":17,"column":3}},"line":14},"2":{"name":"(anonymous_2)","decl":{"start":{"line":19,"column":31},"end":{"line":19,"column":32}},"loc":{"start":{"line":19,"column":37},"end":{"line":63,"column":3}},"line":19},"3":{"name":"(anonymous_3)","decl":{"start":{"line":21,"column":66},"end":{"line":21,"column":67}},"loc":{"start":{"line":21,"column":78},"end":{"line":26,"column":5}},"line":21},"4":{"name":"(anonymous_4)","decl":{"start":{"line":28,"column":43},"end":{"line":28,"column":44}},"loc":{"start":{"line":28,"column":55},"end":{"line":34,"column":5}},"line":28},"5":{"name":"(anonymous_5)","decl":{"start":{"line":36,"column":38},"end":{"line":36,"column":39}},"loc":{"start":{"line":36,"column":50},"end":{"line":62,"column":5}},"line":36},"6":{"name":"(anonymous_6)","decl":{"start":{"line":37,"column":13},"end":{"line":37,"column":14}},"loc":{"start":{"line":37,"column":25},"end":{"line":43,"column":7}},"line":37},"7":{"name":"(anonymous_7)","decl":{"start":{"line":45,"column":68},"end":{"line":45,"column":69}},"loc":{"start":{"line":45,"column":80},"end":{"line":52,"column":7}},"line":45},"8":{"name":"(anonymous_8)","decl":{"start":{"line":54,"column":65},"end":{"line":54,"column":66}},"loc":{"start":{"line":54,"column":77},"end":{"line":61,"column":7}},"line":54},"9":{"name":"(anonymous_9)","decl":{"start":{"line":65,"column":38},"end":{"line":65,"column":39}},"loc":{"start":{"line":65,"column":44},"end":{"line":82,"column":3}},"line":65},"10":{"name":"(anonymous_10)","decl":{"start":{"line":66,"column":11},"end":{"line":66,"column":12}},"loc":{"start":{"line":66,"column":23},"end":{"line":75,"column":5}},"line":66},"11":{"name":"(anonymous_11)","decl":{"start":{"line":77,"column":66},"end":{"line":77,"column":67}},"loc":{"start":{"line":77,"column":78},"end":{"line":81,"column":5}},"line":77}},"branchMap":{},"s":{"0":1,"1":1,"2":1,"3":1,"4":1,"5":1,"6":1,"7":1,"8":1,"9":1,"10":1,"11":1,"12":1,"13":1,"14":1,"15":1,"16":1,"17":1,"18":1,"19":1,"20":1,"21":1,"22":1,"23":1,"24":1,"25":1,"26":1,"27":1,"28":1,"29":1,"30":1,"31":1,"32":1,"33":1,"34":1,"35":1},"f":{"0":1,"1":1,"2":1,"3":1,"4":1,"5":1,"6":1,"7":1,"8":1,"9":1,"10":1,"11":1},"b":{},"_coverageSchema":"332fd63041d2c1bcb487cc26dd0d5f7d97098a6c","hash":"8a5bb897ae7709ba1034a0313187c2ab29dcc4cf","contentHash":"25c2f8bedb86de4bdbdd7876deccea58_11.7.1"},"/Users/book/Desktop/projects/Andela/BookAMeal/server/tests/unit/orders/index.spec.js":{"path":"/Users/book/Desktop/projects/Andela/BookAMeal/server/tests/unit/orders/index.spec.js","statementMap":{"0":{"start":{"line":13,"column":39},"end":{"line":13,"column":45}},"1":{"start":{"line":15,"column":0},"end":{"line":88,"column":3}},"2":{"start":{"line":16,"column":2},"end":{"line":20,"column":5}},"3":{"start":{"line":17,"column":4},"end":{"line":17,"column":50}},"4":{"start":{"line":18,"column":4},"end":{"line":18,"column":35}},"5":{"start":{"line":19,"column":4},"end":{"line":19,"column":90}},"6":{"start":{"line":22,"column":2},"end":{"line":25,"column":5}},"7":{"start":{"line":23,"column":4},"end":{"line":23,"column":52}},"8":{"start":{"line":24,"column":4},"end":{"line":24,"column":51}},"9":{"start":{"line":27,"column":2},"end":{"line":34,"column":5}},"10":{"start":{"line":28,"column":4},"end":{"line":33,"column":5}},"11":{"start":{"line":29,"column":6},"end":{"line":29,"column":77}},"12":{"start":{"line":30,"column":6},"end":{"line":30,"column":40}},"13":{"start":{"line":32,"column":6},"end":{"line":32,"column":25}},"14":{"start":{"line":36,"column":2},"end":{"line":41,"column":5}},"15":{"start":{"line":37,"column":4},"end":{"line":37,"column":83}},"16":{"start":{"line":38,"column":4},"end":{"line":38,"column":48}},"17":{"start":{"line":39,"column":4},"end":{"line":39,"column":44}},"18":{"start":{"line":40,"column":4},"end":{"line":40,"column":32}},"19":{"start":{"line":43,"column":2},"end":{"line":87,"column":5}},"20":{"start":{"line":44,"column":4},"end":{"line":49,"column":7}},"21":{"start":{"line":45,"column":6},"end":{"line":45,"column":34}},"22":{"start":{"line":46,"column":6},"end":{"line":46,"column":23}},"23":{"start":{"line":47,"column":6},"end":{"line":47,"column":146}},"24":{"start":{"line":48,"column":6},"end":{"line":48,"column":36}},"25":{"start":{"line":51,"column":4},"end":{"line":63,"column":7}},"26":{"start":{"line":52,"column":6},"end":{"line":62,"column":7}},"27":{"start":{"line":53,"column":21},"end":{"line":53,"column":23}},"28":{"start":{"line":55,"column":8},"end":{"line":57,"column":11}},"29":{"start":{"line":56,"column":10},"end":{"line":56,"column":99}},"30":{"start":{"line":58,"column":8},"end":{"line":58,"column":81}},"31":{"start":{"line":59,"column":8},"end":{"line":59,"column":40}},"32":{"start":{"line":61,"column":8},"end":{"line":61,"column":31}},"33":{"start":{"line":65,"column":4},"end":{"line":68,"column":7}},"34":{"start":{"line":66,"column":6},"end":{"line":66,"column":86}},"35":{"start":{"line":67,"column":6},"end":{"line":67,"column":62}},"36":{"start":{"line":70,"column":4},"end":{"line":73,"column":7}},"37":{"start":{"line":71,"column":6},"end":{"line":71,"column":98}},"38":{"start":{"line":72,"column":6},"end":{"line":72,"column":40}},"39":{"start":{"line":75,"column":4},"end":{"line":85,"column":7}},"40":{"start":{"line":76,"column":6},"end":{"line":84,"column":7}},"41":{"start":{"line":77,"column":20},"end":{"line":77,"column":42}},"42":{"start":{"line":78,"column":19},"end":{"line":78,"column":45}},"43":{"start":{"line":79,"column":8},"end":{"line":79,"column":43}},"44":{"start":{"line":80,"column":8},"end":{"line":80,"column":100}},"45":{"start":{"line":82,"column":8},"end":{"line":82,"column":27}},"46":{"start":{"line":83,"column":8},"end":{"line":83,"column":109}}},"fnMap":{"0":{"name":"(anonymous_0)","decl":{"start":{"line":15,"column":33},"end":{"line":15,"column":34}},"loc":{"start":{"line":15,"column":39},"end":{"line":88,"column":1}},"line":15},"1":{"name":"(anonymous_1)","decl":{"start":{"line":16,"column":72},"end":{"line":16,"column":73}},"loc":{"start":{"line":16,"column":84},"end":{"line":20,"column":3}},"line":16},"2":{"name":"(anonymous_2)","decl":{"start":{"line":22,"column":98},"end":{"line":22,"column":99}},"loc":{"start":{"line":22,"column":110},"end":{"line":25,"column":3}},"line":22},"3":{"name":"(anonymous_3)","decl":{"start":{"line":27,"column":61},"end":{"line":27,"column":62}},"loc":{"start":{"line":27,"column":73},"end":{"line":34,"column":3}},"line":27},"4":{"name":"(anonymous_4)","decl":{"start":{"line":36,"column":53},"end":{"line":36,"column":54}},"loc":{"start":{"line":36,"column":65},"end":{"line":41,"column":3}},"line":36},"5":{"name":"(anonymous_5)","decl":{"start":{"line":43,"column":37},"end":{"line":43,"column":38}},"loc":{"start":{"line":43,"column":43},"end":{"line":87,"column":3}},"line":43},"6":{"name":"(anonymous_6)","decl":{"start":{"line":44,"column":11},"end":{"line":44,"column":12}},"loc":{"start":{"line":44,"column":23},"end":{"line":49,"column":5}},"line":44},"7":{"name":"(anonymous_7)","decl":{"start":{"line":51,"column":69},"end":{"line":51,"column":70}},"loc":{"start":{"line":51,"column":81},"end":{"line":63,"column":5}},"line":51},"8":{"name":"(anonymous_8)","decl":{"start":{"line":55,"column":28},"end":{"line":55,"column":29}},"loc":{"start":{"line":55,"column":38},"end":{"line":57,"column":9}},"line":55},"9":{"name":"(anonymous_9)","decl":{"start":{"line":65,"column":80},"end":{"line":65,"column":81}},"loc":{"start":{"line":65,"column":92},"end":{"line":68,"column":5}},"line":65},"10":{"name":"(anonymous_10)","decl":{"start":{"line":70,"column":82},"end":{"line":70,"column":83}},"loc":{"start":{"line":70,"column":94},"end":{"line":73,"column":5}},"line":70},"11":{"name":"(anonymous_11)","decl":{"start":{"line":75,"column":60},"end":{"line":75,"column":61}},"loc":{"start":{"line":75,"column":72},"end":{"line":85,"column":5}},"line":75}},"branchMap":{},"s":{"0":1,"1":1,"2":1,"3":1,"4":1,"5":1,"6":1,"7":1,"8":1,"9":1,"10":1,"11":1,"12":1,"13":1,"14":1,"15":1,"16":1,"17":1,"18":1,"19":1,"20":1,"21":1,"22":1,"23":1,"24":1,"25":1,"26":1,"27":1,"28":1,"29":1,"30":1,"31":1,"32":0,"33":1,"34":1,"35":1,"36":1,"37":1,"38":1,"39":1,"40":1,"41":1,"42":1,"43":1,"44":1,"45":1,"46":1},"f":{"0":1,"1":1,"2":1,"3":1,"4":1,"5":1,"6":1,"7":1,"8":1,"9":1,"10":1,"11":1},"b":{},"_coverageSchema":"332fd63041d2c1bcb487cc26dd0d5f7d97098a6c","hash":"7c5fadd3b1c49fafe9ff671c44bfc1915d9ca28c","contentHash":"a845b2ea6a7fe209ae1eeb2b8891161c_11.7.1"},"/Users/book/Desktop/projects/Andela/BookAMeal/server/tests/unit/orders/model.spec.js":{"path":"/Users/book/Desktop/projects/Andela/BookAMeal/server/tests/unit/orders/model.spec.js","statementMap":{"0":{"start":{"line":5,"column":0},"end":{"line":19,"column":3}},"1":{"start":{"line":6,"column":2},"end":{"line":9,"column":5}},"2":{"start":{"line":7,"column":4},"end":{"line":7,"column":47}},"3":{"start":{"line":8,"column":4},"end":{"line":8,"column":47}},"4":{"start":{"line":11,"column":2},"end":{"line":18,"column":5}},"5":{"start":{"line":12,"column":17},"end":{"line":12,"column":74}},"6":{"start":{"line":13,"column":4},"end":{"line":13,"column":45}},"7":{"start":{"line":14,"column":4},"end":{"line":14,"column":61}},"8":{"start":{"line":15,"column":4},"end":{"line":15,"column":61}},"9":{"start":{"line":16,"column":4},"end":{"line":16,"column":79}},"10":{"start":{"line":17,"column":4},"end":{"line":17,"column":90}}},"fnMap":{"0":{"name":"(anonymous_0)","decl":{"start":{"line":5,"column":25},"end":{"line":5,"column":26}},"loc":{"start":{"line":5,"column":31},"end":{"line":19,"column":1}},"line":5},"1":{"name":"(anonymous_1)","decl":{"start":{"line":6,"column":45},"end":{"line":6,"column":46}},"loc":{"start":{"line":6,"column":51},"end":{"line":9,"column":3}},"line":6},"2":{"name":"(anonymous_2)","decl":{"start":{"line":11,"column":73},"end":{"line":11,"column":74}},"loc":{"start":{"line":11,"column":79},"end":{"line":18,"column":3}},"line":11}},"branchMap":{},"s":{"0":1,"1":1,"2":1,"3":1,"4":1,"5":1,"6":1,"7":1,"8":1,"9":1,"10":1},"f":{"0":1,"1":1,"2":1},"b":{},"_coverageSchema":"332fd63041d2c1bcb487cc26dd0d5f7d97098a6c","hash":"6afe806d9922abc0f4dde15519f1fe9f683aeeba","contentHash":"d472bb52543d530a5ea8acc2d6140098_11.7.1"},"/Users/book/Desktop/projects/Andela/BookAMeal/server/tests/unit/users/index.spec.js":{"path":"/Users/book/Desktop/projects/Andela/BookAMeal/server/tests/unit/users/index.spec.js","statementMap":{"0":{"start":{"line":9,"column":0},"end":{"line":69,"column":3}},"1":{"start":{"line":10,"column":2},"end":{"line":14,"column":5}},"2":{"start":{"line":11,"column":17},"end":{"line":11,"column":39}},"3":{"start":{"line":12,"column":4},"end":{"line":12,"column":35}},"4":{"start":{"line":13,"column":4},"end":{"line":13,"column":60}},"5":{"start":{"line":16,"column":2},"end":{"line":20,"column":5}},"6":{"start":{"line":17,"column":17},"end":{"line":17,"column":49}},"7":{"start":{"line":18,"column":4},"end":{"line":18,"column":49}},"8":{"start":{"line":19,"column":4},"end":{"line":19,"column":37}},"9":{"start":{"line":22,"column":2},"end":{"line":30,"column":5}},"10":{"start":{"line":23,"column":4},"end":{"line":29,"column":5}},"11":{"start":{"line":24,"column":22},"end":{"line":24,"column":52}},"12":{"start":{"line":25,"column":19},"end":{"line":25,"column":64}},"13":{"start":{"line":26,"column":6},"end":{"line":26,"column":55}},"14":{"start":{"line":28,"column":6},"end":{"line":28,"column":29}},"15":{"start":{"line":32,"column":2},"end":{"line":38,"column":5}},"16":{"start":{"line":33,"column":4},"end":{"line":37,"column":5}},"17":{"start":{"line":34,"column":6},"end":{"line":34,"column":50}},"18":{"start":{"line":36,"column":6},"end":{"line":36,"column":29}},"19":{"start":{"line":40,"column":2},"end":{"line":68,"column":5}},"20":{"start":{"line":41,"column":4},"end":{"line":44,"column":7}},"21":{"start":{"line":42,"column":6},"end":{"line":42,"column":49}},"22":{"start":{"line":43,"column":6},"end":{"line":43,"column":21}},"23":{"start":{"line":46,"column":4},"end":{"line":56,"column":7}},"24":{"start":{"line":47,"column":6},"end":{"line":55,"column":7}},"25":{"start":{"line":48,"column":8},"end":{"line":48,"column":103}},"26":{"start":{"line":49,"column":8},"end":{"line":49,"column":56}},"27":{"start":{"line":50,"column":8},"end":{"line":50,"column":52}},"28":{"start":{"line":51,"column":8},"end":{"line":51,"column":49}},"29":{"start":{"line":53,"column":8},"end":{"line":53,"column":27}},"30":{"start":{"line":54,"column":8},"end":{"line":54,"column":66}},"31":{"start":{"line":58,"column":4},"end":{"line":67,"column":7}},"32":{"start":{"line":59,"column":6},"end":{"line":66,"column":7}},"33":{"start":{"line":60,"column":8},"end":{"line":60,"column":55}},"34":{"start":{"line":61,"column":8},"end":{"line":61,"column":47}},"35":{"start":{"line":62,"column":8},"end":{"line":62,"column":56}},"36":{"start":{"line":64,"column":8},"end":{"line":64,"column":27}},"37":{"start":{"line":65,"column":8},"end":{"line":65,"column":89}}},"fnMap":{"0":{"name":"(anonymous_0)","decl":{"start":{"line":9,"column":32},"end":{"line":9,"column":33}},"loc":{"start":{"line":9,"column":38},"end":{"line":69,"column":1}},"line":9},"1":{"name":"(anonymous_1)","decl":{"start":{"line":10,"column":73},"end":{"line":10,"column":74}},"loc":{"start":{"line":10,"column":79},"end":{"line":14,"column":3}},"line":10},"2":{"name":"(anonymous_2)","decl":{"start":{"line":16,"column":47},"end":{"line":16,"column":48}},"loc":{"start":{"line":16,"column":53},"end":{"line":20,"column":3}},"line":16},"3":{"name":"(anonymous_3)","decl":{"start":{"line":22,"column":55},"end":{"line":22,"column":56}},"loc":{"start":{"line":22,"column":67},"end":{"line":30,"column":3}},"line":22},"4":{"name":"(anonymous_4)","decl":{"start":{"line":32,"column":38},"end":{"line":32,"column":39}},"loc":{"start":{"line":32,"column":50},"end":{"line":38,"column":3}},"line":32},"5":{"name":"(anonymous_5)","decl":{"start":{"line":40,"column":64},"end":{"line":40,"column":65}},"loc":{"start":{"line":40,"column":70},"end":{"line":68,"column":3}},"line":40},"6":{"name":"(anonymous_6)","decl":{"start":{"line":41,"column":11},"end":{"line":41,"column":12}},"loc":{"start":{"line":41,"column":23},"end":{"line":44,"column":5}},"line":41},"7":{"name":"(anonymous_7)","decl":{"start":{"line":46,"column":95},"end":{"line":46,"column":96}},"loc":{"start":{"line":46,"column":107},"end":{"line":56,"column":5}},"line":46},"8":{"name":"(anonymous_8)","decl":{"start":{"line":58,"column":89},"end":{"line":58,"column":90}},"loc":{"start":{"line":58,"column":101},"end":{"line":67,"column":5}},"line":58}},"branchMap":{},"s":{"0":1,"1":1,"2":1,"3":1,"4":1,"5":1,"6":1,"7":1,"8":1,"9":1,"10":1,"11":1,"12":1,"13":1,"14":0,"15":1,"16":1,"17":1,"18":0,"19":1,"20":1,"21":1,"22":1,"23":1,"24":1,"25":1,"26":1,"27":1,"28":1,"29":1,"30":1,"31":1,"32":1,"33":1,"34":1,"35":1,"36":1,"37":1},"f":{"0":1,"1":1,"2":1,"3":1,"4":1,"5":1,"6":1,"7":1,"8":1},"b":{},"_coverageSchema":"332fd63041d2c1bcb487cc26dd0d5f7d97098a6c","hash":"3b7e79a7131ef4df915ee1d298486947f287de0e","contentHash":"04d5bb2be71e04b9b82fd858394bf8b1_11.7.1"},"/Users/book/Desktop/projects/Andela/BookAMeal/server/tests/unit/users/model.spec.js":{"path":"/Users/book/Desktop/projects/Andela/BookAMeal/server/tests/unit/users/model.spec.js","statementMap":{"0":{"start":{"line":4,"column":0},"end":{"line":11,"column":3}},"1":{"start":{"line":5,"column":2},"end":{"line":10,"column":5}},"2":{"start":{"line":6,"column":4},"end":{"line":6,"column":49}},"3":{"start":{"line":7,"column":4},"end":{"line":7,"column":41}},"4":{"start":{"line":8,"column":4},"end":{"line":8,"column":44}},"5":{"start":{"line":9,"column":4},"end":{"line":9,"column":41}}},"fnMap":{"0":{"name":"(anonymous_0)","decl":{"start":{"line":4,"column":23},"end":{"line":4,"column":24}},"loc":{"start":{"line":4,"column":29},"end":{"line":11,"column":1}},"line":4},"1":{"name":"(anonymous_1)","decl":{"start":{"line":5,"column":45},"end":{"line":5,"column":46}},"loc":{"start":{"line":5,"column":51},"end":{"line":10,"column":3}},"line":5}},"branchMap":{},"s":{"0":1,"1":1,"2":1,"3":1,"4":1,"5":1},"f":{"0":1,"1":1},"b":{},"_coverageSchema":"332fd63041d2c1bcb487cc26dd0d5f7d97098a6c","hash":"feaa1bd2c5ebf4626a2387a95a823ac7a701da0a","contentHash":"9036686643ccd72d13200095ff3b84c2_11.7.1"},"/Users/book/Desktop/projects/Andela/BookAMeal/server/databases/data/vendor.js":{"path":"/Users/book/Desktop/projects/Andela/BookAMeal/server/databases/data/vendor.js","statementMap":{"0":{"start":{"line":1,"column":14},"end":{"line":10,"column":1}}},"fnMap":{},"branchMap":{},"s":{"0":1},"f":{},"b":{},"_coverageSchema":"332fd63041d2c1bcb487cc26dd0d5f7d97098a6c","hash":"3ee0932b8a0e749ac0a244967947a6770e3f90e2","contentHash":"3acf20557074339d79248a73687556e2_11.7.1"}}