TN:
SF:/Users/book/Desktop/projects/Andela/BookAMeal/server/databases/handler.js
FN:5,DataHandler
FN:18,(anonymous_16)
FN:19,(anonymous_17)
FN:37,(anonymous_19)
FN:44,(anonymous_20)
FN:45,(anonymous_21)
FN:56,(anonymous_23)
FN:65,(anonymous_24)
FN:65,(anonymous_25)
FN:122,(anonymous_35)
FN:145,(anonymous_40)
FN:150,(anonymous_41)
FN:174,(anonymous_44)
FN:176,(anonymous_45)
FN:177,(anonymous_46)
FN:196,(anonymous_48)
FN:215,(anonymous_50)
FN:217,(anonymous_51)
FN:225,(anonymous_52)
FN:231,(anonymous_53)
FNF:20
FNH:20
FNDA:8,DataHandler
FNDA:35,(anonymous_16)
FNDA:24,(anonymous_17)
FNDA:29,(anonymous_19)
FNDA:29,(anonymous_20)
FNDA:4,(anonymous_21)
FNDA:29,(anonymous_23)
FNDA:29,(anonymous_24)
FNDA:4,(anonymous_25)
FNDA:69,(anonymous_35)
FNDA:6,(anonymous_40)
FNDA:1,(anonymous_41)
FNDA:6,(anonymous_44)
FNDA:6,(anonymous_45)
FNDA:5,(anonymous_46)
FNDA:20,(anonymous_48)
FNDA:13,(anonymous_50)
FNDA:13,(anonymous_51)
FNDA:25,(anonymous_52)
FNDA:28,(anonymous_53)
DA:5,8
DA:6,8
DA:7,1
DA:9,7
DA:10,7
DA:16,7
DA:17,7
DA:18,35
DA:19,7
DA:20,24
DA:21,24
DA:23,0
DA:25,7
DA:26,7
DA:27,0
DA:29,7
DA:30,7
DA:36,8
DA:37,8
DA:38,29
DA:39,29
DA:40,29
DA:42,8
DA:43,8
DA:44,29
DA:45,8
DA:46,4
DA:48,8
DA:49,8
DA:55,8
DA:56,8
DA:57,29
DA:58,4
DA:59,4
DA:60,4
DA:62,25
DA:64,8
DA:65,29
DA:66,4
DA:68,8
DA:75,9
DA:76,1
DA:77,8
DA:78,1
DA:79,7
DA:80,1
DA:82,6
DA:90,2
DA:91,2
DA:92,1
DA:94,1
DA:108,11
DA:122,14
DA:123,69
DA:124,32
DA:125,37
DA:126,20
DA:127,17
DA:128,1
DA:144,1
DA:145,6
DA:150,1
DA:151,1
DA:154,1
DA:168,1
DA:169,1
DA:170,1
DA:171,1
DA:172,1
DA:173,1
DA:174,6
DA:175,1
DA:176,6
DA:177,1
DA:178,5
DA:180,1
DA:181,1
DA:183,0
DA:185,0
DA:194,7
DA:195,4
DA:196,20
DA:197,4
DA:198,3
DA:199,1
DA:201,2
DA:203,1
DA:205,0
DA:212,3
DA:213,3
DA:214,3
DA:215,3
DA:217,13
DA:218,13
DA:219,7
DA:220,7
DA:225,13
DA:226,25
DA:227,13
DA:231,13
DA:232,28
DA:237,13
DA:240,3
LF:103
LH:98
BRDA:6,0,0,1
BRDA:6,0,1,7
BRDA:6,1,0,0
BRDA:6,1,1,8
BRDA:20,2,0,24
BRDA:20,2,1,0
BRDA:20,3,0,24
BRDA:20,3,1,6
BRDA:26,4,0,0
BRDA:26,4,1,7
BRDA:44,5,0,29
BRDA:44,5,1,9
BRDA:44,5,2,5
BRDA:57,6,0,4
BRDA:57,6,1,25
BRDA:57,7,0,29
BRDA:57,7,1,4
BRDA:75,8,0,1
BRDA:75,8,1,8
BRDA:75,9,0,0
BRDA:75,9,1,9
BRDA:77,10,0,1
BRDA:77,10,1,7
BRDA:79,11,0,1
BRDA:79,11,1,6
BRDA:91,12,0,1
BRDA:91,12,1,1
BRDA:91,13,0,2
BRDA:91,13,1,1
BRDA:123,14,0,32
BRDA:123,14,1,37
BRDA:123,15,0,69
BRDA:123,15,1,53
BRDA:125,16,0,20
BRDA:125,16,1,17
BRDA:125,17,0,37
BRDA:125,17,1,21
BRDA:125,17,2,8
BRDA:125,17,3,8
BRDA:127,18,0,1
BRDA:127,18,1,16
BRDA:127,19,0,17
BRDA:127,19,1,1
BRDA:143,20,0,1
BRDA:172,21,0,1
BRDA:172,21,1,0
BRDA:175,22,0,1
BRDA:175,22,1,0
BRDA:194,23,0,4
BRDA:194,23,1,0
BRDA:197,24,0,3
BRDA:197,24,1,1
BRDA:198,25,0,1
BRDA:198,25,1,2
BRDA:198,26,0,3
BRDA:198,26,1,1
BRDA:212,27,0,2
BRDA:212,27,1,1
BRDA:212,28,0,3
BRDA:212,28,1,2
BRDA:213,29,0,3
BRDA:213,29,1,0
BRDA:213,30,0,3
BRDA:213,30,1,0
BRDA:218,31,0,7
BRDA:218,31,1,6
BRDA:226,32,0,13
BRDA:226,32,1,12
BRDA:226,33,0,25
BRDA:226,33,1,13
BRF:70
BRH:61
end_of_record
TN:
SF:/Users/book/Desktop/projects/Andela/BookAMeal/server/databases/data/kitchens.js
FNF:0
FNH:0
DA:1,1
LF:1
LH:1
BRF:0
BRH:0
end_of_record
TN:
SF:/Users/book/Desktop/projects/Andela/BookAMeal/server/databases/data/menu.js
FNF:0
FNH:0
DA:1,1
LF:1
LH:1
BRF:0
BRH:0
end_of_record
TN:
SF:/Users/book/Desktop/projects/Andela/BookAMeal/server/databases/data/users.js
FNF:0
FNH:0
DA:1,1
LF:1
LH:1
BRF:0
BRH:0
end_of_record
TN:
SF:/Users/book/Desktop/projects/Andela/BookAMeal/server/databases/data/vendor.js
FNF:0
FNH:0
DA:1,1
LF:1
LH:1
BRF:0
BRH:0
end_of_record
TN:
SF:/Users/book/Desktop/projects/Andela/BookAMeal/server/tests/unit/datahandler/index.spec.js
FN:9,(anonymous_7)
FN:11,(anonymous_8)
FN:17,(anonymous_9)
FN:26,(anonymous_10)
FN:27,(anonymous_11)
FN:37,(anonymous_12)
FN:51,(anonymous_13)
FN:54,_callee
FN:65,_callee2
FN:80,(anonymous_18)
FN:83,(anonymous_19)
FN:84,(anonymous_20)
FN:84,_callee3
FN:84,_callee3$
FN:89,(anonymous_24)
FN:90,_callee4
FN:99,_callee5
FN:107,_callee6
FN:116,_callee7
FN:126,(anonymous_33)
FN:127,(anonymous_34)
FN:133,(anonymous_35)
FN:140,_callee8
FN:156,(anonymous_38)
FN:169,(anonymous_39)
FN:170,(anonymous_40)
FN:170,_callee9
FN:170,_callee9$
FN:174,(anonymous_44)
FN:185,(anonymous_45)
FN:197,(anonymous_46)
FN:208,_callee10
FN:218,(anonymous_49)
FNF:33
FNH:33
FNDA:1,(anonymous_7)
FNDA:1,(anonymous_8)
FNDA:1,(anonymous_9)
FNDA:1,(anonymous_10)
FNDA:1,(anonymous_11)
FNDA:1,(anonymous_12)
FNDA:1,(anonymous_13)
FNDA:3,_callee
FNDA:3,_callee2
FNDA:1,(anonymous_18)
FNDA:1,(anonymous_19)
FNDA:4,(anonymous_20)
FNDA:3,_callee3
FNDA:9,_callee3$
FNDA:1,(anonymous_24)
FNDA:3,_callee4
FNDA:3,_callee5
FNDA:3,_callee6
FNDA:3,_callee7
FNDA:1,(anonymous_33)
FNDA:1,(anonymous_34)
FNDA:1,(anonymous_35)
FNDA:3,_callee8
FNDA:1,(anonymous_38)
FNDA:1,(anonymous_39)
FNDA:7,(anonymous_40)
FNDA:6,_callee9
FNDA:12,_callee9$
FNDA:1,(anonymous_44)
FNDA:1,(anonymous_45)
FNDA:1,(anonymous_46)
FNDA:3,_callee10
FNDA:1,(anonymous_49)
DA:1,1
DA:2,1
DA:3,1
DA:4,1
DA:5,1
DA:9,1
DA:10,1
DA:11,1
DA:12,1
DA:13,1
DA:14,1
DA:17,1
DA:18,1
DA:19,1
DA:20,1
DA:21,1
DA:22,1
DA:23,1
DA:26,1
DA:27,1
DA:28,1
DA:29,1
DA:30,1
DA:32,1
DA:33,1
DA:37,1
DA:38,1
DA:39,1
DA:44,1
DA:46,0
DA:51,1
DA:52,1
DA:54,11
DA:56,1
DA:57,1
DA:60,1
DA:61,1
DA:65,12
DA:67,1
DA:68,1
DA:69,1
DA:70,1
DA:71,1
DA:72,1
DA:73,1
DA:75,0
DA:80,1
DA:81,1
DA:82,1
DA:83,1
DA:84,33
DA:89,1
DA:90,11
DA:94,1
DA:95,1
DA:99,11
DA:103,1
DA:107,11
DA:111,1
DA:112,1
DA:116,12
DA:118,1
DA:119,1
DA:120,1
DA:122,0
DA:126,1
DA:127,1
DA:128,1
DA:129,1
DA:133,1
DA:134,1
DA:140,12
DA:142,1
DA:146,1
DA:147,1
DA:148,1
DA:149,1
DA:156,1
DA:157,1
DA:166,1
DA:167,1
DA:169,1
DA:170,48
DA:174,1
DA:175,1
DA:176,1
DA:177,1
DA:178,1
DA:179,1
DA:181,0
DA:185,1
DA:186,1
DA:187,1
DA:188,1
DA:189,1
DA:190,1
DA:191,1
DA:193,0
DA:197,1
DA:198,1
DA:199,1
DA:200,1
DA:201,1
DA:202,1
DA:204,0
DA:208,12
DA:211,1
DA:212,1
DA:214,0
DA:218,1
DA:219,1
DA:220,1
DA:221,1
DA:222,1
DA:224,0
DA:225,0
LF:116
LH:107
BRDA:54,0,0,1
BRDA:54,0,1,0
BRDA:54,0,2,1
BRDA:54,0,3,1
BRDA:54,0,4,1
BRDA:65,1,0,1
BRDA:65,1,1,1
BRDA:65,1,2,0
BRDA:65,1,3,1
BRDA:65,1,4,1
BRDA:84,2,0,3
BRDA:84,2,1,3
BRDA:84,2,2,0
BRDA:84,2,3,3
BRDA:90,3,0,1
BRDA:90,3,1,0
BRDA:90,3,2,1
BRDA:90,3,3,1
BRDA:90,3,4,1
BRDA:99,4,0,1
BRDA:99,4,1,0
BRDA:99,4,2,1
BRDA:99,4,3,1
BRDA:99,4,4,1
BRDA:107,5,0,1
BRDA:107,5,1,0
BRDA:107,5,2,1
BRDA:107,5,3,1
BRDA:107,5,4,1
BRDA:116,6,0,1
BRDA:116,6,1,1
BRDA:116,6,2,0
BRDA:116,6,3,1
BRDA:116,6,4,1
BRDA:140,7,0,1
BRDA:140,7,1,1
BRDA:140,7,2,0
BRDA:140,7,3,1
BRDA:140,7,4,1
BRDA:170,8,0,6
BRDA:170,8,1,6
BRDA:170,8,2,6
BRDA:208,9,0,1
BRDA:208,9,1,1
BRDA:208,9,2,0
BRDA:208,9,3,1
BRDA:208,9,4,1
BRF:47
BRH:38
end_of_record
TN:
SF:/Users/book/Desktop/projects/Andela/BookAMeal/server/tests/unit/datahandler/mock.js
FNF:0
FNH:0
DA:1,1
LF:1
LH:1
BRF:0
BRH:0
end_of_record
