TN:
SF:/Users/book/Desktop/projects/Andela/BookAMeal/server/api.js
FN:14,(anonymous_0)
FN:23,(anonymous_1)
FNF:2
FNH:0
FNDA:0,(anonymous_0)
FNDA:0,(anonymous_1)
DA:11,1
DA:13,1
DA:14,0
DA:23,1
LF:4
LH:3
BRF:0
BRH:0
end_of_record
TN:
SF:/Users/book/Desktop/projects/Andela/BookAMeal/server/index.js
FN:27,(anonymous_0)
FN:28,(anonymous_1)
FNF:2
FNH:1
FNDA:0,(anonymous_0)
FNDA:1,(anonymous_1)
DA:9,1
DA:11,1
DA:12,1
DA:14,1
DA:21,1
DA:27,0
DA:29,1
DA:31,0
DA:33,1
LF:9
LH:7
BRDA:11,0,0,1
BRDA:11,0,1,1
BRDA:29,1,0,0
BRDA:29,1,1,1
BRF:4
BRH:3
end_of_record
TN:
SF:/Users/book/Desktop/projects/Andela/BookAMeal/server/controllers/base-controller.js
FN:7,(anonymous_0)
FN:15,(anonymous_1)
FN:19,(anonymous_2)
FN:23,(anonymous_3)
FN:27,(anonymous_4)
FNF:5
FNH:5
FNDA:27,(anonymous_0)
FNDA:10,(anonymous_1)
FNDA:11,(anonymous_2)
FNDA:1,(anonymous_3)
FNDA:3,(anonymous_4)
DA:8,27
DA:9,27
DA:11,2
DA:16,10
DA:20,11
DA:24,1
DA:28,3
LF:7
LH:7
BRF:0
BRH:0
end_of_record
TN:
SF:/Users/book/Desktop/projects/Andela/BookAMeal/server/controllers/auth/index.js
FN:9,(anonymous_0)
FN:10,(anonymous_1)
FN:16,(anonymous_2)
FN:17,(anonymous_3)
FNF:4
FNH:4
FNDA:2,(anonymous_0)
FNDA:2,(anonymous_1)
FNDA:2,(anonymous_2)
FNDA:2,(anonymous_3)
DA:10,2
DA:11,2
DA:12,1
DA:17,2
DA:18,2
DA:19,1
DA:24,1
LF:7
LH:7
BRF:0
BRH:0
end_of_record
TN:
SF:/Users/book/Desktop/projects/Andela/BookAMeal/server/controllers/kitchen/index.js
FN:8,(anonymous_0)
FN:9,(anonymous_1)
FN:15,(anonymous_2)
FN:16,(anonymous_3)
FN:22,(anonymous_4)
FN:23,(anonymous_5)
FN:29,(anonymous_6)
FN:30,(anonymous_7)
FN:36,(anonymous_8)
FN:37,(anonymous_9)
FN:43,(anonymous_10)
FN:44,(anonymous_11)
FN:50,(anonymous_12)
FN:51,(anonymous_13)
FN:57,(anonymous_14)
FN:58,(anonymous_15)
FNF:16
FNH:10
FNDA:1,(anonymous_0)
FNDA:1,(anonymous_1)
FNDA:1,(anonymous_2)
FNDA:1,(anonymous_3)
FNDA:1,(anonymous_4)
FNDA:1,(anonymous_5)
FNDA:1,(anonymous_6)
FNDA:1,(anonymous_7)
FNDA:1,(anonymous_8)
FNDA:1,(anonymous_9)
FNDA:0,(anonymous_10)
FNDA:0,(anonymous_11)
FNDA:0,(anonymous_12)
FNDA:0,(anonymous_13)
FNDA:0,(anonymous_14)
FNDA:0,(anonymous_15)
DA:9,1
DA:10,1
DA:11,1
DA:16,1
DA:17,1
DA:18,1
DA:23,1
DA:24,1
DA:25,1
DA:30,1
DA:31,1
DA:32,1
DA:37,1
DA:38,1
DA:39,1
DA:44,0
DA:45,0
DA:46,0
DA:51,0
DA:52,0
DA:53,0
DA:58,0
DA:59,0
DA:60,0
DA:65,1
LF:25
LH:16
BRDA:17,0,0,0
BRDA:17,0,1,1
BRDA:24,1,0,1
BRDA:24,1,1,0
BRF:4
BRH:2
end_of_record
TN:
SF:/Users/book/Desktop/projects/Andela/BookAMeal/server/controllers/meals/index.js
FN:9,(anonymous_0)
FN:10,(anonymous_1)
FN:16,(anonymous_2)
FN:17,(anonymous_3)
FN:23,(anonymous_4)
FN:24,(anonymous_5)
FN:30,(anonymous_6)
FN:31,(anonymous_7)
FN:37,(anonymous_8)
FN:38,(anonymous_9)
FNF:10
FNH:10
FNDA:1,(anonymous_0)
FNDA:1,(anonymous_1)
FNDA:1,(anonymous_2)
FNDA:1,(anonymous_3)
FNDA:1,(anonymous_4)
FNDA:1,(anonymous_5)
FNDA:1,(anonymous_6)
FNDA:1,(anonymous_7)
FNDA:1,(anonymous_8)
FNDA:1,(anonymous_9)
DA:10,1
DA:11,1
DA:12,1
DA:17,1
DA:18,1
DA:19,1
DA:24,1
DA:25,1
DA:26,1
DA:31,1
DA:32,1
DA:33,1
DA:38,1
DA:39,1
DA:40,1
DA:45,1
LF:16
LH:16
BRF:0
BRH:0
end_of_record
TN:
SF:/Users/book/Desktop/projects/Andela/BookAMeal/server/controllers/menus/index.js
FN:8,(anonymous_0)
FN:9,(anonymous_1)
FN:15,(anonymous_2)
FN:16,(anonymous_3)
FN:22,(anonymous_4)
FN:23,(anonymous_5)
FNF:6
FNH:6
FNDA:1,(anonymous_0)
FNDA:1,(anonymous_1)
FNDA:1,(anonymous_2)
FNDA:1,(anonymous_3)
FNDA:1,(anonymous_4)
FNDA:1,(anonymous_5)
DA:9,1
DA:10,1
DA:11,1
DA:16,1
DA:17,1
DA:18,1
DA:23,1
DA:24,1
DA:25,1
DA:30,1
LF:10
LH:10
BRF:0
BRH:0
end_of_record
TN:
SF:/Users/book/Desktop/projects/Andela/BookAMeal/server/controllers/orders/index.js
FN:8,(anonymous_0)
FN:9,(anonymous_1)
FN:15,(anonymous_2)
FN:16,(anonymous_3)
FN:22,(anonymous_4)
FN:23,(anonymous_5)
FNF:6
FNH:6
FNDA:1,(anonymous_0)
FNDA:1,(anonymous_1)
FNDA:2,(anonymous_2)
FNDA:2,(anonymous_3)
FNDA:2,(anonymous_4)
FNDA:2,(anonymous_5)
DA:9,1
DA:10,1
DA:11,1
DA:16,2
DA:17,2
DA:18,2
DA:23,2
DA:24,2
DA:25,2
DA:30,1
LF:10
LH:10
BRF:0
BRH:0
end_of_record
TN:
SF:/Users/book/Desktop/projects/Andela/BookAMeal/server/controllers/users/index.js
FN:8,(anonymous_0)
FN:9,(anonymous_1)
FN:19,(anonymous_2)
FN:20,(anonymous_3)
FN:30,(anonymous_4)
FN:31,(anonymous_5)
FN:37,(anonymous_6)
FN:38,(anonymous_7)
FN:44,(anonymous_8)
FN:45,(anonymous_9)
FN:51,(anonymous_10)
FN:52,(anonymous_11)
FN:60,(anonymous_12)
FN:61,(anonymous_13)
FNF:14
FNH:10
FNDA:1,(anonymous_0)
FNDA:1,(anonymous_1)
FNDA:0,(anonymous_2)
FNDA:0,(anonymous_3)
FNDA:1,(anonymous_4)
FNDA:1,(anonymous_5)
FNDA:1,(anonymous_6)
FNDA:1,(anonymous_7)
FNDA:0,(anonymous_8)
FNDA:0,(anonymous_9)
FNDA:1,(anonymous_10)
FNDA:1,(anonymous_11)
FNDA:1,(anonymous_12)
FNDA:1,(anonymous_13)
DA:9,1
DA:10,1
DA:11,1
DA:13,0
DA:15,1
DA:20,0
DA:21,0
DA:22,0
DA:24,0
DA:26,0
DA:31,1
DA:32,1
DA:33,1
DA:38,1
DA:39,1
DA:40,1
DA:45,0
DA:46,0
DA:47,0
DA:52,1
DA:53,1
DA:54,1
DA:55,1
DA:61,1
DA:62,1
DA:63,1
DA:68,1
LF:27
LH:18
BRDA:10,0,0,1
BRDA:10,0,1,0
BRDA:21,1,0,0
BRDA:21,1,1,0
BRDA:54,2,0,1
BRDA:54,2,1,0
BRF:6
BRH:2
end_of_record
TN:
SF:/Users/book/Desktop/projects/Andela/BookAMeal/server/databases/handler.js
FN:9,(anonymous_0)
FN:23,(anonymous_1)
FN:26,(anonymous_2)
FN:27,(anonymous_3)
FN:41,(anonymous_4)
FN:52,(anonymous_5)
FN:54,(anonymous_6)
FN:61,(anonymous_7)
FN:62,(anonymous_8)
FN:71,(anonymous_9)
FN:73,(anonymous_10)
FN:82,(anonymous_11)
FN:82,(anonymous_12)
FN:91,(anonymous_13)
FN:110,(anonymous_14)
FN:121,(anonymous_15)
FN:142,(anonymous_16)
FN:146,(anonymous_17)
FN:175,(anonymous_18)
FN:181,(anonymous_19)
FN:185,(anonymous_20)
FN:202,(anonymous_21)
FN:209,(anonymous_22)
FN:211,(anonymous_23)
FN:212,(anonymous_24)
FN:228,(anonymous_25)
FN:231,(anonymous_26)
FN:249,(anonymous_27)
FN:251,(anonymous_28)
FN:258,(anonymous_29)
FN:260,(anonymous_30)
FN:268,(anonymous_31)
FN:274,(anonymous_32)
FN:283,(anonymous_33)
FNF:34
FNH:34
FNDA:15,(anonymous_0)
FNDA:15,(anonymous_1)
FNDA:90,(anonymous_2)
FNDA:60,(anonymous_3)
FNDA:6,(anonymous_4)
FNDA:16,(anonymous_5)
FNDA:65,(anonymous_6)
FNDA:65,(anonymous_7)
FNDA:9,(anonymous_8)
FNDA:16,(anonymous_9)
FNDA:65,(anonymous_10)
FNDA:65,(anonymous_11)
FNDA:8,(anonymous_12)
FNDA:38,(anonymous_13)
FNDA:6,(anonymous_14)
FNDA:70,(anonymous_15)
FNDA:84,(anonymous_16)
FNDA:466,(anonymous_17)
FNDA:7,(anonymous_18)
FNDA:70,(anonymous_19)
FNDA:7,(anonymous_20)
FNDA:5,(anonymous_21)
FNDA:59,(anonymous_22)
FNDA:59,(anonymous_23)
FNDA:54,(anonymous_24)
FNDA:26,(anonymous_25)
FNDA:221,(anonymous_26)
FNDA:2,(anonymous_27)
FNDA:11,(anonymous_28)
FNDA:13,(anonymous_29)
FNDA:13,(anonymous_30)
FNDA:23,(anonymous_31)
FNDA:35,(anonymous_32)
FNDA:69,(anonymous_33)
DA:10,15
DA:11,0
DA:13,15
DA:14,15
DA:15,15
DA:24,15
DA:25,15
DA:26,90
DA:27,15
DA:28,60
DA:29,60
DA:31,0
DA:33,15
DA:34,15
DA:35,0
DA:37,15
DA:38,15
DA:43,6
DA:44,0
DA:46,6
DA:53,16
DA:54,16
DA:55,65
DA:56,65
DA:57,65
DA:59,16
DA:60,16
DA:61,65
DA:62,16
DA:63,9
DA:65,16
DA:66,16
DA:72,16
DA:73,16
DA:74,65
DA:75,8
DA:76,8
DA:77,8
DA:79,57
DA:81,16
DA:82,65
DA:83,8
DA:85,16
DA:92,38
DA:93,1
DA:94,37
DA:95,31
DA:96,6
DA:97,3
DA:98,3
DA:99,1
DA:100,2
DA:101,1
DA:103,1
DA:111,6
DA:112,6
DA:113,1
DA:115,5
DA:122,70
DA:123,70
DA:124,69
DA:125,0
DA:129,69
DA:130,69
DA:131,69
DA:132,69
DA:133,69
DA:135,1
DA:143,84
DA:144,84
DA:146,84
DA:147,466
DA:148,0
DA:149,466
DA:150,186
DA:151,280
DA:152,98
DA:153,182
DA:154,0
DA:155,182
DA:156,0
DA:157,182
DA:158,1
DA:162,83
DA:163,5
DA:165,83
DA:178,7
DA:180,7
DA:181,70
DA:182,7
DA:184,7
DA:185,7
DA:186,7
DA:189,7
DA:190,7
DA:192,0
DA:194,0
DA:206,5
DA:207,5
DA:208,5
DA:209,59
DA:210,5
DA:211,59
DA:212,5
DA:213,54
DA:215,5
DA:216,5
DA:218,0
DA:220,0
DA:229,26
DA:230,23
DA:231,221
DA:232,23
DA:233,18
DA:234,1
DA:236,17
DA:238,5
DA:240,0
DA:250,2
DA:251,2
DA:252,11
DA:255,2
DA:260,13
DA:261,13
DA:262,13
DA:263,13
DA:268,13
DA:269,23
DA:270,12
DA:274,12
DA:275,35
DA:280,13
DA:283,69
LF:133
LH:120
BRDA:9,0,0,9
BRDA:10,1,0,0
BRDA:10,1,1,15
BRDA:28,2,0,60
BRDA:28,2,1,0
BRDA:28,3,0,60
BRDA:28,3,1,15
BRDA:34,4,0,0
BRDA:34,4,1,15
BRDA:43,5,0,0
BRDA:43,5,1,6
BRDA:43,6,0,6
BRDA:43,6,1,6
BRDA:43,6,2,6
BRDA:43,6,3,6
BRDA:61,7,0,65
BRDA:61,7,1,18
BRDA:61,7,2,10
BRDA:74,8,0,8
BRDA:74,8,1,57
BRDA:74,9,0,65
BRDA:74,9,1,8
BRDA:92,10,0,1
BRDA:92,10,1,37
BRDA:94,11,0,31
BRDA:94,11,1,6
BRDA:94,12,0,37
BRDA:94,12,1,31
BRDA:96,13,0,3
BRDA:96,13,1,3
BRDA:96,14,0,6
BRDA:96,14,1,3
BRDA:98,15,0,1
BRDA:98,15,1,2
BRDA:100,16,0,1
BRDA:100,16,1,1
BRDA:112,17,0,1
BRDA:112,17,1,5
BRDA:112,18,0,6
BRDA:112,18,1,1
BRDA:124,19,0,0
BRDA:124,19,1,69
BRDA:130,20,0,60
BRDA:130,20,1,9
BRDA:147,21,0,0
BRDA:147,21,1,466
BRDA:149,22,0,186
BRDA:149,22,1,280
BRDA:149,23,0,466
BRDA:149,23,1,285
BRDA:151,24,0,98
BRDA:151,24,1,182
BRDA:151,25,0,280
BRDA:151,25,1,99
BRDA:151,25,2,56
BRDA:151,25,3,56
BRDA:153,26,0,0
BRDA:153,26,1,182
BRDA:153,27,0,182
BRDA:153,27,1,1
BRDA:153,27,2,0
BRDA:155,28,0,0
BRDA:155,28,1,182
BRDA:155,29,0,182
BRDA:155,29,1,1
BRDA:155,29,2,0
BRDA:157,30,0,1
BRDA:157,30,1,181
BRDA:157,31,0,182
BRDA:157,31,1,1
BRDA:157,31,2,1
BRDA:162,32,0,5
BRDA:162,32,1,78
BRDA:162,33,0,83
BRDA:162,33,1,5
BRDA:178,34,0,7
BRDA:178,34,1,0
BRDA:178,35,0,7
BRDA:178,35,1,7
BRDA:182,36,0,7
BRDA:182,36,1,0
BRDA:207,37,0,5
BRDA:207,37,1,0
BRDA:210,38,0,5
BRDA:210,38,1,0
BRDA:229,39,0,23
BRDA:229,39,1,0
BRDA:232,40,0,18
BRDA:232,40,1,5
BRDA:233,41,0,1
BRDA:233,41,1,17
BRDA:233,42,0,18
BRDA:233,42,1,1
BRDA:249,43,0,1
BRDA:250,44,0,2
BRDA:250,44,1,0
BRDA:250,45,0,2
BRDA:250,45,1,0
BRDA:261,46,0,13
BRDA:261,46,1,0
BRDA:269,47,0,12
BRDA:269,47,1,11
BRDA:269,48,0,23
BRDA:269,48,1,12
BRF:104
BRH:86
end_of_record
TN:
SF:/Users/book/Desktop/projects/Andela/BookAMeal/server/databases/data/kitchens.js
FNF:0
FNH:0
DA:1,1
LF:1
LH:1
BRF:0
BRH:0
end_of_record
TN:
SF:/Users/book/Desktop/projects/Andela/BookAMeal/server/databases/data/meals.js
FNF:0
FNH:0
DA:1,1
LF:1
LH:1
BRF:0
BRH:0
end_of_record
TN:
SF:/Users/book/Desktop/projects/Andela/BookAMeal/server/databases/data/menu.js
FNF:0
FNH:0
DA:1,1
LF:1
LH:1
BRF:0
BRH:0
end_of_record
TN:
SF:/Users/book/Desktop/projects/Andela/BookAMeal/server/databases/data/orders.js
FNF:0
FNH:0
DA:1,1
LF:1
LH:1
BRF:0
BRH:0
end_of_record
TN:
SF:/Users/book/Desktop/projects/Andela/BookAMeal/server/databases/data/users.js
FNF:0
FNH:0
DA:1,1
LF:1
LH:1
BRF:0
BRH:0
end_of_record
TN:
SF:/Users/book/Desktop/projects/Andela/BookAMeal/server/databases/data/vendor.js
FNF:0
FNH:0
DA:1,1
LF:1
LH:1
BRF:0
BRH:0
end_of_record
TN:
SF:/Users/book/Desktop/projects/Andela/BookAMeal/server/helpers/encrypt/index.js
FN:11,(anonymous_0)
FN:22,(anonymous_1)
FN:26,(anonymous_2)
FN:30,(anonymous_3)
FN:35,(anonymous_4)
FNF:5
FNH:5
FNDA:7,(anonymous_0)
FNDA:8,(anonymous_1)
FNDA:2,(anonymous_2)
FNDA:16,(anonymous_3)
FNDA:18,(anonymous_4)
DA:6,1
DA:12,7
DA:13,7
DA:14,7
DA:15,71
DA:16,71
DA:17,71
DA:19,7
DA:23,8
DA:27,2
DA:31,16
DA:32,16
DA:36,18
DA:37,18
LF:14
LH:14
BRDA:13,0,0,0
BRDA:13,0,1,7
BRF:2
BRH:1
end_of_record
TN:
SF:/Users/book/Desktop/projects/Andela/BookAMeal/server/helpers/mailers/config.js
FNF:0
FNH:0
DA:3,1
DA:4,1
LF:2
LH:2
BRF:0
BRH:0
end_of_record
TN:
SF:/Users/book/Desktop/projects/Andela/BookAMeal/server/helpers/mailers/index.js
FN:8,(anonymous_0)
FN:11,(anonymous_1)
FNF:2
FNH:1
FNDA:5,(anonymous_0)
FNDA:0,(anonymous_1)
DA:4,1
DA:8,1
DA:9,5
DA:10,5
DA:11,5
DA:12,0
DA:13,0
DA:17,1
LF:8
LH:6
BRDA:12,0,0,0
BRDA:12,0,1,0
BRF:2
BRH:0
end_of_record
TN:
SF:/Users/book/Desktop/projects/Andela/BookAMeal/server/middlewares/base-middleware.js
FN:19,(anonymous_0)
FN:22,(anonymous_1)
FN:39,(anonymous_2)
FN:41,(anonymous_3)
FN:47,(anonymous_4)
FN:50,(anonymous_5)
FN:64,(anonymous_6)
FN:77,(anonymous_7)
FN:86,(anonymous_8)
FN:89,(anonymous_9)
FN:100,(anonymous_10)
FN:111,(anonymous_11)
FN:119,(anonymous_12)
FN:133,(anonymous_13)
FN:143,(anonymous_14)
FN:164,(anonymous_15)
FN:178,(anonymous_16)
FN:187,(anonymous_17)
FN:194,(anonymous_18)
FN:197,(anonymous_19)
FN:206,(anonymous_20)
FN:217,(anonymous_21)
FNF:22
FNH:19
FNDA:13,(anonymous_0)
FNDA:14,(anonymous_1)
FNDA:13,(anonymous_2)
FNDA:13,(anonymous_3)
FNDA:0,(anonymous_4)
FNDA:7,(anonymous_5)
FNDA:13,(anonymous_6)
FNDA:15,(anonymous_7)
FNDA:9,(anonymous_8)
FNDA:9,(anonymous_9)
FNDA:4,(anonymous_10)
FNDA:6,(anonymous_11)
FNDA:7,(anonymous_12)
FNDA:4,(anonymous_13)
FNDA:2,(anonymous_14)
FNDA:1,(anonymous_15)
FNDA:4,(anonymous_16)
FNDA:2,(anonymous_17)
FNDA:0,(anonymous_18)
FNDA:3,(anonymous_19)
FNDA:0,(anonymous_20)
FNDA:1,(anonymous_21)
DA:6,1
DA:20,13
DA:21,13
DA:22,13
DA:23,14
DA:24,1
DA:25,13
DA:27,0
DA:28,0
DA:29,0
DA:31,13
DA:33,0
DA:34,0
DA:35,0
DA:40,13
DA:42,13
DA:43,13
DA:44,13
DA:45,13
DA:47,0
DA:51,7
DA:52,0
DA:53,0
DA:54,0
DA:56,0
DA:58,7
DA:59,5
DA:61,2
DA:65,13
DA:66,13
DA:67,0
DA:69,13
DA:70,13
DA:71,0
DA:73,13
DA:78,15
DA:79,0
DA:80,0
DA:81,0
DA:83,15
DA:87,9
DA:88,9
DA:89,9
DA:90,9
DA:91,9
DA:92,0
DA:94,0
DA:96,9
DA:101,4
DA:102,4
DA:103,4
DA:105,0
DA:106,0
DA:107,0
DA:112,6
DA:113,0
DA:114,0
DA:115,0
DA:116,0
DA:118,6
DA:119,6
DA:120,7
DA:121,1
DA:123,6
DA:125,0
DA:126,0
DA:127,0
DA:129,6
DA:134,4
DA:135,2
DA:137,2
DA:138,2
DA:139,2
DA:144,2
DA:145,0
DA:146,0
DA:147,0
DA:149,2
DA:150,2
DA:152,2
DA:153,0
DA:154,0
DA:155,2
DA:156,0
DA:157,0
DA:159,2
DA:160,2
DA:161,2
DA:165,1
DA:166,0
DA:167,0
DA:168,0
DA:170,1
DA:179,4
DA:180,1
DA:181,1
DA:183,3
DA:188,2
DA:189,0
DA:191,2
DA:194,0
DA:198,3
DA:199,3
DA:200,2
DA:202,1
DA:203,1
DA:204,1
DA:207,0
DA:208,0
DA:209,0
DA:211,0
DA:212,0
DA:213,0
DA:217,1
LF:114
LH:68
BRDA:21,0,0,13
BRDA:21,0,1,0
BRDA:22,1,0,0
BRDA:22,1,1,13
BRDA:23,2,0,1
BRDA:23,2,1,13
BRDA:44,3,0,13
BRDA:44,3,1,0
BRDA:51,4,0,0
BRDA:51,4,1,7
BRDA:53,5,0,0
BRDA:53,5,1,0
BRDA:58,6,0,5
BRDA:58,6,1,2
BRDA:66,7,0,0
BRDA:66,7,1,13
BRDA:70,8,0,0
BRDA:70,8,1,13
BRDA:78,9,0,0
BRDA:78,9,1,15
BRDA:78,10,0,15
BRDA:78,10,1,15
BRDA:88,11,0,0
BRDA:88,11,1,9
BRDA:89,12,0,0
BRDA:89,12,1,9
BRDA:90,13,0,9
BRDA:90,13,1,0
BRDA:102,14,0,4
BRDA:102,14,1,0
BRDA:112,15,0,0
BRDA:112,15,1,6
BRDA:119,16,0,0
BRDA:119,16,1,6
BRDA:120,17,0,1
BRDA:120,17,1,6
BRDA:120,18,0,7
BRDA:120,18,1,6
BRDA:134,19,0,2
BRDA:134,19,1,2
BRDA:134,20,0,4
BRDA:134,20,1,3
BRDA:134,20,2,3
BRDA:144,21,0,0
BRDA:144,21,1,2
BRDA:144,22,0,2
BRDA:144,22,1,2
BRDA:144,22,2,2
BRDA:152,23,0,0
BRDA:152,23,1,2
BRDA:152,24,0,2
BRDA:152,24,1,2
BRDA:155,25,0,0
BRDA:155,25,1,2
BRDA:155,26,0,2
BRDA:155,26,1,2
BRDA:155,26,2,2
BRDA:165,27,0,0
BRDA:165,27,1,1
BRDA:179,28,0,1
BRDA:179,28,1,3
BRDA:179,29,0,4
BRDA:179,29,1,4
BRDA:179,29,2,2
BRDA:188,30,0,0
BRDA:188,30,1,2
BRDA:199,31,0,2
BRDA:199,31,1,1
BRDA:208,32,0,0
BRDA:208,32,1,0
BRF:70
BRH:48
end_of_record
TN:
SF:/Users/book/Desktop/projects/Andela/BookAMeal/server/middlewares/auth/index.js
FNF:0
FNH:0
DA:4,1
DA:5,1
LF:2
LH:2
BRF:0
BRH:0
end_of_record
TN:
SF:/Users/book/Desktop/projects/Andela/BookAMeal/server/middlewares/error/index.js
FN:4,(anonymous_0)
FNF:1
FNH:1
FNDA:2,(anonymous_0)
DA:5,2
DA:6,2
LF:2
LH:2
BRDA:5,0,0,2
BRDA:5,0,1,0
BRF:2
BRH:1
end_of_record
TN:
SF:/Users/book/Desktop/projects/Andela/BookAMeal/server/middlewares/kitchen/index.js
FN:17,(anonymous_0)
FN:23,(anonymous_1)
FN:44,(anonymous_2)
FN:61,(anonymous_3)
FN:64,(anonymous_4)
FN:71,(anonymous_5)
FNF:6
FNH:6
FNDA:1,(anonymous_0)
FNDA:2,(anonymous_1)
FNDA:1,(anonymous_2)
FNDA:1,(anonymous_3)
FNDA:3,(anonymous_4)
FNDA:1,(anonymous_5)
DA:6,1
DA:18,1
DA:19,1
DA:24,2
DA:25,0
DA:27,2
DA:45,1
DA:46,1
DA:47,1
DA:48,1
DA:49,0
DA:51,1
DA:52,0
DA:54,1
DA:56,1
DA:57,1
DA:61,1
DA:65,3
DA:66,3
DA:68,0
DA:72,1
DA:74,1
DA:75,1
DA:76,1
DA:77,0
DA:78,0
DA:80,0
DA:82,1
DA:84,0
DA:89,1
LF:30
LH:22
BRDA:24,0,0,0
BRDA:24,0,1,2
BRDA:24,1,0,2
BRDA:24,1,1,2
BRDA:48,2,0,0
BRDA:48,2,1,1
BRDA:51,3,0,0
BRDA:51,3,1,1
BRDA:56,4,0,1
BRDA:56,4,1,0
BRDA:65,5,0,3
BRDA:65,5,1,0
BRDA:76,6,0,0
BRDA:76,6,1,1
BRDA:77,7,0,0
BRDA:77,7,1,0
BRF:16
BRH:8
end_of_record
TN:
SF:/Users/book/Desktop/projects/Andela/BookAMeal/server/middlewares/meals/index.js
FN:14,(anonymous_0)
FN:21,(anonymous_1)
FN:23,(anonymous_2)
FN:33,(anonymous_3)
FN:43,(anonymous_4)
FNF:5
FNH:3
FNDA:1,(anonymous_0)
FNDA:2,(anonymous_1)
FNDA:2,(anonymous_2)
FNDA:0,(anonymous_3)
FNDA:0,(anonymous_4)
DA:7,1
DA:10,1
DA:15,1
DA:16,1
DA:22,2
DA:24,2
DA:25,0
DA:27,2
DA:34,0
DA:35,0
DA:36,0
DA:37,0
DA:38,0
DA:40,0
DA:44,0
DA:45,0
DA:46,0
DA:47,0
DA:49,0
DA:53,1
LF:20
LH:8
BRDA:24,0,0,0
BRDA:24,0,1,2
BRDA:24,1,0,2
BRDA:24,1,1,2
BRDA:36,2,0,0
BRDA:36,2,1,0
BRDA:36,3,0,0
BRDA:36,3,1,0
BRDA:46,4,0,0
BRDA:46,4,1,0
BRDA:46,5,0,0
BRDA:46,5,1,0
BRDA:46,5,2,0
BRF:13
BRH:3
end_of_record
TN:
SF:/Users/book/Desktop/projects/Andela/BookAMeal/server/middlewares/menu/index.js
FN:12,(anonymous_0)
FN:18,(anonymous_1)
FN:23,(anonymous_2)
FN:34,(anonymous_3)
FNF:4
FNH:1
FNDA:1,(anonymous_0)
FNDA:0,(anonymous_1)
FNDA:0,(anonymous_2)
FNDA:0,(anonymous_3)
DA:8,1
DA:9,1
DA:13,1
DA:14,1
DA:19,0
DA:20,0
DA:22,0
DA:24,0
DA:25,0
DA:27,0
DA:35,0
DA:36,0
DA:37,0
DA:38,0
DA:40,0
DA:41,0
DA:45,1
LF:17
LH:5
BRDA:19,0,0,0
BRDA:19,0,1,0
BRDA:24,1,0,0
BRDA:24,1,1,0
BRDA:24,2,0,0
BRDA:24,2,1,0
BRDA:37,3,0,0
BRDA:37,3,1,0
BRDA:37,4,0,0
BRDA:37,4,1,0
BRDA:37,4,2,0
BRF:11
BRH:0
end_of_record
TN:
SF:/Users/book/Desktop/projects/Andela/BookAMeal/server/middlewares/orders/index.js
FN:18,(anonymous_0)
FN:24,(anonymous_1)
FN:52,(anonymous_2)
FN:59,(anonymous_3)
FN:64,(anonymous_4)
FN:70,(anonymous_5)
FN:85,(anonymous_6)
FN:101,(anonymous_7)
FNF:8
FNH:2
FNDA:1,(anonymous_0)
FNDA:4,(anonymous_1)
FNDA:0,(anonymous_2)
FNDA:0,(anonymous_3)
FNDA:0,(anonymous_4)
FNDA:0,(anonymous_5)
FNDA:0,(anonymous_6)
FNDA:0,(anonymous_7)
DA:9,1
DA:19,1
DA:20,1
DA:25,4
DA:26,0
DA:28,4
DA:30,4
DA:31,2
DA:32,2
DA:33,2
DA:34,1
DA:36,2
DA:38,0
DA:41,2
DA:42,2
DA:43,1
DA:44,0
DA:46,1
DA:47,1
DA:49,1
DA:53,0
DA:54,0
DA:56,0
DA:60,0
DA:61,0
DA:65,0
DA:66,0
DA:67,0
DA:68,0
DA:69,0
DA:71,0
DA:72,0
DA:73,0
DA:74,0
DA:76,0
DA:87,0
DA:88,0
DA:91,0
DA:92,0
DA:93,0
DA:94,0
DA:95,0
DA:97,0
DA:103,0
DA:104,0
DA:105,0
DA:107,0
DA:108,0
DA:109,0
DA:110,0
DA:111,0
DA:116,1
LF:52
LH:18
BRDA:25,0,0,0
BRDA:25,0,1,4
BRDA:25,1,0,4
BRDA:25,1,1,4
BRDA:30,2,0,2
BRDA:30,2,1,2
BRDA:31,3,0,2
BRDA:31,3,1,0
BRDA:33,4,0,1
BRDA:33,4,1,1
BRDA:42,5,0,1
BRDA:42,5,1,1
BRDA:42,6,0,2
BRDA:42,6,1,1
BRDA:43,7,0,0
BRDA:43,7,1,1
BRDA:53,8,0,0
BRDA:53,8,1,0
BRDA:53,9,0,0
BRDA:53,9,1,0
BRDA:65,10,0,0
BRDA:65,10,1,0
BRDA:65,11,0,0
BRDA:65,11,1,0
BRDA:68,12,0,0
BRDA:68,12,1,0
BRDA:68,13,0,0
BRDA:68,13,1,0
BRDA:71,14,0,0
BRDA:71,14,1,0
BRDA:71,15,0,0
BRDA:71,15,1,0
BRDA:87,16,0,0
BRDA:87,16,1,0
BRDA:87,17,0,0
BRDA:87,17,1,0
BRDA:94,18,0,0
BRDA:94,18,1,0
BRDA:94,19,0,0
BRDA:94,19,1,0
BRDA:94,19,2,0
BRDA:103,20,0,0
BRDA:103,20,1,0
BRDA:104,21,0,0
BRDA:104,21,1,0
BRDA:108,22,0,0
BRDA:108,22,1,0
BRF:47
BRH:13
end_of_record
TN:
SF:/Users/book/Desktop/projects/Andela/BookAMeal/server/models/v1/kitchen.js
FN:25,(anonymous_0)
FNF:1
FNH:1
FNDA:10,(anonymous_0)
DA:10,1
DA:24,1
DA:25,1
DA:26,10
DA:30,1
LF:5
LH:5
BRF:0
BRH:0
end_of_record
TN:
SF:/Users/book/Desktop/projects/Andela/BookAMeal/server/models/v1/meal.js
FN:20,(anonymous_0)
FNF:1
FNH:1
FNDA:19,(anonymous_0)
DA:8,1
DA:20,1
DA:21,19
DA:25,1
LF:4
LH:4
BRF:0
BRH:0
end_of_record
TN:
SF:/Users/book/Desktop/projects/Andela/BookAMeal/server/models/v1/menu.js
FN:21,(anonymous_0)
FNF:1
FNH:1
FNDA:10,(anonymous_0)
DA:8,1
DA:19,1
DA:21,1
DA:22,10
LF:4
LH:4
BRF:0
BRH:0
end_of_record
TN:
SF:/Users/book/Desktop/projects/Andela/BookAMeal/server/models/v1/orders.js
FN:10,(anonymous_0)
FN:15,(anonymous_1)
FN:19,(anonymous_2)
FN:26,(anonymous_3)
FN:38,(anonymous_4)
FN:46,(anonymous_5)
FN:47,(anonymous_6)
FN:69,(anonymous_7)
FNF:8
FNH:6
FNDA:1,(anonymous_0)
FNDA:5,(anonymous_1)
FNDA:0,(anonymous_2)
FNDA:0,(anonymous_3)
FNDA:2,(anonymous_4)
FNDA:2,(anonymous_5)
FNDA:6,(anonymous_6)
FNDA:2,(anonymous_7)
DA:11,1
DA:12,1
DA:17,5
DA:18,5
DA:19,0
DA:20,0
DA:21,0
DA:22,0
DA:23,0
DA:26,0
DA:27,0
DA:28,0
DA:30,0
DA:31,0
DA:32,0
DA:39,2
DA:40,0
DA:41,0
DA:42,0
DA:45,2
DA:46,2
DA:47,2
DA:48,6
DA:49,6
DA:51,2
DA:52,2
DA:54,2
DA:58,1
DA:66,1
DA:69,1
DA:70,2
LF:31
LH:17
BRDA:18,0,0,0
BRDA:18,0,1,5
BRDA:18,1,0,5
BRDA:18,1,1,5
BRDA:20,2,0,0
BRDA:20,2,1,0
BRDA:27,3,0,0
BRDA:27,3,1,0
BRDA:27,4,0,0
BRDA:27,4,1,0
BRDA:27,4,2,0
BRDA:27,4,3,0
BRDA:39,5,0,0
BRDA:39,5,1,2
BRDA:45,6,0,0
BRDA:45,6,1,2
BRF:16
BRH:5
end_of_record
TN:
SF:/Users/book/Desktop/projects/Andela/BookAMeal/server/models/v1/user.js
FN:7,(anonymous_0)
FN:10,(anonymous_1)
FN:36,(anonymous_2)
FNF:3
FNH:1
FNDA:0,(anonymous_0)
FNDA:0,(anonymous_1)
FNDA:10,(anonymous_2)
DA:8,0
DA:9,0
DA:10,0
DA:11,0
DA:15,1
DA:36,1
DA:37,10
DA:40,1
LF:8
LH:4
BRF:0
BRH:0
end_of_record
TN:
SF:/Users/book/Desktop/projects/Andela/BookAMeal/server/models/v2/index.js
FN:24,(anonymous_0)
FN:27,(anonymous_1)
FNF:2
FNH:1
FNDA:1,(anonymous_0)
FNDA:0,(anonymous_1)
DA:4,1
DA:5,1
DA:6,1
DA:9,1
DA:10,1
DA:11,1
DA:12,1
DA:13,1
DA:15,1
DA:16,0
DA:18,1
DA:22,1
DA:25,1
DA:27,0
DA:31,1
DA:32,1
DA:33,1
LF:17
LH:15
BRDA:10,0,0,1
BRDA:10,0,1,0
BRDA:15,1,0,0
BRDA:15,1,1,1
BRF:4
BRH:2
end_of_record
TN:
SF:/Users/book/Desktop/projects/Andela/BookAMeal/server/models/v2/kitchen.js
FN:43,(anonymous_0)
FNF:1
FNH:1
FNDA:2,(anonymous_0)
DA:7,1
DA:13,9
DA:14,1
DA:43,1
DA:44,2
DA:45,2
DA:46,2
LF:7
LH:7
BRDA:13,0,0,1
BRDA:13,0,1,8
BRF:2
BRH:2
end_of_record
TN:
SF:/Users/book/Desktop/projects/Andela/BookAMeal/server/models/v2/meal-order-join.js
FNF:0
FNH:0
DA:4,1
LF:1
LH:1
BRF:0
BRH:0
end_of_record
TN:
SF:/Users/book/Desktop/projects/Andela/BookAMeal/server/models/v2/meal.js
FNF:0
FNH:0
DA:4,1
LF:1
LH:1
BRF:0
BRH:0
end_of_record
TN:
SF:/Users/book/Desktop/projects/Andela/BookAMeal/server/models/v2/menu.js
FNF:0
FNH:0
DA:4,1
LF:1
LH:1
BRF:0
BRH:0
end_of_record
TN:
SF:/Users/book/Desktop/projects/Andela/BookAMeal/server/models/v2/order.js
FNF:0
FNH:0
DA:4,1
LF:1
LH:1
BRF:0
BRH:0
end_of_record
TN:
SF:/Users/book/Desktop/projects/Andela/BookAMeal/server/models/v2/relationship.js
FNF:0
FNH:0
DA:8,1
DA:10,1
DA:11,1
DA:14,1
DA:15,1
DA:18,1
DA:19,1
DA:22,1
DA:23,1
DA:26,1
DA:27,1
DA:30,1
DA:31,1
DA:34,1
LF:14
LH:14
BRF:0
BRH:0
end_of_record
TN:
SF:/Users/book/Desktop/projects/Andela/BookAMeal/server/models/v2/sync.js
FN:10,(anonymous_0)
FN:17,(anonymous_1)
FNF:2
FNH:0
FNDA:0,(anonymous_0)
FNDA:0,(anonymous_1)
DA:10,1
DA:11,0
DA:12,0
DA:13,0
DA:14,0
DA:15,0
DA:16,0
DA:17,0
DA:18,0
DA:19,0
LF:10
LH:1
BRF:0
BRH:0
end_of_record
TN:
SF:/Users/book/Desktop/projects/Andela/BookAMeal/server/models/v2/user.js
FN:5,(anonymous_0)
FN:68,(anonymous_1)
FNF:2
FNH:2
FNDA:15,(anonymous_0)
FNDA:8,(anonymous_1)
DA:5,1
DA:6,15
DA:7,0
DA:11,1
DA:69,8
LF:5
LH:4
BRDA:6,0,0,0
BRDA:6,0,1,15
BRF:2
BRH:1
end_of_record
TN:
SF:/Users/book/Desktop/projects/Andela/BookAMeal/server/routes/auth.js
FNF:0
FNH:0
DA:7,1
DA:9,1
DA:11,1
LF:3
LH:3
BRF:0
BRH:0
end_of_record
TN:
SF:/Users/book/Desktop/projects/Andela/BookAMeal/server/routes/kitchens.js
FNF:0
FNH:0
DA:8,1
DA:10,1
DA:12,1
DA:14,1
DA:16,1
DA:18,1
LF:6
LH:6
BRF:0
BRH:0
end_of_record
TN:
SF:/Users/book/Desktop/projects/Andela/BookAMeal/server/routes/meals.js
FNF:0
FNH:0
DA:9,1
DA:17,1
DA:19,1
DA:22,1
DA:25,1
DA:29,1
LF:6
LH:6
BRF:0
BRH:0
end_of_record
TN:
SF:/Users/book/Desktop/projects/Andela/BookAMeal/server/routes/menu.js
FNF:0
FNH:0
DA:8,1
DA:22,1
DA:24,1
DA:27,1
LF:4
LH:4
BRF:0
BRH:0
end_of_record
TN:
SF:/Users/book/Desktop/projects/Andela/BookAMeal/server/routes/orders.js
FNF:0
FNH:0
DA:10,1
DA:22,1
DA:25,1
DA:28,1
LF:4
LH:4
BRF:0
BRH:0
end_of_record
TN:
SF:/Users/book/Desktop/projects/Andela/BookAMeal/server/routes/user.js
FNF:0
FNH:0
DA:7,1
DA:12,1
DA:14,1
DA:16,1
DA:18,1
DA:20,1
DA:22,1
DA:24,1
LF:8
LH:8
BRF:0
BRH:0
end_of_record
TN:
SF:/Users/book/Desktop/projects/Andela/BookAMeal/server/services/base-service.js
FN:7,(anonymous_0)
FN:17,(anonymous_1)
FN:25,(anonymous_2)
FN:32,(anonymous_3)
FN:42,(anonymous_4)
FN:52,(anonymous_5)
FN:60,(anonymous_6)
FN:67,(anonymous_7)
FN:71,(anonymous_8)
FN:78,(anonymous_9)
FN:90,(anonymous_10)
FN:98,(anonymous_11)
FN:102,(anonymous_12)
FN:106,(anonymous_13)
FN:110,(anonymous_14)
FN:113,(anonymous_15)
FN:117,(anonymous_16)
FN:121,(anonymous_17)
FN:125,(anonymous_18)
FNF:19
FNH:16
FNDA:6,(anonymous_0)
FNDA:3,(anonymous_1)
FNDA:1,(anonymous_2)
FNDA:4,(anonymous_3)
FNDA:2,(anonymous_4)
FNDA:2,(anonymous_5)
FNDA:1,(anonymous_6)
FNDA:2,(anonymous_7)
FNDA:5,(anonymous_8)
FNDA:2,(anonymous_9)
FNDA:2,(anonymous_10)
FNDA:14,(anonymous_11)
FNDA:0,(anonymous_12)
FNDA:6,(anonymous_13)
FNDA:1,(anonymous_14)
FNDA:0,(anonymous_15)
FNDA:7,(anonymous_16)
FNDA:0,(anonymous_17)
FNDA:33,(anonymous_18)
DA:8,6
DA:9,6
DA:18,3
DA:19,1
DA:21,2
DA:22,2
DA:26,1
DA:27,0
DA:29,1
DA:33,4
DA:34,4
DA:35,4
DA:36,4
DA:37,0
DA:39,4
DA:43,2
DA:44,2
DA:45,0
DA:47,2
DA:48,2
DA:49,2
DA:53,2
DA:54,2
DA:55,2
DA:56,2
DA:61,1
DA:62,0
DA:64,1
DA:68,2
DA:72,5
DA:73,5
DA:74,5
DA:75,5
DA:79,2
DA:80,2
DA:81,0
DA:83,2
DA:84,2
DA:85,2
DA:86,2
DA:87,2
DA:91,2
DA:92,2
DA:93,2
DA:94,2
DA:95,2
DA:99,14
DA:103,0
DA:107,6
DA:111,1
DA:114,0
DA:118,7
DA:122,0
DA:126,33
DA:127,0
LF:55
LH:46
BRDA:18,0,0,1
BRDA:18,0,1,2
BRDA:18,1,0,3
BRDA:18,1,1,3
BRDA:18,1,2,2
BRDA:18,1,3,2
BRDA:26,2,0,0
BRDA:26,2,1,1
BRDA:26,3,0,1
BRDA:26,3,1,0
BRDA:36,4,0,0
BRDA:36,4,1,4
BRDA:36,5,0,4
BRDA:36,5,1,0
BRDA:44,6,0,0
BRDA:44,6,1,2
BRDA:61,7,0,0
BRDA:61,7,1,1
BRDA:61,8,0,1
BRDA:61,8,1,1
BRDA:80,9,0,0
BRDA:80,9,1,2
BRDA:126,10,0,0
BRDA:126,10,1,33
BRDA:126,11,0,33
BRDA:126,11,1,33
BRDA:126,11,2,33
BRF:27
BRH:19
end_of_record
TN:
SF:/Users/book/Desktop/projects/Andela/BookAMeal/server/services/auth/auth.js
FN:13,(anonymous_0)
FN:21,(anonymous_1)
FN:24,(anonymous_2)
FN:31,(anonymous_3)
FN:61,(anonymous_4)
FN:69,(anonymous_5)
FN:83,(anonymous_6)
FNF:7
FNH:7
FNDA:1,(anonymous_0)
FNDA:7,(anonymous_1)
FNDA:22,(anonymous_2)
FNDA:36,(anonymous_3)
FNDA:1,(anonymous_4)
FNDA:6,(anonymous_5)
FNDA:3,(anonymous_6)
DA:8,1
DA:14,1
DA:15,1
DA:16,1
DA:17,1
DA:22,7
DA:23,7
DA:24,7
DA:25,22
DA:26,19
DA:28,3
DA:30,4
DA:31,4
DA:32,36
DA:33,16
DA:34,16
DA:35,20
DA:36,8
DA:37,4
DA:38,4
DA:40,4
DA:42,16
DA:45,4
DA:46,4
DA:47,4
DA:48,4
DA:51,3
DA:52,0
DA:53,0
DA:55,0
DA:57,3
DA:66,1
DA:68,1
DA:69,6
DA:70,1
DA:71,0
DA:74,1
DA:75,1
DA:76,0
DA:78,1
DA:80,0
DA:84,3
DA:85,3
DA:86,3
DA:87,1
DA:89,2
DA:91,2
DA:92,2
DA:94,0
DA:96,0
DA:100,1
LF:51
LH:43
BRDA:15,0,0,1
BRDA:15,0,1,0
BRDA:25,1,0,19
BRDA:25,1,1,3
BRDA:25,2,0,22
BRDA:25,2,1,21
BRDA:25,2,2,21
BRDA:30,3,0,4
BRDA:30,3,1,0
BRDA:30,4,0,4
BRDA:30,4,1,4
BRDA:32,5,0,16
BRDA:32,5,1,20
BRDA:32,6,0,36
BRDA:32,6,1,16
BRDA:35,7,0,8
BRDA:35,7,1,12
BRDA:35,8,0,20
BRDA:35,8,1,20
BRDA:35,8,2,16
BRDA:36,9,0,4
BRDA:36,9,1,4
BRDA:51,10,0,0
BRDA:51,10,1,3
BRDA:52,11,0,0
BRDA:52,11,1,0
BRDA:61,12,0,1
BRDA:66,13,0,1
BRDA:66,13,1,0
BRDA:70,14,0,0
BRDA:70,14,1,1
BRDA:75,15,0,0
BRDA:75,15,1,1
BRDA:84,16,0,3
BRDA:84,16,1,0
BRDA:86,17,0,1
BRDA:86,17,1,2
BRDA:89,18,0,2
BRDA:89,18,1,0
BRF:39
BRH:29
end_of_record
TN:
SF:/Users/book/Desktop/projects/Andela/BookAMeal/server/services/auth/errors/validation.js
FN:2,(anonymous_0)
FNF:1
FNH:1
FNDA:17,(anonymous_0)
DA:3,17
DA:4,17
DA:5,17
LF:3
LH:3
BRF:0
BRH:0
end_of_record
TN:
SF:/Users/book/Desktop/projects/Andela/BookAMeal/server/services/kitchens/index.js
FN:19,(anonymous_0)
FN:27,(anonymous_1)
FN:34,(anonymous_2)
FN:45,(anonymous_3)
FN:52,(anonymous_4)
FN:57,(anonymous_5)
FN:65,(anonymous_6)
FN:70,(anonymous_7)
FN:75,(anonymous_8)
FN:77,(anonymous_9)
FN:78,(anonymous_10)
FN:83,(anonymous_11)
FN:84,(anonymous_12)
FN:84,(anonymous_13)
FN:91,(anonymous_14)
FN:102,(anonymous_15)
FN:110,(anonymous_16)
FN:124,(anonymous_17)
FN:134,(anonymous_18)
FN:144,(anonymous_19)
FN:160,(anonymous_20)
FN:162,(anonymous_21)
FNF:22
FNH:11
FNDA:1,(anonymous_0)
FNDA:2,(anonymous_1)
FNDA:2,(anonymous_2)
FNDA:2,(anonymous_3)
FNDA:7,(anonymous_4)
FNDA:1,(anonymous_5)
FNDA:0,(anonymous_6)
FNDA:0,(anonymous_7)
FNDA:0,(anonymous_8)
FNDA:0,(anonymous_9)
FNDA:0,(anonymous_10)
FNDA:0,(anonymous_11)
FNDA:0,(anonymous_12)
FNDA:0,(anonymous_13)
FNDA:2,(anonymous_14)
FNDA:2,(anonymous_15)
FNDA:0,(anonymous_16)
FNDA:2,(anonymous_17)
FNDA:10,(anonymous_18)
FNDA:0,(anonymous_19)
FNDA:2,(anonymous_20)
FNDA:0,(anonymous_21)
DA:6,1
DA:12,1
DA:13,1
DA:14,1
DA:20,1
DA:21,0
DA:23,1
DA:24,1
DA:28,2
DA:29,0
DA:31,2
DA:35,2
DA:36,2
DA:37,2
DA:38,2
DA:39,1
DA:41,1
DA:46,2
DA:47,2
DA:48,2
DA:49,2
DA:50,2
DA:52,7
DA:54,2
DA:58,1
DA:59,1
DA:60,1
DA:61,1
DA:62,1
DA:66,0
DA:67,0
DA:69,0
DA:70,0
DA:71,0
DA:76,0
DA:77,0
DA:78,0
DA:79,0
DA:80,0
DA:83,0
DA:84,0
DA:85,0
DA:87,0
DA:92,2
DA:93,2
DA:94,0
DA:96,2
DA:97,2
DA:98,2
DA:99,2
DA:103,2
DA:104,2
DA:105,2
DA:106,2
DA:107,2
DA:111,0
DA:113,0
DA:114,0
DA:115,0
DA:116,0
DA:117,0
DA:118,0
DA:119,0
DA:121,0
DA:125,2
DA:126,2
DA:127,2
DA:130,2
DA:131,2
DA:132,2
DA:134,2
DA:135,10
DA:136,10
DA:137,6
DA:142,2
DA:143,1
DA:144,1
DA:145,0
DA:146,0
DA:148,0
DA:149,0
DA:150,0
DA:152,0
DA:157,2
DA:161,2
DA:162,0
DA:163,0
DA:165,2
DA:167,2
DA:170,0
DA:174,1
LF:91
LH:56
BRDA:20,0,0,0
BRDA:20,0,1,1
BRDA:20,1,0,1
BRDA:20,1,1,1
BRDA:20,1,2,1
BRDA:28,2,0,0
BRDA:28,2,1,2
BRDA:28,3,0,2
BRDA:28,3,1,0
BRDA:38,4,0,1
BRDA:38,4,1,1
BRDA:38,5,0,2
BRDA:38,5,1,1
BRDA:66,6,0,0
BRDA:66,6,1,0
BRDA:66,7,0,0
BRDA:66,7,1,0
BRDA:93,8,0,0
BRDA:93,8,1,2
BRDA:118,9,0,0
BRDA:118,9,1,0
BRDA:118,10,0,0
BRDA:118,10,1,0
BRDA:118,10,2,0
BRDA:131,11,0,2
BRDA:131,11,1,0
BRDA:136,12,0,6
BRDA:136,12,1,4
BRDA:142,13,0,1
BRDA:142,13,1,1
BRDA:146,14,0,0
BRDA:146,14,1,0
BRDA:161,15,0,0
BRDA:161,15,1,2
BRF:34
BRH:17
end_of_record
TN:
SF:/Users/book/Desktop/projects/Andela/BookAMeal/server/services/meals/index.js
FN:16,(anonymous_0)
FN:23,(anonymous_1)
FN:33,(anonymous_2)
FN:41,(anonymous_3)
FNF:4
FNH:4
FNDA:1,(anonymous_0)
FNDA:1,(anonymous_1)
FNDA:2,(anonymous_2)
FNDA:1,(anonymous_3)
DA:6,1
DA:10,1
DA:17,1
DA:18,1
DA:19,1
DA:20,1
DA:24,1
DA:25,0
DA:27,1
DA:28,1
DA:29,1
DA:30,1
DA:34,2
DA:35,0
DA:37,2
DA:38,2
DA:43,1
DA:44,1
DA:49,1
LF:19
LH:17
BRDA:24,0,0,0
BRDA:24,0,1,1
BRDA:24,1,0,1
BRDA:24,1,1,1
BRDA:24,1,2,1
BRDA:24,1,3,1
BRDA:34,2,0,0
BRDA:34,2,1,2
BRDA:34,3,0,2
BRDA:34,3,1,2
BRDA:34,3,2,2
BRF:11
BRH:9
end_of_record
TN:
SF:/Users/book/Desktop/projects/Andela/BookAMeal/server/services/menu/index.js
FN:21,(anonymous_0)
FN:23,(anonymous_1)
FN:28,(anonymous_2)
FN:35,(anonymous_3)
FN:37,(anonymous_4)
FN:41,(anonymous_5)
FN:48,(anonymous_6)
FN:54,(anonymous_7)
FN:58,(anonymous_8)
FN:61,(anonymous_9)
FNF:10
FNH:5
FNDA:1,(anonymous_0)
FNDA:2,(anonymous_1)
FNDA:1,(anonymous_2)
FNDA:1,(anonymous_3)
FNDA:10,(anonymous_4)
FNDA:0,(anonymous_5)
FNDA:0,(anonymous_6)
FNDA:0,(anonymous_7)
FNDA:0,(anonymous_8)
FNDA:0,(anonymous_9)
DA:9,1
DA:15,1
DA:22,1
DA:23,2
DA:24,1
DA:25,1
DA:29,1
DA:36,1
DA:37,10
DA:38,1
DA:42,0
DA:43,0
DA:44,0
DA:45,0
DA:49,0
DA:50,0
DA:51,0
DA:55,0
DA:56,0
DA:58,0
DA:62,0
DA:63,0
DA:64,0
DA:65,0
DA:69,1
LF:25
LH:11
BRDA:55,0,0,0
BRDA:55,0,1,0
BRDA:55,1,0,0
BRDA:55,1,1,0
BRF:4
BRH:0
end_of_record
TN:
SF:/Users/book/Desktop/projects/Andela/BookAMeal/server/services/orders/index.js
FN:16,(anonymous_0)
FN:20,(anonymous_1)
FN:26,(anonymous_2)
FN:34,(anonymous_3)
FN:41,(anonymous_4)
FN:45,(anonymous_5)
FN:48,(anonymous_6)
FN:48,(anonymous_7)
FN:49,(anonymous_8)
FN:55,(anonymous_9)
FN:70,(anonymous_10)
FN:76,(anonymous_11)
FN:83,(anonymous_12)
FN:90,(anonymous_13)
FN:102,(anonymous_14)
FN:131,(anonymous_15)
FNF:16
FNH:15
FNDA:1,(anonymous_0)
FNDA:3,(anonymous_1)
FNDA:1,(anonymous_2)
FNDA:1,(anonymous_3)
FNDA:1,(anonymous_4)
FNDA:0,(anonymous_5)
FNDA:2,(anonymous_6)
FNDA:1,(anonymous_7)
FNDA:1,(anonymous_8)
FNDA:1,(anonymous_9)
FNDA:3,(anonymous_10)
FNDA:4,(anonymous_11)
FNDA:3,(anonymous_12)
FNDA:3,(anonymous_13)
FNDA:5,(anonymous_14)
FNDA:2,(anonymous_15)
DA:9,1
DA:13,1
DA:17,1
DA:18,1
DA:21,3
DA:22,0
DA:27,1
DA:28,1
DA:29,1
DA:31,0
DA:35,1
DA:36,1
DA:37,0
DA:42,1
DA:43,1
DA:44,0
DA:45,0
DA:46,1
DA:47,1
DA:48,2
DA:49,1
DA:51,0
DA:56,1
DA:57,1
DA:58,1
DA:59,1
DA:60,1
DA:61,1
DA:62,1
DA:65,0
DA:71,3
DA:72,0
DA:75,3
DA:76,3
DA:77,4
DA:78,1
DA:81,3
DA:83,3
DA:84,3
DA:87,3
DA:88,3
DA:90,3
DA:91,3
DA:92,0
DA:94,3
DA:96,3
DA:97,3
DA:98,3
DA:103,5
DA:104,5
DA:105,5
DA:106,5
DA:107,5
DA:108,0
DA:110,5
DA:111,2
DA:112,2
DA:115,2
DA:116,3
DA:117,3
DA:118,3
DA:119,1
DA:121,2
DA:122,2
DA:123,0
DA:125,2
DA:126,2
DA:128,0
DA:132,2
DA:133,2
DA:134,1
DA:135,1
DA:136,1
DA:141,1
LF:74
LH:62
BRDA:21,0,0,0
BRDA:21,0,1,3
BRDA:21,1,0,3
BRDA:21,1,1,3
BRDA:27,2,0,1
BRDA:27,2,1,0
BRDA:27,3,0,1
BRDA:27,3,1,1
BRDA:36,4,0,0
BRDA:36,4,1,1
BRDA:36,5,0,1
BRDA:36,5,1,1
BRDA:36,5,2,1
BRDA:36,5,3,1
BRDA:36,5,4,1
BRDA:36,5,5,1
BRDA:43,6,0,0
BRDA:43,6,1,1
BRDA:46,7,0,1
BRDA:46,7,1,0
BRDA:60,8,0,1
BRDA:60,8,1,0
BRDA:71,9,0,0
BRDA:71,9,1,3
BRDA:71,10,0,3
BRDA:71,10,1,3
BRDA:71,10,2,3
BRDA:71,10,3,3
BRDA:71,10,4,3
BRDA:77,11,0,1
BRDA:77,11,1,3
BRDA:91,12,0,0
BRDA:91,12,1,3
BRDA:91,13,0,3
BRDA:91,13,1,3
BRDA:107,14,0,0
BRDA:107,14,1,5
BRDA:110,15,0,2
BRDA:110,15,1,3
BRDA:116,16,0,3
BRDA:116,16,1,0
BRDA:118,17,0,1
BRDA:118,17,1,2
BRDA:118,18,0,3
BRDA:118,18,1,2
BRDA:118,18,2,2
BRDA:118,18,3,2
BRDA:122,19,0,0
BRDA:122,19,1,2
BRDA:133,20,0,1
BRDA:133,20,1,1
BRDA:135,21,0,1
BRDA:135,21,1,0
BRF:53
BRH:41
end_of_record
TN:
SF:/Users/book/Desktop/projects/Andela/BookAMeal/server/services/users/index.js
FN:21,(anonymous_0)
FN:27,(anonymous_1)
FN:35,(anonymous_2)
FN:47,(anonymous_3)
FN:65,(anonymous_4)
FN:80,(anonymous_5)
FN:97,(anonymous_6)
FN:109,(anonymous_7)
FN:117,(anonymous_8)
FNF:9
FNH:9
FNDA:1,(anonymous_0)
FNDA:1,(anonymous_1)
FNDA:1,(anonymous_2)
FNDA:3,(anonymous_3)
FNDA:1,(anonymous_4)
FNDA:2,(anonymous_5)
FNDA:4,(anonymous_6)
FNDA:2,(anonymous_7)
FNDA:2,(anonymous_8)
DA:7,1
DA:9,1
DA:15,1
DA:17,1
DA:18,1
DA:22,1
DA:23,1
DA:24,1
DA:28,1
DA:29,0
DA:31,1
DA:36,1
DA:37,0
DA:39,1
DA:40,1
DA:41,0
DA:43,1
DA:48,3
DA:49,3
DA:50,0
DA:52,3
DA:53,3
DA:54,3
DA:55,1
DA:57,2
DA:58,2
DA:59,2
DA:61,1
DA:66,1
DA:67,1
DA:68,1
DA:69,1
DA:70,1
DA:71,1
DA:72,1
DA:73,1
DA:74,1
DA:75,1
DA:77,0
DA:81,2
DA:82,2
DA:83,0
DA:85,2
DA:86,2
DA:87,2
DA:88,2
DA:89,1
DA:91,1
DA:93,1
DA:98,4
DA:99,4
DA:100,4
DA:101,4
DA:102,4
DA:103,4
DA:104,4
DA:105,4
DA:110,2
DA:111,0
DA:113,2
DA:114,2
DA:118,2
DA:119,0
DA:121,2
DA:122,2
DA:126,1
LF:66
LH:58
BRDA:28,0,0,0
BRDA:28,0,1,1
BRDA:28,1,0,1
BRDA:28,1,1,0
BRDA:36,2,0,0
BRDA:36,2,1,1
BRDA:36,3,0,1
BRDA:36,3,1,1
BRDA:36,3,2,1
BRDA:40,4,0,0
BRDA:40,4,1,1
BRDA:40,5,0,1
BRDA:40,5,1,0
BRDA:49,6,0,0
BRDA:49,6,1,3
BRDA:54,7,0,1
BRDA:54,7,1,2
BRDA:67,8,0,1
BRDA:67,8,1,0
BRDA:82,9,0,0
BRDA:82,9,1,2
BRDA:88,10,0,1
BRDA:88,10,1,1
BRDA:110,11,0,0
BRDA:110,11,1,2
BRDA:110,12,0,2
BRDA:110,12,1,2
BRDA:110,12,2,2
BRDA:110,12,3,2
BRDA:118,13,0,0
BRDA:118,13,1,2
BRDA:118,14,0,2
BRDA:118,14,1,2
BRDA:118,14,2,2
BRF:34
BRH:24
end_of_record
TN:
SF:/Users/book/Desktop/projects/Andela/BookAMeal/server/tests/integration/auth/index.spec.js
FN:10,(anonymous_0)
FN:11,(anonymous_1)
FN:12,(anonymous_2)
FN:19,(anonymous_3)
FN:27,(anonymous_4)
FN:28,(anonymous_5)
FN:35,(anonymous_6)
FNF:7
FNH:7
FNDA:1,(anonymous_0)
FNDA:1,(anonymous_1)
FNDA:1,(anonymous_2)
FNDA:1,(anonymous_3)
FNDA:1,(anonymous_4)
FNDA:1,(anonymous_5)
FNDA:1,(anonymous_6)
DA:10,1
DA:11,1
DA:12,1
DA:13,1
DA:14,1
DA:15,1
DA:16,1
DA:19,1
DA:20,1
DA:21,1
DA:22,1
DA:23,1
DA:27,1
DA:28,1
DA:29,1
DA:30,1
DA:31,1
DA:32,1
DA:35,1
DA:36,1
DA:37,1
DA:38,1
DA:39,1
LF:23
LH:23
BRF:0
BRH:0
end_of_record
TN:
SF:/Users/book/Desktop/projects/Andela/BookAMeal/server/tests/integration/kitchen/index.spec.js
FN:15,(anonymous_0)
FN:17,(anonymous_1)
FN:25,(anonymous_2)
FN:31,(anonymous_3)
FN:38,(anonymous_4)
FN:45,(anonymous_5)
FN:52,(anonymous_6)
FNF:7
FNH:7
FNDA:1,(anonymous_0)
FNDA:1,(anonymous_1)
FNDA:1,(anonymous_2)
FNDA:1,(anonymous_3)
FNDA:1,(anonymous_4)
FNDA:1,(anonymous_5)
FNDA:1,(anonymous_6)
DA:7,1
DA:15,1
DA:17,1
DA:18,1
DA:19,1
DA:20,1
DA:21,1
DA:22,1
DA:25,1
DA:26,1
DA:27,1
DA:28,1
DA:31,1
DA:32,1
DA:33,1
DA:34,1
DA:35,1
DA:38,1
DA:39,1
DA:40,1
DA:41,1
DA:42,1
DA:45,1
DA:46,1
DA:47,1
DA:48,1
DA:49,1
DA:52,1
DA:53,1
DA:54,1
LF:30
LH:30
BRF:0
BRH:0
end_of_record
TN:
SF:/Users/book/Desktop/projects/Andela/BookAMeal/server/tests/integration/meals/index.js
FN:14,(anonymous_0)
FN:16,(anonymous_1)
FN:24,(anonymous_2)
FN:32,(anonymous_3)
FN:38,(anonymous_4)
FN:45,(anonymous_5)
FN:51,(anonymous_6)
FNF:7
FNH:7
FNDA:1,(anonymous_0)
FNDA:1,(anonymous_1)
FNDA:1,(anonymous_2)
FNDA:1,(anonymous_3)
FNDA:1,(anonymous_4)
FNDA:1,(anonymous_5)
FNDA:1,(anonymous_6)
DA:12,1
DA:14,1
DA:16,1
DA:17,1
DA:18,1
DA:19,1
DA:20,1
DA:21,1
DA:24,1
DA:25,1
DA:26,1
DA:27,1
DA:28,1
DA:29,1
DA:32,1
DA:33,1
DA:34,1
DA:35,1
DA:38,1
DA:39,1
DA:40,1
DA:41,1
DA:42,1
DA:45,1
DA:46,1
DA:47,1
DA:48,1
DA:51,1
DA:52,1
DA:53,1
LF:30
LH:30
BRF:0
BRH:0
end_of_record
TN:
SF:/Users/book/Desktop/projects/Andela/BookAMeal/server/tests/integration/menu/index.js
FN:16,(anonymous_0)
FN:17,(anonymous_1)
FN:26,(anonymous_2)
FN:32,(anonymous_3)
FN:40,(anonymous_4)
FNF:5
FNH:5
FNDA:1,(anonymous_0)
FNDA:1,(anonymous_1)
FNDA:1,(anonymous_2)
FNDA:1,(anonymous_3)
FNDA:1,(anonymous_4)
DA:7,1
DA:16,1
DA:17,1
DA:18,1
DA:19,1
DA:20,1
DA:21,1
DA:22,1
DA:23,1
DA:26,1
DA:27,1
DA:28,1
DA:29,1
DA:32,1
DA:33,1
DA:34,1
DA:35,1
DA:36,1
DA:40,1
DA:41,1
DA:42,1
DA:43,1
DA:44,1
LF:23
LH:23
BRF:0
BRH:0
end_of_record
TN:
SF:/Users/book/Desktop/projects/Andela/BookAMeal/server/tests/integration/orders/index.js
FN:19,(anonymous_0)
FN:20,(anonymous_1)
FN:24,(anonymous_2)
FN:31,(anonymous_3)
FN:38,(anonymous_4)
FN:44,(anonymous_5)
FN:51,(anonymous_6)
FN:58,(anonymous_7)
FNF:8
FNH:8
FNDA:1,(anonymous_0)
FNDA:1,(anonymous_1)
FNDA:1,(anonymous_2)
FNDA:1,(anonymous_3)
FNDA:1,(anonymous_4)
FNDA:1,(anonymous_5)
FNDA:1,(anonymous_6)
FNDA:1,(anonymous_7)
DA:17,1
DA:19,1
DA:20,1
DA:21,1
DA:22,1
DA:23,1
DA:24,1
DA:25,1
DA:27,1
DA:28,1
DA:31,1
DA:32,1
DA:33,1
DA:34,1
DA:35,1
DA:38,1
DA:39,1
DA:40,1
DA:41,1
DA:44,1
DA:45,1
DA:46,1
DA:47,1
DA:48,1
DA:51,1
DA:52,1
DA:53,1
DA:54,1
DA:55,1
DA:58,1
DA:59,1
DA:60,1
LF:32
LH:32
BRF:0
BRH:0
end_of_record
TN:
SF:/Users/book/Desktop/projects/Andela/BookAMeal/server/tests/integration/user/index.js
FN:12,(anonymous_0)
FN:13,(anonymous_1)
FN:14,(anonymous_2)
FN:20,(anonymous_3)
FN:21,(anonymous_4)
FN:27,(anonymous_5)
FN:32,(anonymous_6)
FN:38,(anonymous_7)
FNF:8
FNH:8
FNDA:1,(anonymous_0)
FNDA:1,(anonymous_1)
FNDA:1,(anonymous_2)
FNDA:1,(anonymous_3)
FNDA:1,(anonymous_4)
FNDA:1,(anonymous_5)
FNDA:1,(anonymous_6)
FNDA:1,(anonymous_7)
DA:10,1
DA:11,1
DA:12,1
DA:13,1
DA:14,1
DA:15,1
DA:16,1
DA:17,1
DA:20,1
DA:21,1
DA:22,1
DA:23,1
DA:24,1
DA:27,1
DA:28,1
DA:29,1
DA:32,1
DA:33,1
DA:34,1
DA:35,1
DA:38,1
DA:39,1
DA:40,1
DA:41,1
LF:24
LH:24
BRF:0
BRH:0
end_of_record
TN:
SF:/Users/book/Desktop/projects/Andela/BookAMeal/server/tests/unit/auth/auth.spec.js
FN:17,(anonymous_0)
FN:18,(anonymous_1)
FN:19,(anonymous_2)
FN:28,(anonymous_3)
FN:42,(anonymous_4)
FN:58,(anonymous_5)
FN:59,(anonymous_6)
FN:74,(anonymous_7)
FN:79,(anonymous_8)
FN:89,(anonymous_9)
FNF:10
FNH:10
FNDA:1,(anonymous_0)
FNDA:1,(anonymous_1)
FNDA:1,(anonymous_2)
FNDA:1,(anonymous_3)
FNDA:1,(anonymous_4)
FNDA:1,(anonymous_5)
FNDA:1,(anonymous_6)
FNDA:2,(anonymous_7)
FNDA:1,(anonymous_8)
FNDA:1,(anonymous_9)
DA:6,1
DA:17,1
DA:18,1
DA:19,1
DA:20,1
DA:21,1
DA:22,1
DA:24,1
DA:28,1
DA:29,1
DA:30,1
DA:35,1
DA:37,1
DA:38,1
DA:42,1
DA:43,1
DA:44,1
DA:50,1
DA:51,1
DA:53,0
DA:58,1
DA:59,1
DA:60,1
DA:74,1
DA:75,2
DA:79,1
DA:80,1
DA:81,1
DA:82,1
DA:84,1
DA:85,1
DA:89,1
DA:90,1
DA:91,1
DA:92,1
DA:93,1
DA:95,0
LF:37
LH:35
BRF:0
BRH:0
end_of_record
TN:
SF:/Users/book/Desktop/projects/Andela/BookAMeal/server/tests/unit/datahandler/index.spec.js
FN:9,(anonymous_0)
FN:11,(anonymous_1)
FN:17,(anonymous_2)
FN:26,(anonymous_3)
FN:27,(anonymous_4)
FN:37,(anonymous_5)
FN:51,(anonymous_6)
FN:54,(anonymous_7)
FN:65,(anonymous_8)
FN:80,(anonymous_9)
FN:83,(anonymous_10)
FN:84,(anonymous_11)
FN:89,(anonymous_12)
FN:90,(anonymous_13)
FN:99,(anonymous_14)
FN:107,(anonymous_15)
FN:116,(anonymous_16)
FN:126,(anonymous_17)
FN:127,(anonymous_18)
FN:133,(anonymous_19)
FN:140,(anonymous_20)
FN:156,(anonymous_21)
FN:168,(anonymous_22)
FN:169,(anonymous_23)
FN:173,(anonymous_24)
FN:184,(anonymous_25)
FN:196,(anonymous_26)
FN:205,(anonymous_27)
FN:215,(anonymous_28)
FNF:29
FNH:29
FNDA:1,(anonymous_0)
FNDA:1,(anonymous_1)
FNDA:1,(anonymous_2)
FNDA:1,(anonymous_3)
FNDA:1,(anonymous_4)
FNDA:1,(anonymous_5)
FNDA:1,(anonymous_6)
FNDA:1,(anonymous_7)
FNDA:1,(anonymous_8)
FNDA:1,(anonymous_9)
FNDA:1,(anonymous_10)
FNDA:3,(anonymous_11)
FNDA:1,(anonymous_12)
FNDA:1,(anonymous_13)
FNDA:1,(anonymous_14)
FNDA:1,(anonymous_15)
FNDA:1,(anonymous_16)
FNDA:1,(anonymous_17)
FNDA:1,(anonymous_18)
FNDA:1,(anonymous_19)
FNDA:1,(anonymous_20)
FNDA:1,(anonymous_21)
FNDA:1,(anonymous_22)
FNDA:10,(anonymous_23)
FNDA:1,(anonymous_24)
FNDA:1,(anonymous_25)
FNDA:1,(anonymous_26)
FNDA:1,(anonymous_27)
FNDA:1,(anonymous_28)
DA:9,1
DA:10,1
DA:11,1
DA:12,1
DA:13,1
DA:14,1
DA:17,1
DA:18,1
DA:19,1
DA:20,1
DA:21,1
DA:22,1
DA:23,1
DA:26,1
DA:27,1
DA:28,1
DA:29,1
DA:30,1
DA:32,0
DA:33,0
DA:37,1
DA:38,1
DA:39,1
DA:44,1
DA:46,0
DA:51,1
DA:52,1
DA:54,1
DA:55,1
DA:56,1
DA:57,1
DA:58,1
DA:60,1
DA:61,1
DA:65,1
DA:66,1
DA:67,1
DA:68,1
DA:69,1
DA:70,1
DA:71,1
DA:72,1
DA:73,1
DA:75,0
DA:80,1
DA:81,1
DA:82,1
DA:83,1
DA:84,1
DA:85,3
DA:89,1
DA:90,1
DA:91,1
DA:92,1
DA:94,1
DA:95,1
DA:99,1
DA:100,1
DA:101,1
DA:103,1
DA:107,1
DA:108,1
DA:109,1
DA:111,1
DA:112,1
DA:116,1
DA:117,1
DA:118,1
DA:119,1
DA:120,1
DA:122,0
DA:126,1
DA:127,1
DA:128,1
DA:129,1
DA:133,1
DA:134,1
DA:140,1
DA:141,1
DA:142,1
DA:146,1
DA:147,1
DA:148,1
DA:149,1
DA:151,0
DA:156,1
DA:157,1
DA:168,1
DA:169,1
DA:170,10
DA:173,1
DA:174,1
DA:175,1
DA:176,1
DA:177,1
DA:178,1
DA:180,0
DA:184,1
DA:185,1
DA:186,1
DA:187,1
DA:188,1
DA:189,1
DA:190,1
DA:192,0
DA:196,1
DA:197,1
DA:198,1
DA:199,1
DA:201,0
DA:205,1
DA:206,1
DA:207,1
DA:208,1
DA:209,1
DA:211,0
DA:215,1
DA:216,1
DA:217,1
DA:218,1
DA:219,1
DA:221,0
LF:122
LH:111
BRF:0
BRH:0
end_of_record
TN:
SF:/Users/book/Desktop/projects/Andela/BookAMeal/server/tests/unit/errors/validator.spec.js
FN:4,(anonymous_0)
FN:6,(anonymous_1)
FNF:2
FNH:2
FNDA:1,(anonymous_0)
FNDA:1,(anonymous_1)
DA:4,1
DA:5,1
DA:6,1
DA:7,1
DA:8,1
LF:5
LH:5
BRF:0
BRH:0
end_of_record
TN:
SF:/Users/book/Desktop/projects/Andela/BookAMeal/server/tests/unit/factories/index.js
FN:8,(anonymous_0)
FNF:1
FNH:1
FNDA:1,(anonymous_0)
DA:8,1
DA:9,1
DA:16,1
DA:22,1
DA:27,1
DA:32,1
LF:6
LH:6
BRF:0
BRH:0
end_of_record
TN:
SF:/Users/book/Desktop/projects/Andela/BookAMeal/server/tests/unit/kitchens/index.spec.js
FN:12,(anonymous_0)
FN:13,(anonymous_1)
FN:19,(anonymous_2)
FN:24,(anonymous_3)
FN:30,(anonymous_4)
FN:35,(anonymous_5)
FN:40,(anonymous_6)
FN:46,(anonymous_7)
FN:51,(anonymous_8)
FNF:9
FNH:9
FNDA:1,(anonymous_0)
FNDA:1,(anonymous_1)
FNDA:1,(anonymous_2)
FNDA:1,(anonymous_3)
FNDA:1,(anonymous_4)
FNDA:1,(anonymous_5)
FNDA:1,(anonymous_6)
FNDA:1,(anonymous_7)
FNDA:1,(anonymous_8)
DA:5,1
DA:12,1
DA:13,1
DA:14,1
DA:15,1
DA:16,1
DA:17,1
DA:19,1
DA:20,1
DA:21,1
DA:24,1
DA:25,1
DA:26,1
DA:30,1
DA:31,1
DA:32,1
DA:35,1
DA:36,1
DA:37,1
DA:40,1
DA:41,1
DA:42,1
DA:46,1
DA:47,1
DA:48,1
DA:51,1
DA:52,1
DA:53,1
LF:28
LH:28
BRF:0
BRH:0
end_of_record
TN:
SF:/Users/book/Desktop/projects/Andela/BookAMeal/server/tests/unit/kitchens/model.spec.js
FN:4,(anonymous_0)
FN:5,(anonymous_1)
FNF:2
FNH:2
FNDA:1,(anonymous_0)
FNDA:1,(anonymous_1)
DA:4,1
DA:5,1
DA:6,1
DA:7,1
DA:8,1
DA:9,1
LF:6
LH:6
BRF:0
BRH:0
end_of_record
TN:
SF:/Users/book/Desktop/projects/Andela/BookAMeal/server/tests/unit/meals/index.spec.js
FN:13,(anonymous_0)
FN:14,(anonymous_1)
FN:19,(anonymous_2)
FN:26,(anonymous_3)
FN:32,(anonymous_4)
FN:37,(anonymous_5)
FN:42,(anonymous_6)
FNF:7
FNH:7
FNDA:1,(anonymous_0)
FNDA:1,(anonymous_1)
FNDA:1,(anonymous_2)
FNDA:1,(anonymous_3)
FNDA:1,(anonymous_4)
FNDA:1,(anonymous_5)
FNDA:1,(anonymous_6)
DA:11,1
DA:13,1
DA:14,1
DA:15,1
DA:16,1
DA:17,1
DA:19,1
DA:20,1
DA:21,1
DA:22,1
DA:23,1
DA:26,1
DA:27,1
DA:28,1
DA:29,1
DA:32,1
DA:33,1
DA:34,1
DA:37,1
DA:38,1
DA:39,1
DA:42,1
DA:43,1
DA:44,1
DA:45,1
LF:25
LH:25
BRF:0
BRH:0
end_of_record
TN:
SF:/Users/book/Desktop/projects/Andela/BookAMeal/server/tests/unit/menus/index.spec.js
FN:11,(anonymous_0)
FN:12,(anonymous_1)
FN:18,(anonymous_2)
FN:24,(anonymous_3)
FN:29,(anonymous_4)
FN:34,(anonymous_5)
FN:40,(anonymous_6)
FN:48,(anonymous_7)
FN:49,(anonymous_8)
FN:56,(anonymous_9)
FN:62,(anonymous_10)
FN:68,(anonymous_11)
FN:74,(anonymous_12)
FN:79,(anonymous_13)
FNF:14
FNH:14
FNDA:1,(anonymous_0)
FNDA:1,(anonymous_1)
FNDA:1,(anonymous_2)
FNDA:1,(anonymous_3)
FNDA:1,(anonymous_4)
FNDA:1,(anonymous_5)
FNDA:1,(anonymous_6)
FNDA:1,(anonymous_7)
FNDA:1,(anonymous_8)
FNDA:1,(anonymous_9)
FNDA:1,(anonymous_10)
FNDA:1,(anonymous_11)
FNDA:1,(anonymous_12)
FNDA:1,(anonymous_13)
DA:5,1
DA:11,1
DA:12,1
DA:13,1
DA:14,1
DA:15,1
DA:18,1
DA:19,1
DA:20,1
DA:21,1
DA:24,1
DA:25,1
DA:26,1
DA:29,1
DA:30,1
DA:31,1
DA:34,1
DA:35,1
DA:36,1
DA:37,1
DA:40,1
DA:41,1
DA:42,1
DA:43,1
DA:44,1
DA:45,1
DA:48,1
DA:49,1
DA:50,1
DA:51,1
DA:53,1
DA:56,1
DA:57,1
DA:58,1
DA:59,1
DA:62,1
DA:63,1
DA:64,1
DA:65,1
DA:68,1
DA:69,1
DA:70,1
DA:71,1
DA:74,1
DA:75,1
DA:76,1
DA:79,1
DA:80,1
DA:81,1
DA:82,1
LF:50
LH:50
BRF:0
BRH:0
end_of_record
TN:
SF:/Users/book/Desktop/projects/Andela/BookAMeal/server/tests/unit/menus/model.spec.js
FN:4,(anonymous_0)
FN:5,(anonymous_1)
FNF:2
FNH:2
FNDA:1,(anonymous_0)
FNDA:1,(anonymous_1)
DA:4,1
DA:5,1
DA:6,1
DA:7,1
DA:8,1
LF:5
LH:5
BRF:0
BRH:0
end_of_record
TN:
SF:/Users/book/Desktop/projects/Andela/BookAMeal/server/tests/unit/middlewares/base.spec.js
FN:14,(anonymous_0)
FN:15,(anonymous_1)
FN:15,(anonymous_2)
FN:18,(anonymous_3)
FN:19,(anonymous_4)
FN:25,(anonymous_5)
FN:31,(anonymous_6)
FN:37,(anonymous_7)
FN:43,(anonymous_8)
FN:50,(anonymous_9)
FN:51,(anonymous_10)
FN:62,(anonymous_11)
FN:68,(anonymous_12)
FN:74,(anonymous_13)
FN:80,(anonymous_14)
FN:86,(anonymous_15)
FNF:16
FNH:14
FNDA:1,(anonymous_0)
FNDA:0,(anonymous_1)
FNDA:0,(anonymous_2)
FNDA:1,(anonymous_3)
FNDA:1,(anonymous_4)
FNDA:1,(anonymous_5)
FNDA:1,(anonymous_6)
FNDA:1,(anonymous_7)
FNDA:1,(anonymous_8)
FNDA:1,(anonymous_9)
FNDA:1,(anonymous_10)
FNDA:1,(anonymous_11)
FNDA:1,(anonymous_12)
FNDA:1,(anonymous_13)
FNDA:1,(anonymous_14)
FNDA:1,(anonymous_15)
DA:11,1
DA:14,1
DA:15,1
DA:16,1
DA:18,1
DA:19,1
DA:20,1
DA:21,1
DA:22,1
DA:25,1
DA:26,1
DA:27,1
DA:28,1
DA:31,1
DA:32,1
DA:33,1
DA:34,1
DA:37,1
DA:38,1
DA:39,1
DA:40,1
DA:43,1
DA:44,1
DA:45,1
DA:46,1
DA:50,1
DA:51,1
DA:52,1
DA:58,1
DA:59,1
DA:62,1
DA:63,1
DA:64,1
DA:65,1
DA:68,1
DA:69,1
DA:70,1
DA:71,1
DA:74,1
DA:75,1
DA:76,1
DA:77,1
DA:80,1
DA:81,1
DA:82,1
DA:83,1
DA:86,1
DA:87,1
DA:88,1
DA:89,1
LF:50
LH:50
BRF:0
BRH:0
end_of_record
TN:
SF:/Users/book/Desktop/projects/Andela/BookAMeal/server/tests/unit/middlewares/kitchen.spec.js
FN:9,(anonymous_0)
FN:11,(anonymous_1)
FN:17,(anonymous_2)
FNF:3
FNH:3
FNDA:1,(anonymous_0)
FNDA:1,(anonymous_1)
FNDA:1,(anonymous_2)
DA:7,1
DA:9,1
DA:11,1
DA:12,1
DA:13,1
DA:14,1
DA:17,1
DA:18,1
DA:19,1
DA:20,1
LF:10
LH:10
BRF:0
BRH:0
end_of_record
TN:
SF:/Users/book/Desktop/projects/Andela/BookAMeal/server/tests/unit/models/kitchen.spec.js
FN:10,(anonymous_0)
FN:11,(anonymous_1)
FN:15,(anonymous_2)
FN:16,(anonymous_3)
FN:31,(anonymous_4)
FN:40,(anonymous_5)
FN:41,(anonymous_6)
FN:50,(anonymous_7)
FN:61,(anonymous_8)
FN:62,(anonymous_9)
FNF:10
FNH:10
FNDA:1,(anonymous_0)
FNDA:1,(anonymous_1)
FNDA:1,(anonymous_2)
FNDA:1,(anonymous_3)
FNDA:1,(anonymous_4)
FNDA:1,(anonymous_5)
FNDA:1,(anonymous_6)
FNDA:1,(anonymous_7)
FNDA:1,(anonymous_8)
FNDA:1,(anonymous_9)
DA:5,1
DA:10,1
DA:11,1
DA:12,1
DA:15,1
DA:16,1
DA:17,1
DA:19,1
DA:20,1
DA:22,1
DA:23,1
DA:24,1
DA:25,1
DA:27,0
DA:31,1
DA:32,1
DA:33,1
DA:35,1
DA:40,1
DA:41,1
DA:42,1
DA:43,1
DA:44,1
DA:46,0
DA:50,1
DA:51,1
DA:52,1
DA:53,1
DA:55,0
DA:61,1
DA:62,1
DA:63,1
DA:64,1
DA:65,1
LF:34
LH:31
BRF:0
BRH:0
end_of_record
TN:
SF:/Users/book/Desktop/projects/Andela/BookAMeal/server/tests/unit/models/meal.spec.js
FN:10,(anonymous_0)
FN:11,(anonymous_1)
FN:15,(anonymous_2)
FN:16,(anonymous_3)
FN:24,(anonymous_4)
FN:32,(anonymous_5)
FN:33,(anonymous_6)
FN:38,(anonymous_7)
FN:45,(anonymous_8)
FN:46,(anonymous_9)
FN:51,(anonymous_10)
FN:59,(anonymous_11)
FN:60,(anonymous_12)
FN:65,(anonymous_13)
FNF:14
FNH:14
FNDA:1,(anonymous_0)
FNDA:1,(anonymous_1)
FNDA:1,(anonymous_2)
FNDA:1,(anonymous_3)
FNDA:1,(anonymous_4)
FNDA:1,(anonymous_5)
FNDA:1,(anonymous_6)
FNDA:1,(anonymous_7)
FNDA:1,(anonymous_8)
FNDA:1,(anonymous_9)
FNDA:1,(anonymous_10)
FNDA:1,(anonymous_11)
FNDA:1,(anonymous_12)
FNDA:1,(anonymous_13)
DA:4,1
DA:10,1
DA:11,1
DA:12,1
DA:15,1
DA:16,1
DA:17,1
DA:18,1
DA:19,1
DA:20,1
DA:24,1
DA:25,1
DA:26,1
DA:28,1
DA:32,1
DA:33,1
DA:34,1
DA:35,1
DA:38,1
DA:39,1
DA:40,1
DA:41,1
DA:45,1
DA:46,1
DA:47,1
DA:48,1
DA:51,1
DA:52,1
DA:53,1
DA:54,1
DA:55,1
DA:59,1
DA:60,1
DA:61,1
DA:62,1
DA:63,1
DA:65,1
DA:66,1
DA:67,1
DA:68,1
LF:40
LH:40
BRF:0
BRH:0
end_of_record
TN:
SF:/Users/book/Desktop/projects/Andela/BookAMeal/server/tests/unit/models/menu.spec.js
FN:11,(anonymous_0)
FN:12,(anonymous_1)
FN:13,(anonymous_2)
FN:15,(anonymous_3)
FN:27,(anonymous_4)
FN:36,(anonymous_5)
FN:37,(anonymous_6)
FN:42,(anonymous_7)
FN:48,(anonymous_8)
FN:50,(anonymous_9)
FN:56,(anonymous_10)
FN:61,(anonymous_11)
FNF:12
FNH:12
FNDA:1,(anonymous_0)
FNDA:1,(anonymous_1)
FNDA:1,(anonymous_2)
FNDA:1,(anonymous_3)
FNDA:1,(anonymous_4)
FNDA:1,(anonymous_5)
FNDA:1,(anonymous_6)
FNDA:1,(anonymous_7)
FNDA:1,(anonymous_8)
FNDA:1,(anonymous_9)
FNDA:1,(anonymous_10)
FNDA:1,(anonymous_11)
DA:5,1
DA:11,1
DA:12,1
DA:13,1
DA:15,1
DA:16,1
DA:17,1
DA:18,1
DA:19,1
DA:20,1
DA:21,1
DA:23,0
DA:27,1
DA:28,1
DA:29,1
DA:31,1
DA:36,1
DA:37,1
DA:38,1
DA:39,1
DA:42,1
DA:43,1
DA:44,1
DA:45,1
DA:48,1
DA:50,1
DA:51,1
DA:52,1
DA:53,1
DA:56,1
DA:57,1
DA:58,1
DA:61,1
DA:62,1
DA:63,1
DA:64,1
LF:36
LH:35
BRF:0
BRH:0
end_of_record
TN:
SF:/Users/book/Desktop/projects/Andela/BookAMeal/server/tests/unit/models/order.spec.js
FN:13,(anonymous_0)
FN:14,(anonymous_1)
FN:20,(anonymous_2)
FN:21,(anonymous_3)
FN:27,(anonymous_4)
FN:32,(anonymous_5)
FN:33,(anonymous_6)
FN:39,(anonymous_7)
FNF:8
FNH:8
FNDA:1,(anonymous_0)
FNDA:1,(anonymous_1)
FNDA:1,(anonymous_2)
FNDA:1,(anonymous_3)
FNDA:1,(anonymous_4)
FNDA:1,(anonymous_5)
FNDA:1,(anonymous_6)
FNDA:1,(anonymous_7)
DA:8,1
DA:10,1
DA:13,1
DA:14,1
DA:15,1
DA:16,1
DA:17,1
DA:20,1
DA:21,1
DA:22,1
DA:23,1
DA:24,1
DA:27,1
DA:28,1
DA:29,1
DA:32,1
DA:33,1
DA:34,1
DA:35,1
DA:36,1
DA:39,1
DA:40,1
DA:41,1
DA:42,1
DA:43,1
LF:25
LH:25
BRF:0
BRH:0
end_of_record
TN:
SF:/Users/book/Desktop/projects/Andela/BookAMeal/server/tests/unit/models/user.spec.js
FN:12,(anonymous_0)
FN:14,(anonymous_1)
FN:19,(anonymous_2)
FN:21,(anonymous_3)
FN:28,(anonymous_4)
FN:36,(anonymous_5)
FN:37,(anonymous_6)
FN:45,(anonymous_7)
FN:54,(anonymous_8)
FN:65,(anonymous_9)
FN:66,(anonymous_10)
FN:77,(anonymous_11)
FNF:12
FNH:12
FNDA:1,(anonymous_0)
FNDA:1,(anonymous_1)
FNDA:1,(anonymous_2)
FNDA:1,(anonymous_3)
FNDA:1,(anonymous_4)
FNDA:1,(anonymous_5)
FNDA:1,(anonymous_6)
FNDA:1,(anonymous_7)
FNDA:1,(anonymous_8)
FNDA:1,(anonymous_9)
FNDA:1,(anonymous_10)
FNDA:1,(anonymous_11)
DA:5,1
DA:12,1
DA:14,1
DA:16,1
DA:19,1
DA:21,1
DA:22,1
DA:24,1
DA:25,1
DA:28,1
DA:29,1
DA:30,1
DA:32,1
DA:36,1
DA:37,1
DA:38,1
DA:39,1
DA:42,1
DA:45,1
DA:46,1
DA:47,1
DA:48,1
DA:50,1
DA:54,1
DA:55,1
DA:56,1
DA:57,1
DA:59,1
DA:65,1
DA:66,1
DA:69,1
DA:70,1
DA:77,1
DA:78,1
DA:79,1
DA:80,1
LF:36
LH:36
BRF:0
BRH:0
end_of_record
TN:
SF:/Users/book/Desktop/projects/Andela/BookAMeal/server/tests/unit/orders/index.spec.js
FN:15,(anonymous_0)
FN:16,(anonymous_1)
FN:22,(anonymous_2)
FN:27,(anonymous_3)
FN:36,(anonymous_4)
FN:43,(anonymous_5)
FN:44,(anonymous_6)
FN:51,(anonymous_7)
FN:55,(anonymous_8)
FN:65,(anonymous_9)
FN:70,(anonymous_10)
FN:75,(anonymous_11)
FNF:12
FNH:12
FNDA:1,(anonymous_0)
FNDA:1,(anonymous_1)
FNDA:1,(anonymous_2)
FNDA:1,(anonymous_3)
FNDA:1,(anonymous_4)
FNDA:1,(anonymous_5)
FNDA:1,(anonymous_6)
FNDA:1,(anonymous_7)
FNDA:1,(anonymous_8)
FNDA:1,(anonymous_9)
FNDA:1,(anonymous_10)
FNDA:1,(anonymous_11)
DA:13,1
DA:15,1
DA:16,1
DA:17,1
DA:18,1
DA:19,1
DA:22,1
DA:23,1
DA:24,1
DA:27,1
DA:28,1
DA:29,1
DA:30,1
DA:32,1
DA:36,1
DA:37,1
DA:38,1
DA:39,1
DA:40,1
DA:43,1
DA:44,1
DA:45,1
DA:46,1
DA:47,1
DA:48,1
DA:51,1
DA:52,1
DA:53,1
DA:55,1
DA:56,1
DA:58,1
DA:59,1
DA:61,0
DA:65,1
DA:66,1
DA:67,1
DA:70,1
DA:71,1
DA:72,1
DA:75,1
DA:76,1
DA:77,1
DA:78,1
DA:79,1
DA:80,1
DA:82,1
DA:83,1
LF:47
LH:46
BRF:0
BRH:0
end_of_record
TN:
SF:/Users/book/Desktop/projects/Andela/BookAMeal/server/tests/unit/orders/model.spec.js
FN:5,(anonymous_0)
FN:6,(anonymous_1)
FN:11,(anonymous_2)
FNF:3
FNH:3
FNDA:1,(anonymous_0)
FNDA:1,(anonymous_1)
FNDA:1,(anonymous_2)
DA:5,1
DA:6,1
DA:7,1
DA:8,1
DA:11,1
DA:12,1
DA:13,1
DA:14,1
DA:15,1
DA:16,1
DA:17,1
LF:11
LH:11
BRF:0
BRH:0
end_of_record
TN:
SF:/Users/book/Desktop/projects/Andela/BookAMeal/server/tests/unit/users/index.spec.js
FN:9,(anonymous_0)
FN:10,(anonymous_1)
FN:16,(anonymous_2)
FN:22,(anonymous_3)
FN:32,(anonymous_4)
FN:40,(anonymous_5)
FN:41,(anonymous_6)
FN:46,(anonymous_7)
FN:58,(anonymous_8)
FNF:9
FNH:9
FNDA:1,(anonymous_0)
FNDA:1,(anonymous_1)
FNDA:1,(anonymous_2)
FNDA:1,(anonymous_3)
FNDA:1,(anonymous_4)
FNDA:1,(anonymous_5)
FNDA:1,(anonymous_6)
FNDA:1,(anonymous_7)
FNDA:1,(anonymous_8)
DA:9,1
DA:10,1
DA:11,1
DA:12,1
DA:13,1
DA:16,1
DA:17,1
DA:18,1
DA:19,1
DA:22,1
DA:23,1
DA:24,1
DA:25,1
DA:26,1
DA:28,0
DA:32,1
DA:33,1
DA:34,1
DA:36,0
DA:40,1
DA:41,1
DA:42,1
DA:43,1
DA:46,1
DA:47,1
DA:48,1
DA:49,1
DA:50,1
DA:51,1
DA:53,1
DA:54,1
DA:58,1
DA:59,1
DA:60,1
DA:61,1
DA:62,1
DA:64,1
DA:65,1
LF:38
LH:36
BRF:0
BRH:0
end_of_record
TN:
SF:/Users/book/Desktop/projects/Andela/BookAMeal/server/tests/unit/users/model.spec.js
FN:4,(anonymous_0)
FN:5,(anonymous_1)
FNF:2
FNH:2
FNDA:1,(anonymous_0)
FNDA:1,(anonymous_1)
DA:4,1
DA:5,1
DA:6,1
DA:7,1
DA:8,1
DA:9,1
LF:6
LH:6
BRF:0
BRH:0
end_of_record
